Starting DroneDriver
ToggleCam 0
vel_x, Err, 30.000000, P, 0.030000, I, 0.000000, D, 0.000000, PID, 0.030000
vel_y, Err, -100.000000, P, -0.125000, I, 0.000000, D, 0.000000, PID, -0.125000
vel_x, Err, 23.000000, P, 0.023000, I, 0.000000, D, -0.007000, PID, 0.016000
vel_y, Err, -100.000000, P, -0.125000, I, 0.000000, D, 0.000000, PID, -0.125000
vel_x, Err, 16.000000, P, 0.016000, I, 0.000000, D, -0.007000, PID, 0.009000
vel_y, Err, -99.000000, P, -0.123750, I, 0.000000, D, 0.001250, PID, -0.122500
vel_x, Err, 2.000000, P, 0.002000, I, 0.000000, D, -0.014000, PID, -0.012000
vel_y, Err, -93.000000, P, -0.116250, I, 0.000000, D, 0.007500, PID, -0.108750
vel_x, Err, -5.000000, P, -0.005000, I, 0.000000, D, -0.007000, PID, -0.012000
vel_y, Err, -90.000000, P, -0.112500, I, 0.000000, D, 0.003750, PID, -0.108750
vel_x, Err, -15.000000, P, -0.015000, I, 0.000000, D, -0.010000, PID, -0.025000
vel_y, Err, -84.000000, P, -0.105000, I, 0.000000, D, 0.007500, PID, -0.097500
vel_x, Err, -21.000000, P, -0.021000, I, 0.000000, D, -0.006000, PID, -0.027000
vel_y, Err, -82.000000, P, -0.102500, I, 0.000000, D, 0.002500, PID, -0.100000
vel_x, Err, -21.000000, P, -0.021000, I, 0.000000, D, 0.000000, PID, -0.021000
vel_y, Err, -82.000000, P, -0.102500, I, 0.000000, D, 0.000000, PID, -0.102500
vel_x, Err, -21.000000, P, -0.021000, I, 0.000000, D, 0.000000, PID, -0.021000
vel_y, Err, -82.000000, P, -0.102500, I, 0.000000, D, 0.000000, PID, -0.102500
vel_x, Err, 49.000000, P, 0.049000, I, 0.000000, D, 0.000000, PID, 0.049000
vel_y, Err, 69.000000, P, 0.086250, I, 0.000000, D, 0.000000, PID, 0.086250
vel_x, Err, 42.000000, P, 0.042000, I, 0.000000, D, -0.007000, PID, 0.035000
vel_y, Err, 68.000000, P, 0.085000, I, 0.000000, D, -0.001250, PID, 0.083750
vel_x, Err, 32.000000, P, 0.032000, I, 0.000000, D, -0.010000, PID, 0.022000
vel_y, Err, 65.000000, P, 0.081250, I, 0.000000, D, -0.003750, PID, 0.077500
vel_x, Err, 29.000000, P, 0.029000, I, 0.000000, D, -0.003000, PID, 0.026000
vel_y, Err, 65.000000, P, 0.081250, I, 0.000000, D, 0.000000, PID, 0.081250
vel_x, Err, 29.000000, P, 0.029000, I, 0.000000, D, 0.000000, PID, 0.029000
vel_y, Err, 69.000000, P, 0.086250, I, 0.000000, D, 0.005000, PID, 0.091250
vel_x, Err, 22.000000, P, 0.022000, I, 0.000000, D, -0.007000, PID, 0.015000
vel_y, Err, 73.000000, P, 0.091250, I, 0.000000, D, 0.005000, PID, 0.096250
vel_x, Err, 17.000000, P, 0.017000, I, 0.000000, D, -0.005000, PID, 0.012000
vel_y, Err, 71.000000, P, 0.088750, I, 0.000000, D, -0.002500, PID, 0.086250
vel_x, Err, 6.000000, P, 0.006000, I, 0.000000, D, -0.011000, PID, -0.005000
vel_y, Err, 68.000000, P, 0.085000, I, 0.000000, D, -0.003750, PID, 0.081250
vel_x, Err, 0.000000, P, 0.000000, I, 0.000000, D, -0.006000, PID, -0.006000
vel_y, Err, 64.000000, P, 0.080000, I, 0.000000, D, -0.005000, PID, 0.075000
vel_x, Err, -9.000000, P, -0.009000, I, 0.000000, D, -0.009000, PID, -0.018000
vel_y, Err, 60.000000, P, 0.075000, I, 0.000000, D, -0.005000, PID, 0.070000
vel_x, Err, -23.000000, P, -0.023000, I, 0.000000, D, -0.014000, PID, -0.037000
vel_y, Err, 55.000000, P, 0.068750, I, 0.000000, D, -0.006250, PID, 0.062500
vel_x, Err, -37.000000, P, -0.037000, I, 0.000000, D, -0.014000, PID, -0.051000
vel_y, Err, 48.000000, P, 0.060000, I, 0.000000, D, -0.008750, PID, 0.051250
vel_x, Err, -43.000000, P, -0.043000, I, 0.000000, D, -0.006000, PID, -0.049000
vel_y, Err, 43.000000, P, 0.053750, I, 0.000000, D, -0.006250, PID, 0.047500
vel_x, Err, -48.000000, P, -0.048000, I, 0.000000, D, -0.005000, PID, -0.053000
vel_y, Err, 39.000000, P, 0.048750, I, 0.000000, D, -0.005000, PID, 0.043750
vel_x, Err, -58.000000, P, -0.058000, I, 0.000000, D, -0.010000, PID, -0.068000
vel_y, Err, 24.000000, P, 0.030000, I, 0.000000, D, -0.018750, PID, 0.011250
vel_x, Err, -58.000000, P, -0.058000, I, 0.000000, D, 0.000000, PID, -0.058000
vel_y, Err, 24.000000, P, 0.030000, I, 0.000000, D, 0.000000, PID, 0.030000
vel_x, Err, -58.000000, P, -0.058000, I, 0.000000, D, 0.000000, PID, -0.058000
vel_y, Err, 24.000000, P, 0.030000, I, 0.000000, D, 0.000000, PID, 0.030000
vel_x, Err, -58.000000, P, -0.058000, I, 0.000000, D, 0.000000, PID, -0.058000
vel_y, Err, 6.000000, P, 0.007500, I, 0.000000, D, 0.000000, PID, 0.007500
vel_x, Err, -57.000000, P, -0.057000, I, 0.000000, D, 0.001000, PID, -0.056000
vel_y, Err, 1.000000, P, 0.001250, I, 0.000000, D, -0.006250, PID, -0.005000
vel_x, Err, -53.000000, P, -0.053000, I, 0.000000, D, 0.004000, PID, -0.049000
vel_y, Err, -8.000000, P, -0.010000, I, 0.000000, D, -0.011250, PID, -0.021250
vel_x, Err, -51.000000, P, -0.051000, I, 0.000000, D, 0.002000, PID, -0.049000
vel_y, Err, -18.000000, P, -0.022500, I, 0.000000, D, -0.012500, PID, -0.035000
vel_x, Err, -53.000000, P, -0.053000, I, 0.000000, D, -0.002000, PID, -0.055000
vel_y, Err, -22.000000, P, -0.027500, I, 0.000000, D, -0.005000, PID, -0.032500
vel_x, Err, -55.000000, P, -0.055000, I, 0.000000, D, -0.002000, PID, -0.057000
vel_y, Err, -29.000000, P, -0.036250, I, 0.000000, D, -0.008750, PID, -0.045000
vel_x, Err, -54.000000, P, -0.054000, I, 0.000000, D, 0.001000, PID, -0.053000
vel_y, Err, -34.000000, P, -0.042500, I, 0.000000, D, -0.006250, PID, -0.048750
vel_x, Err, -48.000000, P, -0.048000, I, 0.000000, D, 0.006000, PID, -0.042000
vel_y, Err, -40.000000, P, -0.050000, I, 0.000000, D, -0.007500, PID, -0.057500
vel_x, Err, -42.000000, P, -0.042000, I, 0.000000, D, 0.006000, PID, -0.036000
vel_y, Err, -45.000000, P, -0.056250, I, 0.000000, D, -0.006250, PID, -0.062500
vel_x, Err, -37.000000, P, -0.037000, I, 0.000000, D, 0.005000, PID, -0.032000
vel_y, Err, -49.000000, P, -0.061250, I, 0.000000, D, -0.005000, PID, -0.066250
vel_x, Err, -27.000000, P, -0.027000, I, 0.000000, D, 0.010000, PID, -0.017000
vel_y, Err, -62.000000, P, -0.077500, I, 0.000000, D, -0.016250, PID, -0.093750
vel_x, Err, -21.000000, P, -0.021000, I, 0.000000, D, 0.006000, PID, -0.015000
vel_y, Err, -68.000000, P, -0.085000, I, 0.000000, D, -0.007500, PID, -0.092500
vel_x, Err, -21.000000, P, -0.021000, I, 0.000000, D, 0.000000, PID, -0.021000
vel_y, Err, -68.000000, P, -0.085000, I, 0.000000, D, 0.000000, PID, -0.085000
vel_x, Err, -21.000000, P, -0.021000, I, 0.000000, D, 0.000000, PID, -0.021000
vel_y, Err, -68.000000, P, -0.085000, I, 0.000000, D, 0.000000, PID, -0.085000
vel_x, Err, -59.000000, P, -0.059000, I, 0.000000, D, 0.000000, PID, -0.059000
vel_y, Err, 50.000000, P, 0.062500, I, 0.000000, D, 0.000000, PID, 0.062500
vel_x, Err, -43.000000, P, -0.043000, I, 0.000000, D, 0.016000, PID, -0.027000
vel_y, Err, 49.000000, P, 0.061250, I, 0.000000, D, -0.001250, PID, 0.060000
vel_x, Err, -31.000000, P, -0.031000, I, 0.000000, D, 0.012000, PID, -0.019000
vel_y, Err, 48.000000, P, 0.060000, I, 0.000000, D, -0.001250, PID, 0.058750
vel_x, Err, -16.000000, P, -0.016000, I, 0.000000, D, 0.015000, PID, -0.001000
vel_y, Err, 45.000000, P, 0.056250, I, 0.000000, D, -0.003750, PID, 0.052500
vel_x, Err, 3.000000, P, 0.000000, I, 0.000000, D, 0.000000, PID, 0.000000
vel_y, Err, 36.000000, P, 0.045000, I, 0.000000, D, -0.011250, PID, 0.033750
vel_x, Err, 1.000000, P, 0.000000, I, 0.000000, D, 0.000000, PID, 0.000000
vel_y, Err, 28.000000, P, 0.035000, I, 0.000000, D, -0.010000, PID, 0.025000
vel_x, Err, -4.000000, P, 0.000000, I, 0.000000, D, 0.000000, PID, 0.000000
vel_y, Err, 24.000000, P, 0.030000, I, 0.000000, D, -0.005000, PID, 0.025000
vel_x, Err, -7.000000, P, -0.007000, I, 0.000000, D, 0.009000, PID, 0.002000
vel_y, Err, 22.000000, P, 0.027500, I, 0.000000, D, -0.002500, PID, 0.025000
vel_x, Err, -12.000000, P, -0.012000, I, 0.000000, D, -0.005000, PID, -0.017000
vel_y, Err, 19.000000, P, 0.023750, I, 0.000000, D, -0.003750, PID, 0.020000
vel_x, Err, -15.000000, P, -0.015000, I, 0.000000, D, -0.003000, PID, -0.018000
vel_y, Err, 19.000000, P, 0.023750, I, 0.000000, D, 0.000000, PID, 0.023750
vel_x, Err, -17.000000, P, -0.017000, I, 0.000000, D, -0.002000, PID, -0.019000
vel_y, Err, 4.000000, P, 0.005000, I, 0.000000, D, -0.018750, PID, -0.013750
vel_x, Err, -16.000000, P, -0.016000, I, 0.000000, D, 0.001000, PID, -0.015000
vel_y, Err, -1.000000, P, -0.001250, I, 0.000000, D, -0.006250, PID, -0.007500
vel_x, Err, -1.000000, P, 0.000000, I, 0.000000, D, 0.000000, PID, 0.000000
vel_y, Err, -3.000000, P, 0.000000, I, 0.000000, D, 0.000000, PID, 0.000000
vel_x, Err, 4.000000, P, 0.000000, I, 0.000000, D, 0.000000, PID, 0.000000
vel_y, Err, 5.000000, P, 0.006250, I, 0.000000, D, 0.007500, PID, 0.013750
vel_x, Err, 5.000000, P, 0.005000, I, 0.000000, D, 0.021000, PID, 0.026000
vel_y, Err, 8.000000, P, 0.010000, I, 0.000000, D, 0.003750, PID, 0.013750
vel_x, Err, 4.000000, P, 0.004000, I, 0.000000, D, -0.001000, PID, 0.003000
vel_y, Err, 8.000000, P, 0.010000, I, 0.000000, D, 0.000000, PID, 0.010000
vel_x, Err, 3.000000, P, 0.003000, I, 0.000000, D, -0.001000, PID, 0.002000
vel_y, Err, 9.000000, P, 0.011250, I, 0.000000, D, 0.001250, PID, 0.012500
vel_x, Err, 4.000000, P, 0.004000, I, 0.000000, D, 0.001000, PID, 0.005000
vel_y, Err, 8.000000, P, 0.010000, I, 0.000000, D, -0.001250, PID, 0.008750
vel_x, Err, 4.000000, P, 0.004000, I, 0.000000, D, 0.000000, PID, 0.004000
vel_y, Err, 7.000000, P, 0.008750, I, 0.000000, D, -0.001250, PID, 0.007500
vel_x, Err, 3.000000, P, 0.003000, I, 0.000000, D, -0.001000, PID, 0.002000
vel_y, Err, 7.000000, P, 0.008750, I, 0.000000, D, 0.000000, PID, 0.008750
vel_x, Err, 4.000000, P, 0.004000, I, 0.000000, D, 0.001000, PID, 0.005000
vel_y, Err, 7.000000, P, 0.008750, I, 0.000000, D, 0.000000, PID, 0.008750
vel_x, Err, 5.000000, P, 0.005000, I, 0.000000, D, 0.001000, PID, 0.006000
vel_y, Err, 7.000000, P, 0.008750, I, 0.000000, D, 0.000000, PID, 0.008750
vel_x, Err, 6.000000, P, 0.006000, I, 0.000000, D, 0.001000, PID, 0.007000
vel_y, Err, 8.000000, P, 0.010000, I, 0.000000, D, 0.001250, PID, 0.011250
vel_x, Err, 7.000000, P, 0.007000, I, 0.000000, D, 0.001000, PID, 0.008000
vel_y, Err, 7.000000, P, 0.008750, I, 0.000000, D, -0.001250, PID, 0.007500
vel_x, Err, 8.000000, P, 0.008000, I, 0.000000, D, 0.001000, PID, 0.009000
vel_y, Err, 7.000000, P, 0.008750, I, 0.000000, D, 0.000000, PID, 0.008750
vel_x, Err, 9.000000, P, 0.009000, I, 0.000000, D, 0.001000, PID, 0.010000
vel_y, Err, 7.000000, P, 0.008750, I, 0.000000, D, 0.000000, PID, 0.008750
vel_x, Err, 10.000000, P, 0.010000, I, 0.000000, D, 0.001000, PID, 0.011000
vel_y, Err, 6.000000, P, 0.007500, I, 0.000000, D, -0.001250, PID, 0.006250
vel_x, Err, 9.000000, P, 0.009000, I, 0.000000, D, -0.001000, PID, 0.008000
vel_y, Err, 6.000000, P, 0.007500, I, 0.000000, D, 0.000000, PID, 0.007500
vel_x, Err, 8.000000, P, 0.008000, I, 0.000000, D, -0.001000, PID, 0.007000
vel_y, Err, 5.000000, P, 0.006250, I, 0.000000, D, -0.001250, PID, 0.005000
vel_x, Err, 9.000000, P, 0.009000, I, 0.000000, D, 0.001000, PID, 0.010000
vel_y, Err, 3.000000, P, 0.003750, I, 0.000000, D, -0.002500, PID, 0.001250
vel_x, Err, 10.000000, P, 0.010000, I, 0.000000, D, 0.001000, PID, 0.011000
vel_y, Err, 3.000000, P, 0.003750, I, 0.000000, D, 0.000000, PID, 0.003750
vel_x, Err, 13.000000, P, 0.013000, I, 0.000000, D, 0.003000, PID, 0.016000
vel_y, Err, 3.000000, P, 0.003750, I, 0.000000, D, 0.000000, PID, 0.003750
vel_x, Err, 15.000000, P, 0.015000, I, 0.000000, D, 0.002000, PID, 0.017000
vel_y, Err, 1.000000, P, 0.001250, I, 0.000000, D, -0.002500, PID, -0.001250
vel_x, Err, 15.000000, P, 0.015000, I, 0.000000, D, 0.000000, PID, 0.015000
vel_y, Err, 1.000000, P, 0.001250, I, 0.000000, D, 0.000000, PID, 0.001250
vel_x, Err, 11.000000, P, 0.011000, I, 0.000000, D, -0.004000, PID, 0.007000
vel_y, Err, -6.000000, P, -0.007500, I, 0.000000, D, -0.008750, PID, -0.016250
vel_x, Err, 10.000000, P, 0.010000, I, 0.000000, D, -0.001000, PID, 0.009000
vel_y, Err, -9.000000, P, -0.011250, I, 0.000000, D, -0.003750, PID, -0.015000
vel_x, Err, 9.000000, P, 0.009000, I, 0.000000, D, -0.001000, PID, 0.008000
vel_y, Err, -9.000000, P, -0.011250, I, 0.000000, D, 0.000000, PID, -0.011250
vel_x, Err, 5.000000, P, 0.005000, I, 0.000000, D, -0.004000, PID, 0.001000
vel_y, Err, -10.000000, P, -0.012500, I, 0.000000, D, -0.001250, PID, -0.013750
vel_x, Err, 4.000000, P, 0.004000, I, 0.000000, D, -0.001000, PID, 0.003000
vel_y, Err, -9.000000, P, -0.011250, I, 0.000000, D, 0.001250, PID, -0.010000
vel_x, Err, 3.000000, P, 0.003000, I, 0.000000, D, -0.001000, PID, 0.002000
vel_y, Err, -9.000000, P, -0.011250, I, 0.000000, D, 0.000000, PID, -0.011250
vel_x, Err, -2.000000, P, -0.002000, I, 0.000000, D, -0.005000, PID, -0.007000
vel_y, Err, -8.000000, P, -0.010000, I, 0.000000, D, 0.001250, PID, -0.008750
vel_x, Err, -10.000000, P, -0.010000, I, 0.000000, D, -0.008000, PID, -0.018000
vel_y, Err, -9.000000, P, -0.011250, I, 0.000000, D, -0.001250, PID, -0.012500
vel_x, Err, -12.000000, P, -0.012000, I, 0.000000, D, -0.002000, PID, -0.014000
vel_y, Err, -9.000000, P, -0.011250, I, 0.000000, D, 0.000000, PID, -0.011250
vel_x, Err, -19.000000, P, -0.019000, I, 0.000000, D, -0.007000, PID, -0.026000
vel_y, Err, -9.000000, P, -0.011250, I, 0.000000, D, 0.000000, PID, -0.011250
vel_x, Err, -21.000000, P, -0.021000, I, 0.000000, D, -0.002000, PID, -0.023000
vel_y, Err, -9.000000, P, -0.011250, I, 0.000000, D, 0.000000, PID, -0.011250
vel_x, Err, -28.000000, P, -0.028000, I, 0.000000, D, -0.007000, PID, -0.035000
vel_y, Err, -9.000000, P, -0.011250, I, 0.000000, D, 0.000000, PID, -0.011250
vel_x, Err, -33.000000, P, -0.033000, I, 0.000000, D, -0.005000, PID, -0.038000
vel_y, Err, -9.000000, P, -0.011250, I, 0.000000, D, 0.000000, PID, -0.011250
vel_x, Err, -36.000000, P, -0.036000, I, 0.000000, D, -0.003000, PID, -0.039000
vel_y, Err, -9.000000, P, -0.011250, I, 0.000000, D, 0.000000, PID, -0.011250
vel_x, Err, -40.000000, P, -0.040000, I, 0.000000, D, -0.004000, PID, -0.044000
vel_y, Err, -9.000000, P, -0.011250, I, 0.000000, D, 0.000000, PID, -0.011250
vel_x, Err, -42.000000, P, -0.042000, I, 0.000000, D, -0.002000, PID, -0.044000
vel_y, Err, -8.000000, P, -0.010000, I, 0.000000, D, 0.001250, PID, -0.008750
vel_x, Err, -44.000000, P, -0.044000, I, 0.000000, D, -0.002000, PID, -0.046000
vel_y, Err, -8.000000, P, -0.010000, I, 0.000000, D, 0.000000, PID, -0.010000
vel_x, Err, -46.000000, P, -0.046000, I, 0.000000, D, -0.002000, PID, -0.048000
vel_y, Err, -8.000000, P, -0.010000, I, 0.000000, D, 0.000000, PID, -0.010000
vel_x, Err, -55.000000, P, -0.055000, I, 0.000000, D, -0.009000, PID, -0.064000
vel_y, Err, -8.000000, P, -0.010000, I, 0.000000, D, 0.000000, PID, -0.010000
vel_x, Err, -60.000000, P, -0.060000, I, 0.000000, D, -0.005000, PID, -0.065000
vel_y, Err, -6.000000, P, -0.007500, I, 0.000000, D, 0.002500, PID, -0.005000
vel_x, Err, -60.000000, P, -0.060000, I, 0.000000, D, 0.000000, PID, -0.060000
vel_y, Err, -4.000000, P, 0.000000, I, 0.000000, D, 0.000000, PID, 0.000000
vel_x, Err, -60.000000, P, -0.060000, I, 0.000000, D, 0.000000, PID, -0.060000
vel_y, Err, -4.000000, P, 0.000000, I, 0.000000, D, 0.000000, PID, 0.000000
vel_x, Err, -60.000000, P, -0.060000, I, 0.000000, D, 0.000000, PID, -0.060000
vel_y, Err, -4.000000, P, 0.000000, I, 0.000000, D, 0.000000, PID, 0.000000
vel_x, Err, -53.000000, P, -0.053000, I, 0.000000, D, 0.000000, PID, -0.053000
vel_y, Err, 4.000000, P, 0.000000, I, 0.000000, D, 0.000000, PID, 0.000000
vel_x, Err, -47.000000, P, -0.047000, I, 0.000000, D, 0.006000, PID, -0.041000
vel_y, Err, 8.000000, P, 0.010000, I, 0.000000, D, 0.010000, PID, 0.020000
vel_x, Err, -41.000000, P, -0.041000, I, 0.000000, D, 0.006000, PID, -0.035000
vel_y, Err, 13.000000, P, 0.016250, I, 0.000000, D, 0.006250, PID, 0.022500
vel_x, Err, -33.000000, P, -0.033000, I, 0.000000, D, 0.008000, PID, -0.025000
vel_y, Err, 19.000000, P, 0.023750, I, 0.000000, D, 0.007500, PID, 0.031250
vel_x, Err, -25.000000, P, -0.025000, I, 0.000000, D, 0.008000, PID, -0.017000
vel_y, Err, 27.000000, P, 0.033750, I, 0.000000, D, 0.010000, PID, 0.043750
vel_x, Err, -19.000000, P, -0.019000, I, 0.000000, D, 0.006000, PID, -0.013000
vel_y, Err, 36.000000, P, 0.045000, I, 0.000000, D, 0.011250, PID, 0.056250
vel_x, Err, -16.000000, P, -0.016000, I, 0.000000, D, 0.003000, PID, -0.013000
vel_y, Err, 40.000000, P, 0.050000, I, 0.000000, D, 0.005000, PID, 0.055000
vel_x, Err, -9.000000, P, -0.009000, I, 0.000000, D, 0.007000, PID, -0.002000
vel_y, Err, 53.000000, P, 0.066250, I, 0.000000, D, 0.016250, PID, 0.082500
vel_x, Err, -6.000000, P, -0.006000, I, 0.000000, D, 0.003000, PID, -0.003000
vel_y, Err, 59.000000, P, 0.073750, I, 0.000000, D, 0.007500, PID, 0.081250
vel_x, Err, 3.000000, P, 0.000000, I, 0.000000, D, 0.000000, PID, 0.000000
vel_y, Err, 76.000000, P, 0.095000, I, 0.000000, D, 0.021250, PID, 0.116250
vel_x, Err, 3.000000, P, 0.000000, I, 0.000000, D, 0.000000, PID, 0.000000
vel_y, Err, 76.000000, P, 0.095000, I, 0.000000, D, 0.000000, PID, 0.095000
vel_x, Err, 3.000000, P, 0.000000, I, 0.000000, D, 0.000000, PID, 0.000000
vel_y, Err, 76.000000, P, 0.095000, I, 0.000000, D, 0.000000, PID, 0.095000
vel_x, Err, 3.000000, P, 0.000000, I, 0.000000, D, 0.000000, PID, 0.000000
vel_y, Err, 74.000000, P, 0.092500, I, 0.000000, D, 0.000000, PID, 0.092500
vel_x, Err, -3.000000, P, 0.000000, I, 0.000000, D, 0.000000, PID, 0.000000
vel_y, Err, 70.000000, P, 0.087500, I, 0.000000, D, -0.005000, PID, 0.082500
vel_x, Err, -12.000000, P, -0.012000, I, 0.000000, D, -0.012000, PID, -0.024000
vel_y, Err, 66.000000, P, 0.082500, I, 0.000000, D, -0.005000, PID, 0.077500
vel_x, Err, -14.000000, P, -0.014000, I, 0.000000, D, -0.002000, PID, -0.016000
vel_y, Err, 64.000000, P, 0.080000, I, 0.000000, D, -0.002500, PID, 0.077500
vel_x, Err, -16.000000, P, -0.016000, I, 0.000000, D, -0.002000, PID, -0.018000
vel_y, Err, 63.000000, P, 0.078750, I, 0.000000, D, -0.001250, PID, 0.077500
vel_x, Err, -18.000000, P, -0.018000, I, 0.000000, D, -0.002000, PID, -0.020000
vel_y, Err, 62.000000, P, 0.077500, I, 0.000000, D, -0.001250, PID, 0.076250
vel_x, Err, -22.000000, P, -0.022000, I, 0.000000, D, -0.004000, PID, -0.026000
vel_y, Err, 65.000000, P, 0.081250, I, 0.000000, D, 0.003750, PID, 0.085000
vel_x, Err, -23.000000, P, -0.023000, I, 0.000000, D, -0.001000, PID, -0.024000
vel_y, Err, 69.000000, P, 0.086250, I, 0.000000, D, 0.005000, PID, 0.091250
vel_x, Err, -23.000000, P, -0.023000, I, 0.000000, D, 0.000000, PID, -0.023000
vel_y, Err, 69.000000, P, 0.086250, I, 0.000000, D, 0.000000, PID, 0.086250
vel_x, Err, -23.000000, P, -0.023000, I, 0.000000, D, 0.000000, PID, -0.023000
vel_y, Err, 69.000000, P, 0.086250, I, 0.000000, D, 0.000000, PID, 0.086250
vel_x, Err, -39.000000, P, -0.039000, I, 0.000000, D, 0.000000, PID, -0.039000
vel_y, Err, 73.000000, P, 0.091250, I, 0.000000, D, 0.000000, PID, 0.091250
vel_x, Err, -42.000000, P, -0.042000, I, 0.000000, D, -0.003000, PID, -0.045000
vel_y, Err, 68.000000, P, 0.085000, I, 0.000000, D, -0.006250, PID, 0.078750
vel_x, Err, -49.000000, P, -0.049000, I, 0.000000, D, -0.007000, PID, -0.056000
vel_y, Err, 48.000000, P, 0.060000, I, 0.000000, D, -0.025000, PID, 0.035000
vel_x, Err, -53.000000, P, -0.053000, I, 0.000000, D, -0.004000, PID, -0.057000
vel_y, Err, 37.000000, P, 0.046250, I, 0.000000, D, -0.013750, PID, 0.032500
vel_x, Err, -53.000000, P, -0.053000, I, 0.000000, D, 0.000000, PID, -0.053000
vel_y, Err, 37.000000, P, 0.046250, I, 0.000000, D, 0.000000, PID, 0.046250
vel_x, Err, -53.000000, P, -0.053000, I, 0.000000, D, 0.000000, PID, -0.053000
vel_y, Err, 37.000000, P, 0.046250, I, 0.000000, D, 0.000000, PID, 0.046250
vel_x, Err, 49.000000, P, 0.049000, I, 0.000000, D, 0.000000, PID, 0.049000
vel_y, Err, -59.000000, P, -0.073750, I, 0.000000, D, 0.000000, PID, -0.073750
vel_x, Err, 44.000000, P, 0.044000, I, 0.000000, D, -0.005000, PID, 0.039000
vel_y, Err, -67.000000, P, -0.083750, I, 0.000000, D, -0.010000, PID, -0.093750
vel_x, Err, 44.000000, P, 0.044000, I, 0.000000, D, 0.000000, PID, 0.044000
vel_y, Err, -67.000000, P, -0.083750, I, 0.000000, D, 0.000000, PID, -0.083750
vel_x, Err, 44.000000, P, 0.044000, I, 0.000000, D, 0.000000, PID, 0.044000
vel_y, Err, -67.000000, P, -0.083750, I, 0.000000, D, 0.000000, PID, -0.083750
vel_x, Err, 51.000000, P, 0.051000, I, 0.000000, D, 0.000000, PID, 0.051000
vel_y, Err, -35.000000, P, -0.043750, I, 0.000000, D, 0.000000, PID, -0.043750
vel_x, Err, 51.000000, P, 0.051000, I, 0.000000, D, 0.000000, PID, 0.051000
vel_y, Err, -35.000000, P, -0.043750, I, 0.000000, D, 0.000000, PID, -0.043750
vel_x, Err, 53.000000, P, 0.053000, I, 0.000000, D, 0.002000, PID, 0.055000
vel_y, Err, -23.000000, P, -0.028750, I, 0.000000, D, 0.015000, PID, -0.013750
vel_x, Err, 50.000000, P, 0.050000, I, 0.000000, D, -0.003000, PID, 0.047000
vel_y, Err, -20.000000, P, -0.025000, I, 0.000000, D, 0.003750, PID, -0.021250
vel_x, Err, 48.000000, P, 0.048000, I, 0.000000, D, -0.002000, PID, 0.046000
vel_y, Err, -15.000000, P, -0.018750, I, 0.000000, D, 0.006250, PID, -0.012500
vel_x, Err, 50.000000, P, 0.050000, I, 0.000000, D, 0.002000, PID, 0.052000
vel_y, Err, -13.000000, P, -0.016250, I, 0.000000, D, 0.002500, PID, -0.013750
vel_x, Err, 53.000000, P, 0.053000, I, 0.000000, D, 0.003000, PID, 0.056000
vel_y, Err, -2.000000, P, 0.000000, I, 0.000000, D, 0.000000, PID, 0.000000
vel_x, Err, 54.000000, P, 0.054000, I, 0.000000, D, 0.001000, PID, 0.055000
vel_y, Err, 3.000000, P, 0.000000, I, 0.000000, D, 0.000000, PID, 0.000000
vel_x, Err, 50.000000, P, 0.050000, I, 0.000000, D, -0.004000, PID, 0.046000
vel_y, Err, 14.000000, P, 0.017500, I, 0.000000, D, 0.033750, PID, 0.051250
vel_x, Err, 46.000000, P, 0.046000, I, 0.000000, D, -0.004000, PID, 0.042000
vel_y, Err, 21.000000, P, 0.026250, I, 0.000000, D, 0.008750, PID, 0.035000
vel_x, Err, 38.000000, P, 0.038000, I, 0.000000, D, -0.008000, PID, 0.030000
vel_y, Err, 33.000000, P, 0.041250, I, 0.000000, D, 0.015000, PID, 0.056250
vel_x, Err, 34.000000, P, 0.034000, I, 0.000000, D, -0.004000, PID, 0.030000
vel_y, Err, 37.000000, P, 0.046250, I, 0.000000, D, 0.005000, PID, 0.051250
vel_x, Err, 24.000000, P, 0.024000, I, 0.000000, D, -0.010000, PID, 0.014000
vel_y, Err, 42.000000, P, 0.052500, I, 0.000000, D, 0.006250, PID, 0.058750
vel_x, Err, 17.000000, P, 0.017000, I, 0.000000, D, -0.007000, PID, 0.010000
vel_y, Err, 43.000000, P, 0.053750, I, 0.000000, D, 0.001250, PID, 0.055000
vel_x, Err, 6.000000, P, 0.006000, I, 0.000000, D, -0.011000, PID, -0.005000
vel_y, Err, 46.000000, P, 0.057500, I, 0.000000, D, 0.003750, PID, 0.061250
vel_x, Err, -1.000000, P, -0.001000, I, 0.000000, D, -0.007000, PID, -0.008000
vel_y, Err, 48.000000, P, 0.060000, I, 0.000000, D, 0.002500, PID, 0.062500
vel_x, Err, -22.000000, P, -0.022000, I, 0.000000, D, -0.021000, PID, -0.043000
vel_y, Err, 55.000000, P, 0.068750, I, 0.000000, D, 0.008750, PID, 0.077500
vel_x, Err, -31.000000, P, -0.031000, I, 0.000000, D, -0.009000, PID, -0.040000
vel_y, Err, 58.000000, P, 0.072500, I, 0.000000, D, 0.003750, PID, 0.076250
vel_x, Err, -51.000000, P, -0.051000, I, 0.000000, D, -0.020000, PID, -0.071000
vel_y, Err, 62.000000, P, 0.077500, I, 0.000000, D, 0.005000, PID, 0.082500
vel_x, Err, -51.000000, P, -0.051000, I, 0.000000, D, 0.000000, PID, -0.051000
vel_y, Err, 62.000000, P, 0.077500, I, 0.000000, D, 0.000000, PID, 0.077500
vel_x, Err, -51.000000, P, -0.051000, I, 0.000000, D, 0.000000, PID, -0.051000
vel_y, Err, 62.000000, P, 0.077500, I, 0.000000, D, 0.000000, PID, 0.077500
