2011-11-23 16:22:27,287 Starting DroneDriver
2011-11-23 16:22:27,620 vel_x, Err, -22.000000, P, -0.022000, I, 0.000000, D, 0.000000, PID, -0.022000
2011-11-23 16:22:27,620 vel_y, Err, 74.000000, P, 0.074000, I, 0.000000, D, 0.000000, PID, 0.074000
2011-11-23 16:22:27,655 vel_x, Err, -21.000000, P, -0.021000, I, 0.000000, D, 0.005620, PID, -0.015380
2011-11-23 16:22:27,656 vel_y, Err, 76.000000, P, 0.076000, I, 0.000000, D, 0.011224, PID, 0.087224
2011-11-23 16:22:27,780 vel_x, Err, -21.000000, P, -0.021000, I, 0.000000, D, 0.000000, PID, -0.021000
2011-11-23 16:22:27,781 vel_y, Err, 79.000000, P, 0.079000, I, 0.000000, D, 0.004792, PID, 0.083792
2011-11-23 16:22:27,807 vel_x, Err, -14.000000, P, -0.014000, I, 0.000000, D, 0.053409, PID, 0.039409
2011-11-23 16:22:27,807 vel_y, Err, 53.000000, P, 0.053000, I, 0.000000, D, -0.197351, PID, -0.100000
2011-11-23 16:22:27,831 vel_x, Err, -18.000000, P, -0.018000, I, 0.000000, D, -0.033132, PID, -0.051132
2011-11-23 16:22:27,831 vel_y, Err, 65.000000, P, 0.065000, I, 0.000000, D, 0.100188, PID, 0.100000
2011-11-23 16:22:27,856 vel_x, Err, -21.000000, P, -0.021000, I, 0.000000, D, -0.024022, PID, -0.045022
2011-11-23 16:22:27,856 vel_y, Err, 76.000000, P, 0.076000, I, 0.000000, D, 0.087996, PID, 0.100000
2011-11-23 16:22:28,078 vel_x, Err, -21.000000, P, -0.021000, I, 0.000000, D, 0.000000, PID, -0.021000
2011-11-23 16:22:28,078 vel_y, Err, 76.000000, P, 0.076000, I, 0.000000, D, 0.000000, PID, 0.076000
2011-11-23 16:22:28,130 vel_x, Err, -21.000000, P, -0.021000, I, 0.000000, D, 0.000000, PID, -0.021000
2011-11-23 16:22:28,131 vel_y, Err, 76.000000, P, 0.076000, I, 0.000000, D, 0.000000, PID, 0.076000
2011-11-23 16:22:29,056 vel_x, Err, -19.000000, P, -0.019000, I, 0.000000, D, 0.000000, PID, -0.019000
2011-11-23 16:22:29,056 vel_y, Err, 81.000000, P, 0.081000, I, 0.000000, D, 0.000000, PID, 0.081000
2011-11-23 16:22:29,106 vel_x, Err, -18.000000, P, -0.018000, I, 0.000000, D, 0.003996, PID, -0.014004
2011-11-23 16:22:29,106 vel_y, Err, 80.000000, P, 0.080000, I, 0.000000, D, -0.003994, PID, 0.076006
2011-11-23 16:22:29,155 vel_x, Err, -20.000000, P, -0.020000, I, 0.000000, D, -0.008041, PID, -0.028041
2011-11-23 16:22:29,156 vel_y, Err, 80.000000, P, 0.080000, I, 0.000000, D, 0.000000, PID, 0.080000
2011-11-23 16:22:29,231 vel_x, Err, -21.000000, P, -0.021000, I, 0.000000, D, -0.002664, PID, -0.023664
2011-11-23 16:22:29,231 vel_y, Err, 80.000000, P, 0.080000, I, 0.000000, D, 0.000000, PID, 0.080000
2011-11-23 16:22:29,281 vel_x, Err, -22.000000, P, -0.022000, I, 0.000000, D, -0.003992, PID, -0.025992
2011-11-23 16:22:29,281 vel_y, Err, 80.000000, P, 0.080000, I, 0.000000, D, 0.000000, PID, 0.080000
2011-11-23 16:22:29,306 vel_x, Err, -22.000000, P, -0.022000, I, 0.000000, D, 0.000000, PID, -0.022000
2011-11-23 16:22:29,306 vel_y, Err, 80.000000, P, 0.080000, I, 0.000000, D, 0.000000, PID, 0.080000
2011-11-23 16:22:29,381 vel_x, Err, -23.000000, P, -0.023000, I, 0.000000, D, -0.002660, PID, -0.025660
2011-11-23 16:22:29,381 vel_y, Err, 80.000000, P, 0.080000, I, 0.000000, D, 0.000000, PID, 0.080000
2011-11-23 16:22:29,431 vel_x, Err, -24.000000, P, -0.024000, I, 0.000000, D, -0.003999, PID, -0.027999
2011-11-23 16:22:29,431 vel_y, Err, 80.000000, P, 0.080000, I, 0.000000, D, 0.000000, PID, 0.080000
2011-11-23 16:22:29,480 vel_x, Err, -24.000000, P, -0.024000, I, 0.000000, D, 0.000000, PID, -0.024000
2011-11-23 16:22:29,481 vel_y, Err, 80.000000, P, 0.080000, I, 0.000000, D, 0.000000, PID, 0.080000
2011-11-23 16:22:29,530 vel_x, Err, -24.000000, P, -0.024000, I, 0.000000, D, 0.000000, PID, -0.024000
2011-11-23 16:22:29,531 vel_y, Err, 80.000000, P, 0.080000, I, 0.000000, D, 0.000000, PID, 0.080000
2011-11-23 16:22:30,455 vel_x, Err, -21.000000, P, -0.021000, I, 0.000000, D, 0.000000, PID, -0.021000
2011-11-23 16:22:30,456 vel_y, Err, 80.000000, P, 0.080000, I, 0.000000, D, 0.000000, PID, 0.080000
2011-11-23 16:22:30,506 vel_x, Err, -21.000000, P, -0.021000, I, 0.000000, D, 0.000000, PID, -0.021000
2011-11-23 16:22:30,506 vel_y, Err, 80.000000, P, 0.080000, I, 0.000000, D, 0.000000, PID, 0.080000
2011-11-23 16:22:30,557 vel_x, Err, -21.000000, P, -0.021000, I, 0.000000, D, 0.000000, PID, -0.021000
2011-11-23 16:22:30,557 vel_y, Err, 80.000000, P, 0.080000, I, 0.000000, D, 0.000000, PID, 0.080000
2011-11-23 16:22:32,181 vel_x, Err, -22.000000, P, -0.022000, I, 0.000000, D, 0.000000, PID, -0.022000
2011-11-23 16:22:32,182 vel_y, Err, 80.000000, P, 0.080000, I, 0.000000, D, 0.000000, PID, 0.080000
2011-11-23 16:22:32,229 vel_x, Err, -23.000000, P, -0.023000, I, 0.000000, D, -0.004165, PID, -0.027165
2011-11-23 16:22:32,230 vel_y, Err, 77.000000, P, 0.077000, I, 0.000000, D, -0.012480, PID, 0.064520
2011-11-23 16:22:32,281 vel_x, Err, -27.000000, P, -0.027000, I, 0.000000, D, -0.015521, PID, -0.042521
2011-11-23 16:22:32,281 vel_y, Err, 76.000000, P, 0.076000, I, 0.000000, D, -0.003865, PID, 0.072135
2011-11-23 16:22:32,328 vel_x, Err, -28.000000, P, -0.028000, I, 0.000000, D, -0.004247, PID, -0.032247
2011-11-23 16:22:32,328 vel_y, Err, 76.000000, P, 0.076000, I, 0.000000, D, 0.000000, PID, 0.076000
2011-11-23 16:22:32,378 vel_x, Err, -28.000000, P, -0.028000, I, 0.000000, D, 0.000000, PID, -0.028000
2011-11-23 16:22:32,378 vel_y, Err, 77.000000, P, 0.077000, I, 0.000000, D, 0.003992, PID, 0.080992
2011-11-23 16:22:32,456 vel_x, Err, -27.000000, P, -0.027000, I, 0.000000, D, 0.002577, PID, -0.024423
2011-11-23 16:22:32,456 vel_y, Err, 76.000000, P, 0.076000, I, 0.000000, D, -0.002573, PID, 0.073427
2011-11-23 16:22:32,506 vel_x, Err, -27.000000, P, -0.027000, I, 0.000000, D, 0.000000, PID, -0.027000
2011-11-23 16:22:32,506 vel_y, Err, 75.000000, P, 0.075000, I, 0.000000, D, -0.003990, PID, 0.071010
2011-11-23 16:22:32,556 vel_x, Err, -28.000000, P, -0.028000, I, 0.000000, D, -0.003988, PID, -0.031988
2011-11-23 16:22:32,556 vel_y, Err, 73.000000, P, 0.073000, I, 0.000000, D, -0.007969, PID, 0.065031
2011-11-23 16:22:32,606 vel_x, Err, -29.000000, P, -0.029000, I, 0.000000, D, -0.004038, PID, -0.033038
2011-11-23 16:22:32,606 vel_y, Err, 72.000000, P, 0.072000, I, 0.000000, D, -0.004021, PID, 0.067979
2011-11-23 16:22:32,655 vel_x, Err, -30.000000, P, -0.030000, I, 0.000000, D, -0.004010, PID, -0.034010
2011-11-23 16:22:32,656 vel_y, Err, 73.000000, P, 0.073000, I, 0.000000, D, 0.004025, PID, 0.077025
2011-11-23 16:22:32,706 vel_x, Err, -30.000000, P, -0.030000, I, 0.000000, D, 0.000000, PID, -0.030000
2011-11-23 16:22:32,706 vel_y, Err, 73.000000, P, 0.073000, I, 0.000000, D, 0.000000, PID, 0.073000
2011-11-23 16:22:32,781 vel_x, Err, -30.000000, P, -0.030000, I, 0.000000, D, 0.000000, PID, -0.030000
2011-11-23 16:22:32,781 vel_y, Err, 74.000000, P, 0.074000, I, 0.000000, D, 0.002651, PID, 0.076651
2011-11-23 16:22:32,830 vel_x, Err, -29.000000, P, -0.029000, I, 0.000000, D, 0.004041, PID, -0.024959
2011-11-23 16:22:32,831 vel_y, Err, 76.000000, P, 0.076000, I, 0.000000, D, 0.008096, PID, 0.084096
2011-11-23 16:22:32,880 vel_x, Err, -29.000000, P, -0.029000, I, 0.000000, D, 0.000000, PID, -0.029000
2011-11-23 16:22:32,881 vel_y, Err, 78.000000, P, 0.078000, I, 0.000000, D, 0.008010, PID, 0.086010
2011-11-23 16:22:32,930 vel_x, Err, -29.000000, P, -0.029000, I, 0.000000, D, 0.000000, PID, -0.029000
2011-11-23 16:22:32,931 vel_y, Err, 79.000000, P, 0.079000, I, 0.000000, D, 0.004002, PID, 0.083002
2011-11-23 16:22:32,980 vel_x, Err, -29.000000, P, -0.029000, I, 0.000000, D, 0.000000, PID, -0.029000
2011-11-23 16:22:32,981 vel_y, Err, 80.000000, P, 0.080000, I, 0.000000, D, 0.004001, PID, 0.084001
2011-11-23 16:22:33,030 vel_x, Err, -28.000000, P, -0.028000, I, 0.000000, D, 0.004000, PID, -0.024000
2011-11-23 16:22:33,031 vel_y, Err, 80.000000, P, 0.080000, I, 0.000000, D, 0.000000, PID, 0.080000
2011-11-23 16:22:33,081 vel_x, Err, -28.000000, P, -0.028000, I, 0.000000, D, 0.000000, PID, -0.028000
2011-11-23 16:22:33,081 vel_y, Err, 81.000000, P, 0.081000, I, 0.000000, D, 0.003991, PID, 0.084991
2011-11-23 16:22:33,130 vel_x, Err, -28.000000, P, -0.028000, I, 0.000000, D, 0.000000, PID, -0.028000
2011-11-23 16:22:33,131 vel_y, Err, 81.000000, P, 0.081000, I, 0.000000, D, 0.000000, PID, 0.081000
2011-11-23 16:22:33,205 vel_x, Err, -28.000000, P, -0.028000, I, 0.000000, D, 0.000000, PID, -0.028000
2011-11-23 16:22:33,206 vel_y, Err, 81.000000, P, 0.081000, I, 0.000000, D, 0.000000, PID, 0.081000
2011-11-23 16:22:37,731 vel_x, Err, 24.000000, P, 0.024000, I, 0.000000, D, 0.000000, PID, 0.024000
2011-11-23 16:22:37,732 vel_y, Err, 65.000000, P, 0.065000, I, 0.000000, D, 0.000000, PID, 0.065000
2011-11-23 16:22:37,778 vel_x, Err, 17.000000, P, 0.017000, I, 0.000000, D, -0.029806, PID, -0.012806
2011-11-23 16:22:37,778 vel_y, Err, 50.000000, P, 0.050000, I, 0.000000, D, -0.064162, PID, -0.014162
2011-11-23 16:22:37,828 vel_x, Err, 15.000000, P, 0.015000, I, 0.000000, D, -0.008078, PID, 0.006922
2011-11-23 16:22:37,828 vel_y, Err, 37.000000, P, 0.037000, I, 0.000000, D, -0.052498, PID, -0.015498
2011-11-23 16:22:37,878 vel_x, Err, 16.000000, P, 0.016000, I, 0.000000, D, 0.003982, PID, 0.019982
2011-11-23 16:22:37,878 vel_y, Err, 22.000000, P, 0.022000, I, 0.000000, D, -0.059712, PID, -0.037712
2011-11-23 16:22:37,931 vel_x, Err, 20.000000, P, 0.020000, I, 0.000000, D, 0.015171, PID, 0.035171
2011-11-23 16:22:37,931 vel_y, Err, 7.000000, P, 0.007000, I, 0.000000, D, -0.056606, PID, -0.049606
2011-11-23 16:22:38,005 vel_x, Err, 25.000000, P, 0.025000, I, 0.000000, D, 0.013428, PID, 0.038428
2011-11-23 16:22:38,006 vel_y, Err, -9.000000, P, -0.009000, I, 0.000000, D, -0.042961, PID, -0.051961
2011-11-23 16:22:38,032 vel_x, Err, 30.000000, P, 0.030000, I, 0.000000, D, 0.037962, PID, 0.067962
2011-11-23 16:22:38,032 vel_y, Err, -20.000000, P, -0.020000, I, 0.000000, D, -0.083311, PID, -0.100000
2011-11-23 16:22:38,106 vel_x, Err, 34.000000, P, 0.034000, I, 0.000000, D, 0.010813, PID, 0.044813
2011-11-23 16:22:38,106 vel_y, Err, -30.000000, P, -0.030000, I, 0.000000, D, -0.026975, PID, -0.056975
2011-11-23 16:22:38,153 vel_x, Err, 34.000000, P, 0.034000, I, 0.000000, D, 0.000000, PID, 0.034000
2011-11-23 16:22:38,153 vel_y, Err, -38.000000, P, -0.038000, I, 0.000000, D, -0.033877, PID, -0.071877
2011-11-23 16:22:38,204 vel_x, Err, 30.000000, P, 0.030000, I, 0.000000, D, -0.015782, PID, 0.014218
2011-11-23 16:22:38,204 vel_y, Err, -46.000000, P, -0.046000, I, 0.000000, D, -0.031559, PID, -0.077559
2011-11-23 16:22:38,252 vel_x, Err, 26.000000, P, 0.026000, I, 0.000000, D, -0.016565, PID, 0.009435
2011-11-23 16:22:38,253 vel_y, Err, -51.000000, P, -0.051000, I, 0.000000, D, -0.020674, PID, -0.071674
2011-11-23 16:22:38,303 vel_x, Err, 22.000000, P, 0.022000, I, 0.000000, D, -0.015831, PID, 0.006169
2011-11-23 16:22:38,303 vel_y, Err, -54.000000, P, -0.054000, I, 0.000000, D, -0.011886, PID, -0.065886
2011-11-23 16:22:38,352 vel_x, Err, 20.000000, P, 0.020000, I, 0.000000, D, -0.008101, PID, 0.011899
2011-11-23 16:22:38,352 vel_y, Err, -56.000000, P, -0.056000, I, 0.000000, D, -0.008092, PID, -0.064092
2011-11-23 16:22:38,429 vel_x, Err, 16.000000, P, 0.016000, I, 0.000000, D, -0.010382, PID, 0.005618
2011-11-23 16:22:38,430 vel_y, Err, -57.000000, P, -0.057000, I, 0.000000, D, -0.002587, PID, -0.059587
2011-11-23 16:22:38,478 vel_x, Err, 14.000000, P, 0.014000, I, 0.000000, D, -0.008269, PID, 0.005731
2011-11-23 16:22:38,478 vel_y, Err, -52.000000, P, -0.052000, I, 0.000000, D, 0.020773, PID, -0.031227
2011-11-23 16:22:38,528 vel_x, Err, 10.000000, P, 0.010000, I, 0.000000, D, -0.016011, PID, -0.006011
2011-11-23 16:22:38,528 vel_y, Err, -44.000000, P, -0.044000, I, 0.000000, D, 0.031978, PID, -0.012022
2011-11-23 16:22:38,580 vel_x, Err, 7.000000, P, 0.007000, I, 0.000000, D, -0.011448, PID, -0.004448
2011-11-23 16:22:38,581 vel_y, Err, -33.000000, P, -0.033000, I, 0.000000, D, 0.041674, PID, 0.008674
2011-11-23 16:22:38,628 vel_x, Err, 2.000000, P, 0.002000, I, 0.000000, D, -0.020913, PID, -0.018913
2011-11-23 16:22:38,628 vel_y, Err, -22.000000, P, -0.022000, I, 0.000000, D, 0.046309, PID, 0.024309
2011-11-23 16:22:38,682 vel_x, Err, 2.000000, P, 0.002000, I, 0.000000, D, 0.000000, PID, 0.002000
2011-11-23 16:22:38,682 vel_y, Err, -18.000000, P, -0.018000, I, 0.000000, D, 0.014923, PID, -0.003077
2011-11-23 16:22:38,728 vel_x, Err, 3.000000, P, 0.003000, I, 0.000000, D, 0.004325, PID, 0.007325
2011-11-23 16:22:38,728 vel_y, Err, -17.000000, P, -0.017000, I, 0.000000, D, 0.004302, PID, -0.012698
2011-11-23 16:22:38,780 vel_x, Err, 5.000000, P, 0.005000, I, 0.000000, D, 0.007635, PID, 0.012635
2011-11-23 16:22:38,781 vel_y, Err, -20.000000, P, -0.020000, I, 0.000000, D, -0.011455, PID, -0.031455
2011-11-23 16:22:38,855 vel_x, Err, 9.000000, P, 0.009000, I, 0.000000, D, 0.010681, PID, 0.019681
2011-11-23 16:22:38,856 vel_y, Err, -24.000000, P, -0.024000, I, 0.000000, D, -0.010694, PID, -0.034694
2011-11-23 16:22:38,904 vel_x, Err, 13.000000, P, 0.013000, I, 0.000000, D, 0.016391, PID, 0.029391
2011-11-23 16:22:38,904 vel_y, Err, -30.000000, P, -0.030000, I, 0.000000, D, -0.024686, PID, -0.054686
2011-11-23 16:22:38,952 vel_x, Err, 18.000000, P, 0.018000, I, 0.000000, D, 0.020671, PID, 0.038671
2011-11-23 16:22:38,953 vel_y, Err, -36.000000, P, -0.036000, I, 0.000000, D, -0.024790, PID, -0.060790
2011-11-23 16:22:39,004 vel_x, Err, 23.000000, P, 0.023000, I, 0.000000, D, 0.019569, PID, 0.042569
2011-11-23 16:22:39,004 vel_y, Err, -43.000000, P, -0.043000, I, 0.000000, D, -0.027361, PID, -0.070361
2011-11-23 16:22:39,055 vel_x, Err, 27.000000, P, 0.027000, I, 0.000000, D, 0.015531, PID, 0.042531
2011-11-23 16:22:39,055 vel_y, Err, -49.000000, P, -0.049000, I, 0.000000, D, -0.023317, PID, -0.072317
2011-11-23 16:22:39,128 vel_x, Err, 33.000000, P, 0.033000, I, 0.000000, D, 0.016428, PID, 0.049428
2011-11-23 16:22:39,128 vel_y, Err, -57.000000, P, -0.057000, I, 0.000000, D, -0.021883, PID, -0.078883
2011-11-23 16:22:39,178 vel_x, Err, 37.000000, P, 0.037000, I, 0.000000, D, 0.016189, PID, 0.053189
2011-11-23 16:22:39,178 vel_y, Err, -61.000000, P, -0.061000, I, 0.000000, D, -0.016177, PID, -0.077177
2011-11-23 16:22:39,228 vel_x, Err, 41.000000, P, 0.041000, I, 0.000000, D, 0.016040, PID, 0.057040
2011-11-23 16:22:39,228 vel_y, Err, -64.000000, P, -0.064000, I, 0.000000, D, -0.012023, PID, -0.076023
2011-11-23 16:22:39,281 vel_x, Err, 43.000000, P, 0.043000, I, 0.000000, D, 0.007527, PID, 0.050527
2011-11-23 16:22:39,281 vel_y, Err, -65.000000, P, -0.065000, I, 0.000000, D, -0.003737, PID, -0.068737
2011-11-23 16:22:39,327 vel_x, Err, 41.000000, P, 0.041000, I, 0.000000, D, -0.008553, PID, 0.032447
2011-11-23 16:22:39,328 vel_y, Err, -61.000000, P, -0.061000, I, 0.000000, D, 0.017257, PID, -0.043743
2011-11-23 16:22:39,380 vel_x, Err, 35.000000, P, 0.035000, I, 0.000000, D, -0.022741, PID, 0.012259
2011-11-23 16:22:39,381 vel_y, Err, -53.000000, P, -0.053000, I, 0.000000, D, 0.030279, PID, -0.022721
2011-11-23 16:22:39,430 vel_x, Err, 28.000000, P, 0.028000, I, 0.000000, D, -0.028036, PID, -0.000036
2011-11-23 16:22:39,431 vel_y, Err, -43.000000, P, -0.043000, I, 0.000000, D, 0.039877, PID, -0.003123
2011-11-23 16:22:39,478 vel_x, Err, 18.000000, P, 0.018000, I, 0.000000, D, -0.042101, PID, -0.024101
2011-11-23 16:22:39,478 vel_y, Err, -33.000000, P, -0.033000, I, 0.000000, D, 0.042302, PID, 0.009302
2011-11-23 16:22:39,555 vel_x, Err, 5.000000, P, 0.005000, I, 0.000000, D, -0.033688, PID, -0.028688
2011-11-23 16:22:39,556 vel_y, Err, -19.000000, P, -0.019000, I, 0.000000, D, 0.036162, PID, 0.017162
2011-11-23 16:22:39,605 vel_x, Err, -4.000000, P, -0.004000, I, 0.000000, D, -0.036258, PID, -0.040258
2011-11-23 16:22:39,605 vel_y, Err, -10.000000, P, -0.010000, I, 0.000000, D, 0.036272, PID, 0.026272
2011-11-23 16:22:39,652 vel_x, Err, -12.000000, P, -0.012000, I, 0.000000, D, -0.033544, PID, -0.045544
2011-11-23 16:22:39,653 vel_y, Err, -1.000000, P, 0.000000, I, 0.000000, D, 0.000000, PID, 0.000000
2011-11-23 16:22:39,703 vel_x, Err, -21.000000, P, -0.021000, I, 0.000000, D, -0.035838, PID, -0.056838
2011-11-23 16:22:39,703 vel_y, Err, 7.000000, P, 0.000000, I, 0.000000, D, 0.000000, PID, 0.000000
2011-11-23 16:22:39,780 vel_x, Err, -30.000000, P, -0.030000, I, 0.000000, D, -0.023297, PID, -0.053297
2011-11-23 16:22:39,780 vel_y, Err, 14.000000, P, 0.014000, I, 0.000000, D, 0.027403, PID, 0.041403
2011-11-23 16:22:39,828 vel_x, Err, -36.000000, P, -0.036000, I, 0.000000, D, -0.025187, PID, -0.061187
2011-11-23 16:22:39,828 vel_y, Err, 20.000000, P, 0.020000, I, 0.000000, D, 0.025213, PID, 0.045213
2011-11-23 16:22:39,877 vel_x, Err, -42.000000, P, -0.042000, I, 0.000000, D, -0.024127, PID, -0.066127
2011-11-23 16:22:39,878 vel_y, Err, 26.000000, P, 0.026000, I, 0.000000, D, 0.024082, PID, 0.050082
2011-11-23 16:22:39,928 vel_x, Err, -49.000000, P, -0.049000, I, 0.000000, D, -0.027996, PID, -0.076996
2011-11-23 16:22:39,928 vel_y, Err, 33.000000, P, 0.033000, I, 0.000000, D, 0.027948, PID, 0.060948
2011-11-23 16:22:39,977 vel_x, Err, -52.000000, P, -0.052000, I, 0.000000, D, -0.012037, PID, -0.064037
2011-11-23 16:22:39,978 vel_y, Err, 38.000000, P, 0.038000, I, 0.000000, D, 0.020093, PID, 0.058093
2011-11-23 16:22:40,028 vel_x, Err, -50.000000, P, -0.050000, I, 0.000000, D, 0.007952, PID, -0.042048
2011-11-23 16:22:40,028 vel_y, Err, 36.000000, P, 0.036000, I, 0.000000, D, -0.007951, PID, 0.028049
2011-11-23 16:22:40,080 vel_x, Err, -46.000000, P, -0.046000, I, 0.000000, D, 0.015434, PID, -0.030566
2011-11-23 16:22:40,080 vel_y, Err, 30.000000, P, 0.030000, I, 0.000000, D, -0.023034, PID, 0.006966
2011-11-23 16:22:40,131 vel_x, Err, -40.000000, P, -0.040000, I, 0.000000, D, 0.023556, PID, -0.016444
2011-11-23 16:22:40,131 vel_y, Err, 20.000000, P, 0.020000, I, 0.000000, D, -0.039235, PID, -0.019235
2011-11-23 16:22:40,206 vel_x, Err, -31.000000, P, -0.031000, I, 0.000000, D, 0.023981, PID, -0.007019
2011-11-23 16:22:40,206 vel_y, Err, 5.000000, P, 0.005000, I, 0.000000, D, -0.039983, PID, -0.034983
2011-11-23 16:22:40,255 vel_x, Err, -23.000000, P, -0.023000, I, 0.000000, D, 0.032191, PID, 0.009191
2011-11-23 16:22:40,256 vel_y, Err, -7.000000, P, -0.007000, I, 0.000000, D, -0.048278, PID, -0.055278
2011-11-23 16:22:40,305 vel_x, Err, -14.000000, P, -0.014000, I, 0.000000, D, 0.036115, PID, 0.022115
2011-11-23 16:22:40,306 vel_y, Err, -17.000000, P, -0.017000, I, 0.000000, D, -0.039933, PID, -0.056933
2011-11-23 16:22:40,356 vel_x, Err, -5.000000, P, 0.000000, I, 0.000000, D, 0.000000, PID, 0.000000
2011-11-23 16:22:40,357 vel_y, Err, -26.000000, P, -0.026000, I, 0.000000, D, -0.035606, PID, -0.061606
2011-11-23 16:22:40,405 vel_x, Err, 5.000000, P, 0.000000, I, 0.000000, D, 0.000000, PID, 0.000000
2011-11-23 16:22:40,406 vel_y, Err, -36.000000, P, -0.036000, I, 0.000000, D, -0.040536, PID, -0.076536
2011-11-23 16:22:40,481 vel_x, Err, 15.000000, P, 0.015000, I, 0.000000, D, 0.033054, PID, 0.048054
2011-11-23 16:22:40,482 vel_y, Err, -48.000000, P, -0.048000, I, 0.000000, D, -0.031746, PID, -0.079746
2011-11-23 16:22:40,530 vel_x, Err, 18.000000, P, 0.018000, I, 0.000000, D, 0.012196, PID, 0.030196
2011-11-23 16:22:40,531 vel_y, Err, -53.000000, P, -0.053000, I, 0.000000, D, -0.020427, PID, -0.073427
2011-11-23 16:22:40,581 vel_x, Err, 18.000000, P, 0.018000, I, 0.000000, D, 0.000000, PID, 0.018000
2011-11-23 16:22:40,581 vel_y, Err, -56.000000, P, -0.056000, I, 0.000000, D, -0.011836, PID, -0.067836
2011-11-23 16:22:40,631 vel_x, Err, 16.000000, P, 0.016000, I, 0.000000, D, -0.007986, PID, 0.008014
2011-11-23 16:22:40,631 vel_y, Err, -56.000000, P, -0.056000, I, 0.000000, D, 0.000000, PID, -0.056000
2011-11-23 16:22:40,680 vel_x, Err, 9.000000, P, 0.009000, I, 0.000000, D, -0.028221, PID, -0.019221
2011-11-23 16:22:40,681 vel_y, Err, -54.000000, P, -0.054000, I, 0.000000, D, 0.008056, PID, -0.045944
2011-11-23 16:22:40,731 vel_x, Err, 2.000000, P, 0.002000, I, 0.000000, D, -0.027828, PID, -0.025828
2011-11-23 16:22:40,731 vel_y, Err, -50.000000, P, -0.050000, I, 0.000000, D, 0.015903, PID, -0.034097
2011-11-23 16:22:40,781 vel_x, Err, -5.000000, P, -0.005000, I, 0.000000, D, -0.028047, PID, -0.033047
2011-11-23 16:22:40,781 vel_y, Err, -43.000000, P, -0.043000, I, 0.000000, D, 0.028035, PID, -0.014965
2011-11-23 16:22:40,830 vel_x, Err, -11.000000, P, -0.011000, I, 0.000000, D, -0.024194, PID, -0.035194
2011-11-23 16:22:40,831 vel_y, Err, -32.000000, P, -0.032000, I, 0.000000, D, 0.044332, PID, 0.012332
2011-11-23 16:22:40,905 vel_x, Err, -11.000000, P, -0.011000, I, 0.000000, D, 0.000000, PID, -0.011000
2011-11-23 16:22:40,905 vel_y, Err, -32.000000, P, -0.032000, I, 0.000000, D, 0.000000, PID, -0.032000
2011-11-23 16:22:40,955 vel_x, Err, -11.000000, P, -0.011000, I, 0.000000, D, 0.000000, PID, -0.011000
2011-11-23 16:22:40,955 vel_y, Err, -32.000000, P, -0.032000, I, 0.000000, D, 0.000000, PID, -0.032000
2011-11-23 16:22:41,005 vel_x, Err, -34.000000, P, -0.034000, I, 0.000000, D, -0.091982, PID, -0.100000
2011-11-23 16:22:41,006 vel_y, Err, 11.000000, P, 0.011000, I, 0.000000, D, 0.171161, PID, 0.100000
2011-11-23 16:22:41,055 vel_x, Err, -41.000000, P, -0.041000, I, 0.000000, D, -0.027796, PID, -0.068796
2011-11-23 16:22:41,056 vel_y, Err, 23.000000, P, 0.023000, I, 0.000000, D, 0.047848, PID, 0.070848
2011-11-23 16:22:41,130 vel_x, Err, -50.000000, P, -0.050000, I, 0.000000, D, -0.024034, PID, -0.074034
2011-11-23 16:22:41,131 vel_y, Err, 37.000000, P, 0.037000, I, 0.000000, D, 0.037296, PID, 0.074296
2011-11-23 16:22:41,180 vel_x, Err, -55.000000, P, -0.055000, I, 0.000000, D, -0.019938, PID, -0.074938
2011-11-23 16:22:41,181 vel_y, Err, 43.000000, P, 0.043000, I, 0.000000, D, 0.023948, PID, 0.066948
2011-11-23 16:22:41,280 vel_x, Err, -51.000000, P, -0.051000, I, 0.000000, D, 0.008022, PID, -0.042978
2011-11-23 16:22:41,281 vel_y, Err, 46.000000, P, 0.046000, I, 0.000000, D, 0.006021, PID, 0.052021
2011-11-23 16:22:41,330 vel_x, Err, -45.000000, P, -0.045000, I, 0.000000, D, 0.023874, PID, -0.021126
2011-11-23 16:22:41,331 vel_y, Err, 42.000000, P, 0.042000, I, 0.000000, D, -0.015910, PID, 0.026090
2011-11-23 16:22:41,380 vel_x, Err, -37.000000, P, -0.037000, I, 0.000000, D, 0.032339, PID, -0.004661
2011-11-23 16:22:41,380 vel_y, Err, 36.000000, P, 0.036000, I, 0.000000, D, -0.024234, PID, 0.011766
2011-11-23 16:22:41,427 vel_x, Err, -29.000000, P, -0.029000, I, 0.000000, D, 0.033775, PID, 0.004775
2011-11-23 16:22:41,428 vel_y, Err, 26.000000, P, 0.026000, I, 0.000000, D, -0.042279, PID, -0.016279
2011-11-23 16:22:41,478 vel_x, Err, -19.000000, P, -0.019000, I, 0.000000, D, 0.039843, PID, 0.020843
2011-11-23 16:22:41,478 vel_y, Err, 14.000000, P, 0.014000, I, 0.000000, D, -0.047832, PID, -0.033832
2011-11-23 16:22:41,528 vel_x, Err, -9.000000, P, -0.009000, I, 0.000000, D, 0.039577, PID, 0.030577
2011-11-23 16:22:41,529 vel_y, Err, 1.000000, P, 0.001000, I, 0.000000, D, -0.051356, PID, -0.050356
2011-11-23 16:22:41,605 vel_x, Err, 3.000000, P, 0.000000, I, 0.000000, D, 0.000000, PID, 0.000000
2011-11-23 16:22:41,605 vel_y, Err, -15.000000, P, -0.015000, I, 0.000000, D, -0.041678, PID, -0.056678
2011-11-23 16:22:41,656 vel_x, Err, 9.000000, P, 0.009000, I, 0.000000, D, 0.028249, PID, 0.037249
2011-11-23 16:22:41,656 vel_y, Err, -26.000000, P, -0.026000, I, 0.000000, D, -0.043312, PID, -0.069312
2011-11-23 16:22:41,707 vel_x, Err, 13.000000, P, 0.013000, I, 0.000000, D, 0.015559, PID, 0.028559
2011-11-23 16:22:41,708 vel_y, Err, -39.000000, P, -0.039000, I, 0.000000, D, -0.050385, PID, -0.089385
2011-11-23 16:22:41,757 vel_x, Err, 14.000000, P, 0.014000, I, 0.000000, D, 0.004006, PID, 0.018006
2011-11-23 16:22:41,757 vel_y, Err, -51.000000, P, -0.051000, I, 0.000000, D, -0.048346, PID, -0.099346
2011-11-23 16:22:41,832 vel_x, Err, 11.000000, P, 0.011000, I, 0.000000, D, -0.008068, PID, 0.002932
2011-11-23 16:22:41,832 vel_y, Err, -62.000000, P, -0.062000, I, 0.000000, D, -0.029429, PID, -0.091429
2011-11-23 16:22:41,880 vel_x, Err, 9.000000, P, 0.009000, I, 0.000000, D, -0.008205, PID, 0.000795
2011-11-23 16:22:41,881 vel_y, Err, -62.000000, P, -0.062000, I, 0.000000, D, 0.000000, PID, -0.062000
2011-11-23 16:22:41,904 vel_x, Err, 4.000000, P, 0.004000, I, 0.000000, D, -0.041280, PID, -0.037280
2011-11-23 16:22:41,905 vel_y, Err, -60.000000, P, -0.060000, I, 0.000000, D, 0.016606, PID, -0.043394
2011-11-23 16:22:41,955 vel_x, Err, -1.000000, P, -0.001000, I, 0.000000, D, -0.019903, PID, -0.020903
2011-11-23 16:22:41,955 vel_y, Err, -55.000000, P, -0.055000, I, 0.000000, D, 0.019832, PID, -0.035168
2011-11-23 16:22:42,031 vel_x, Err, -6.000000, P, 0.000000, I, 0.000000, D, 0.000000, PID, 0.000000
2011-11-23 16:22:42,031 vel_y, Err, -44.000000, P, -0.044000, I, 0.000000, D, 0.028881, PID, -0.015119
2011-11-23 16:22:42,080 vel_x, Err, -8.000000, P, -0.008000, I, 0.000000, D, -0.011172, PID, -0.019172
2011-11-23 16:22:42,081 vel_y, Err, -34.000000, P, -0.034000, I, 0.000000, D, 0.040770, PID, 0.006770
2011-11-23 16:22:42,130 vel_x, Err, -12.000000, P, -0.012000, I, 0.000000, D, -0.015975, PID, -0.027975
2011-11-23 16:22:42,131 vel_y, Err, -22.000000, P, -0.022000, I, 0.000000, D, 0.047821, PID, 0.025821
2011-11-23 16:22:42,178 vel_x, Err, -16.000000, P, -0.016000, I, 0.000000, D, -0.016603, PID, -0.032603
2011-11-23 16:22:42,179 vel_y, Err, -10.000000, P, -0.010000, I, 0.000000, D, 0.050036, PID, 0.040036
2011-11-23 16:22:42,255 vel_x, Err, -24.000000, P, -0.024000, I, 0.000000, D, -0.020815, PID, -0.044815
2011-11-23 16:22:42,256 vel_y, Err, 8.000000, P, 0.008000, I, 0.000000, D, 0.046700, PID, 0.054700
2011-11-23 16:22:42,305 vel_x, Err, -28.000000, P, -0.028000, I, 0.000000, D, -0.016100, PID, -0.044100
2011-11-23 16:22:42,306 vel_y, Err, 20.000000, P, 0.020000, I, 0.000000, D, 0.048244, PID, 0.068244
2011-11-23 16:22:42,355 vel_x, Err, -32.000000, P, -0.032000, I, 0.000000, D, -0.015928, PID, -0.047928
2011-11-23 16:22:42,356 vel_y, Err, 30.000000, P, 0.030000, I, 0.000000, D, 0.039834, PID, 0.069834
2011-11-23 16:22:42,406 vel_x, Err, -39.000000, P, -0.039000, I, 0.000000, D, -0.027922, PID, -0.066922
2011-11-23 16:22:42,406 vel_y, Err, 39.000000, P, 0.039000, I, 0.000000, D, 0.035872, PID, 0.074872
2011-11-23 16:22:42,480 vel_x, Err, -48.000000, P, -0.048000, I, 0.000000, D, -0.024094, PID, -0.072094
2011-11-23 16:22:42,481 vel_y, Err, 49.000000, P, 0.049000, I, 0.000000, D, 0.026728, PID, 0.075728
2011-11-23 16:22:42,505 vel_x, Err, -52.000000, P, -0.052000, I, 0.000000, D, -0.032001, PID, -0.084001
2011-11-23 16:22:42,506 vel_y, Err, 54.000000, P, 0.054000, I, 0.000000, D, 0.040148, PID, 0.094148
2011-11-23 16:22:42,555 vel_x, Err, -53.000000, P, -0.053000, I, 0.000000, D, -0.004011, PID, -0.057011
2011-11-23 16:22:42,556 vel_y, Err, 57.000000, P, 0.057000, I, 0.000000, D, 0.012031, PID, 0.069031
2011-11-23 16:22:42,605 vel_x, Err, -51.000000, P, -0.051000, I, 0.000000, D, 0.007990, PID, -0.043010
2011-11-23 16:22:42,606 vel_y, Err, 58.000000, P, 0.058000, I, 0.000000, D, 0.003992, PID, 0.061992
2011-11-23 16:22:42,655 vel_x, Err, -46.000000, P, -0.046000, I, 0.000000, D, 0.019992, PID, -0.026008
2011-11-23 16:22:42,656 vel_y, Err, 56.000000, P, 0.056000, I, 0.000000, D, -0.007996, PID, 0.048004
2011-11-23 16:22:42,730 vel_x, Err, -40.000000, P, -0.040000, I, 0.000000, D, 0.016004, PID, -0.023996
2011-11-23 16:22:42,731 vel_y, Err, 50.000000, P, 0.050000, I, 0.000000, D, -0.015999, PID, 0.034001
2011-11-23 16:22:42,780 vel_x, Err, -32.000000, P, -0.032000, I, 0.000000, D, 0.032016, PID, 0.000016
2011-11-23 16:22:42,781 vel_y, Err, 44.000000, P, 0.044000, I, 0.000000, D, -0.024004, PID, 0.019996
2011-11-23 16:22:42,830 vel_x, Err, -24.000000, P, -0.024000, I, 0.000000, D, 0.032010, PID, 0.008010
2011-11-23 16:22:42,831 vel_y, Err, 36.000000, P, 0.036000, I, 0.000000, D, -0.031997, PID, 0.004003
2011-11-23 16:22:42,880 vel_x, Err, -16.000000, P, -0.016000, I, 0.000000, D, 0.032109, PID, 0.016109
2011-11-23 16:22:42,881 vel_y, Err, 27.000000, P, 0.027000, I, 0.000000, D, -0.036106, PID, -0.009106
2011-11-23 16:22:42,955 vel_x, Err, -8.000000, P, -0.008000, I, 0.000000, D, 0.021327, PID, 0.013327
2011-11-23 16:22:42,956 vel_y, Err, 16.000000, P, 0.016000, I, 0.000000, D, -0.029316, PID, -0.013316
2011-11-23 16:22:43,006 vel_x, Err, -2.000000, P, 0.000000, I, 0.000000, D, 0.000000, PID, 0.000000
2011-11-23 16:22:43,006 vel_y, Err, 7.000000, P, 0.007000, I, 0.000000, D, -0.035660, PID, -0.028660
2011-11-23 16:22:43,055 vel_x, Err, 4.000000, P, 0.000000, I, 0.000000, D, 0.000000, PID, 0.000000
2011-11-23 16:22:43,056 vel_y, Err, 0.000000, P, 0.000000, I, 0.000000, D, -0.028212, PID, -0.028212
2011-11-23 16:22:43,106 vel_x, Err, 9.000000, P, 0.009000, I, 0.000000, D, 0.022616, PID, 0.031616
2011-11-23 16:22:43,106 vel_y, Err, -6.000000, P, 0.000000, I, 0.000000, D, 0.000000, PID, 0.000000
2011-11-23 16:22:43,155 vel_x, Err, 14.000000, P, 0.014000, I, 0.000000, D, 0.020178, PID, 0.034178
2011-11-23 16:22:43,156 vel_y, Err, -13.000000, P, -0.013000, I, 0.000000, D, -0.025994, PID, -0.038994
2011-11-23 16:22:43,205 vel_x, Err, 13.000000, P, 0.013000, I, 0.000000, D, -0.003992, PID, 0.009008
2011-11-23 16:22:43,206 vel_y, Err, -15.000000, P, -0.015000, I, 0.000000, D, -0.008017, PID, -0.023017
2011-11-23 16:22:43,255 vel_x, Err, 8.000000, P, 0.008000, I, 0.000000, D, -0.020088, PID, -0.012088
2011-11-23 16:22:43,256 vel_y, Err, -11.000000, P, -0.011000, I, 0.000000, D, 0.016064, PID, 0.005064
2011-11-23 16:22:43,306 vel_x, Err, 2.000000, P, 0.002000, I, 0.000000, D, -0.023883, PID, -0.021883
2011-11-23 16:22:43,306 vel_y, Err, 0.000000, P, 0.000000, I, 0.000000, D, 0.000000, PID, 0.000000
2011-11-23 16:22:43,355 vel_x, Err, -6.000000, P, -0.006000, I, 0.000000, D, -0.032121, PID, -0.038121
2011-11-23 16:22:43,356 vel_y, Err, 16.000000, P, 0.016000, I, 0.000000, D, 0.053936, PID, 0.069936
2011-11-23 16:22:43,431 vel_x, Err, -18.000000, P, -0.018000, I, 0.000000, D, -0.031914, PID, -0.049914
2011-11-23 16:22:43,431 vel_y, Err, 36.000000, P, 0.036000, I, 0.000000, D, 0.053025, PID, 0.089025
2011-11-23 16:22:43,481 vel_x, Err, -26.000000, P, -0.026000, I, 0.000000, D, -0.031825, PID, -0.057825
2011-11-23 16:22:43,482 vel_y, Err, 48.000000, P, 0.048000, I, 0.000000, D, 0.047698, PID, 0.095698
2011-11-23 16:22:43,531 vel_x, Err, -34.000000, P, -0.034000, I, 0.000000, D, -0.032137, PID, -0.066137
2011-11-23 16:22:43,532 vel_y, Err, 56.000000, P, 0.056000, I, 0.000000, D, 0.032133, PID, 0.088133
2011-11-23 16:22:43,581 vel_x, Err, -40.000000, P, -0.040000, I, 0.000000, D, -0.024041, PID, -0.064041
2011-11-23 16:22:43,581 vel_y, Err, 57.000000, P, 0.057000, I, 0.000000, D, 0.004006, PID, 0.061006
2011-11-23 16:22:43,656 vel_x, Err, -39.000000, P, -0.039000, I, 0.000000, D, 0.002672, PID, -0.036328
2011-11-23 16:22:43,656 vel_y, Err, 44.000000, P, 0.044000, I, 0.000000, D, -0.034721, PID, 0.009279
2011-11-23 16:22:43,706 vel_x, Err, -31.000000, P, -0.031000, I, 0.000000, D, 0.031964, PID, 0.000964
2011-11-23 16:22:43,706 vel_y, Err, 29.000000, P, 0.029000, I, 0.000000, D, -0.059907, PID, -0.030907
2011-11-23 16:22:43,756 vel_x, Err, -31.000000, P, -0.031000, I, 0.000000, D, 0.000000, PID, -0.031000
2011-11-23 16:22:43,756 vel_y, Err, 29.000000, P, 0.029000, I, 0.000000, D, 0.000000, PID, 0.029000
2011-11-23 16:22:43,781 vel_x, Err, -8.000000, P, -0.008000, I, 0.000000, D, 0.183230, PID, 0.100000
2011-11-23 16:22:43,782 vel_y, Err, -4.000000, P, -0.004000, I, 0.000000, D, -0.262687, PID, -0.100000
2011-11-23 16:22:43,855 vel_x, Err, 5.000000, P, 0.000000, I, 0.000000, D, 0.000000, PID, 0.000000
2011-11-23 16:22:43,856 vel_y, Err, -21.000000, P, -0.021000, I, 0.000000, D, -0.045750, PID, -0.066750
2011-11-23 16:22:43,906 vel_x, Err, 12.000000, P, 0.012000, I, 0.000000, D, 0.032071, PID, 0.044071
2011-11-23 16:22:43,906 vel_y, Err, -30.000000, P, -0.030000, I, 0.000000, D, -0.035699, PID, -0.065699
2011-11-23 16:22:43,953 vel_x, Err, 15.000000, P, 0.015000, I, 0.000000, D, 0.012782, PID, 0.027782
2011-11-23 16:22:43,953 vel_y, Err, -30.000000, P, -0.030000, I, 0.000000, D, 0.000000, PID, -0.030000
2011-11-23 16:22:44,078 vel_x, Err, -1.000000, P, -0.001000, I, 0.000000, D, -0.025486, PID, -0.026486
2011-11-23 16:22:44,079 vel_y, Err, -2.000000, P, 0.000000, I, 0.000000, D, 0.000000, PID, 0.000000
2011-11-23 16:22:44,128 vel_x, Err, -13.000000, P, -0.013000, I, 0.000000, D, -0.048472, PID, -0.061472
2011-11-23 16:22:44,128 vel_y, Err, 15.000000, P, 0.015000, I, 0.000000, D, 0.051388, PID, 0.066388
2011-11-23 16:22:44,178 vel_x, Err, -26.000000, P, -0.026000, I, 0.000000, D, -0.051837, PID, -0.077837
2011-11-23 16:22:44,178 vel_y, Err, 29.000000, P, 0.029000, I, 0.000000, D, 0.055807, PID, 0.084807
2011-11-23 16:22:44,230 vel_x, Err, -36.000000, P, -0.036000, I, 0.000000, D, -0.038241, PID, -0.074241
2011-11-23 16:22:44,231 vel_y, Err, 39.000000, P, 0.039000, I, 0.000000, D, 0.038136, PID, 0.077136
2011-11-23 16:22:44,305 vel_x, Err, -43.000000, P, -0.043000, I, 0.000000, D, -0.018650, PID, -0.061650
2011-11-23 16:22:44,306 vel_y, Err, 47.000000, P, 0.047000, I, 0.000000, D, 0.021260, PID, 0.068260
2011-11-23 16:22:44,355 vel_x, Err, -41.000000, P, -0.041000, I, 0.000000, D, 0.008015, PID, -0.032985
2011-11-23 16:22:44,356 vel_y, Err, 46.000000, P, 0.046000, I, 0.000000, D, -0.004021, PID, 0.041979
2011-11-23 16:22:44,380 vel_x, Err, -33.000000, P, -0.033000, I, 0.000000, D, 0.064571, PID, 0.031571
2011-11-23 16:22:44,381 vel_y, Err, 39.000000, P, 0.039000, I, 0.000000, D, -0.056685, PID, -0.017685
2011-11-23 16:22:44,455 vel_x, Err, -20.000000, P, -0.020000, I, 0.000000, D, 0.034551, PID, 0.014551
2011-11-23 16:22:44,456 vel_y, Err, 28.000000, P, 0.028000, I, 0.000000, D, -0.029189, PID, -0.001189
2011-11-23 16:22:44,505 vel_x, Err, -4.000000, P, 0.000000, I, 0.000000, D, 0.000000, PID, 0.000000
2011-11-23 16:22:44,506 vel_y, Err, 17.000000, P, 0.017000, I, 0.000000, D, -0.043996, PID, -0.026996
2011-11-23 16:22:44,556 vel_x, Err, 12.000000, P, 0.012000, I, 0.000000, D, 0.064024, PID, 0.076024
2011-11-23 16:22:44,556 vel_y, Err, 3.000000, P, 0.003000, I, 0.000000, D, -0.055978, PID, -0.052978
2011-11-23 16:22:44,603 vel_x, Err, 18.000000, P, 0.018000, I, 0.000000, D, 0.025468, PID, 0.043468
2011-11-23 16:22:44,603 vel_y, Err, 1.000000, P, 0.001000, I, 0.000000, D, -0.008530, PID, -0.007530
2011-11-23 16:22:44,654 vel_x, Err, 22.000000, P, 0.022000, I, 0.000000, D, 0.015444, PID, 0.037444
2011-11-23 16:22:44,655 vel_y, Err, 5.000000, P, 0.005000, I, 0.000000, D, 0.015373, PID, 0.020373
2011-11-23 16:22:44,730 vel_x, Err, 26.000000, P, 0.026000, I, 0.000000, D, 0.010576, PID, 0.036576
2011-11-23 16:22:44,731 vel_y, Err, 14.000000, P, 0.014000, I, 0.000000, D, 0.023787, PID, 0.037787
2011-11-23 16:22:44,778 vel_x, Err, 29.000000, P, 0.029000, I, 0.000000, D, 0.012463, PID, 0.041463
2011-11-23 16:22:44,779 vel_y, Err, 19.000000, P, 0.019000, I, 0.000000, D, 0.020852, PID, 0.039852
2011-11-23 16:22:44,828 vel_x, Err, 35.000000, P, 0.035000, I, 0.000000, D, 0.024187, PID, 0.059187
2011-11-23 16:22:44,828 vel_y, Err, 24.000000, P, 0.024000, I, 0.000000, D, 0.020156, PID, 0.044156
2011-11-23 16:22:44,880 vel_x, Err, 41.000000, P, 0.041000, I, 0.000000, D, 0.022938, PID, 0.063938
2011-11-23 16:22:44,881 vel_y, Err, 30.000000, P, 0.030000, I, 0.000000, D, 0.022925, PID, 0.052925
2011-11-23 16:22:44,955 vel_x, Err, 47.000000, P, 0.047000, I, 0.000000, D, 0.015984, PID, 0.062984
2011-11-23 16:22:44,956 vel_y, Err, 35.000000, P, 0.035000, I, 0.000000, D, 0.013297, PID, 0.048297
2011-11-23 16:22:45,003 vel_x, Err, 52.000000, P, 0.052000, I, 0.000000, D, 0.021028, PID, 0.073028
2011-11-23 16:22:45,003 vel_y, Err, 38.000000, P, 0.038000, I, 0.000000, D, 0.012624, PID, 0.050624
2011-11-23 16:22:45,028 vel_x, Err, 56.000000, P, 0.056000, I, 0.000000, D, 0.032041, PID, 0.088041
2011-11-23 16:22:45,028 vel_y, Err, 40.000000, P, 0.040000, I, 0.000000, D, 0.015917, PID, 0.055917
2011-11-23 16:22:45,078 vel_x, Err, 56.000000, P, 0.056000, I, 0.000000, D, 0.000000, PID, 0.056000
2011-11-23 16:22:45,078 vel_y, Err, 40.000000, P, 0.040000, I, 0.000000, D, 0.000000, PID, 0.040000
2011-11-23 16:22:45,127 vel_x, Err, 56.000000, P, 0.056000, I, 0.000000, D, 0.000000, PID, 0.056000
2011-11-23 16:22:45,128 vel_y, Err, 40.000000, P, 0.040000, I, 0.000000, D, 0.000000, PID, 0.040000
2011-11-23 16:22:59,480 vel_x, Err, 12.000000, P, 0.012000, I, 0.000000, D, 0.000000, PID, 0.012000
2011-11-23 16:22:59,480 vel_y, Err, 42.000000, P, 0.042000, I, 0.000000, D, 0.000000, PID, 0.042000
2011-11-23 16:22:59,655 vel_x, Err, 2.000000, P, 0.002000, I, 0.000000, D, -0.011419, PID, -0.009419
2011-11-23 16:22:59,656 vel_y, Err, -10.000000, P, -0.010000, I, 0.000000, D, -0.059410, PID, -0.069410
2011-11-23 16:22:59,680 vel_x, Err, -1.000000, P, -0.001000, I, 0.000000, D, -0.023986, PID, -0.024986
2011-11-23 16:22:59,681 vel_y, Err, -21.000000, P, -0.021000, I, 0.000000, D, -0.087768, PID, -0.100000
2011-11-23 16:22:59,702 vel_x, Err, -4.000000, P, 0.000000, I, 0.000000, D, 0.000000, PID, 0.000000
2011-11-23 16:22:59,703 vel_y, Err, -24.000000, P, -0.024000, I, 0.000000, D, -0.027365, PID, -0.051365
2011-11-23 16:22:59,729 vel_x, Err, -6.000000, P, 0.000000, I, 0.000000, D, 0.000000, PID, 0.000000
2011-11-23 16:22:59,730 vel_y, Err, -22.000000, P, -0.022000, I, 0.000000, D, 0.014596, PID, -0.007404
2011-11-23 16:22:59,752 vel_x, Err, -7.000000, P, 0.000000, I, 0.000000, D, 0.000000, PID, 0.000000
2011-11-23 16:22:59,753 vel_y, Err, -19.000000, P, -0.019000, I, 0.000000, D, 0.026054, PID, 0.007054
2011-11-23 16:22:59,778 vel_x, Err, -8.000000, P, -0.008000, I, 0.000000, D, -0.014305, PID, -0.022305
2011-11-23 16:22:59,778 vel_y, Err, -18.000000, P, -0.018000, I, 0.000000, D, 0.007863, PID, -0.010137
2011-11-23 16:22:59,930 vel_x, Err, -10.000000, P, -0.010000, I, 0.000000, D, -0.002636, PID, -0.012636
2011-11-23 16:22:59,930 vel_y, Err, -25.000000, P, -0.025000, I, 0.000000, D, -0.009220, PID, -0.034220
2011-11-23 16:22:59,978 vel_x, Err, -10.000000, P, -0.010000, I, 0.000000, D, 0.000000, PID, -0.010000
2011-11-23 16:22:59,978 vel_y, Err, -30.000000, P, -0.030000, I, 0.000000, D, -0.020991, PID, -0.050991
2011-11-23 16:23:00,003 vel_x, Err, -11.000000, P, -0.011000, I, 0.000000, D, -0.007856, PID, -0.018856
2011-11-23 16:23:00,004 vel_y, Err, -34.000000, P, -0.034000, I, 0.000000, D, -0.031332, PID, -0.065332
2011-11-23 16:23:00,104 vel_x, Err, -11.000000, P, -0.011000, I, 0.000000, D, 0.000000, PID, -0.011000
2011-11-23 16:23:00,104 vel_y, Err, -44.000000, P, -0.044000, I, 0.000000, D, -0.019832, PID, -0.063832
2011-11-23 16:23:00,180 vel_x, Err, -7.000000, P, 0.000000, I, 0.000000, D, 0.000000, PID, 0.000000
2011-11-23 16:23:00,180 vel_y, Err, -52.000000, P, -0.052000, I, 0.000000, D, -0.021129, PID, -0.073129
2011-11-23 16:23:00,330 vel_x, Err, 0.000000, P, 0.000000, I, 0.000000, D, 0.000000, PID, 0.000000
2011-11-23 16:23:00,330 vel_y, Err, -70.000000, P, -0.070000, I, 0.000000, D, -0.024012, PID, -0.094012
2011-11-23 16:23:00,380 vel_x, Err, 0.000000, P, 0.000000, I, 0.000000, D, 0.000000, PID, 0.000000
2011-11-23 16:23:00,380 vel_y, Err, -70.000000, P, -0.070000, I, 0.000000, D, 0.000000, PID, -0.070000
2011-11-23 16:23:00,427 vel_x, Err, 0.000000, P, 0.000000, I, 0.000000, D, 0.000000, PID, 0.000000
2011-11-23 16:23:00,427 vel_y, Err, -70.000000, P, -0.070000, I, 0.000000, D, 0.000000, PID, -0.070000
2011-11-23 16:23:06,955 vel_x, Err, -48.000000, P, -0.048000, I, 0.000000, D, 0.000000, PID, -0.048000
2011-11-23 16:23:06,956 vel_y, Err, -9.000000, P, -0.009000, I, 0.000000, D, 0.000000, PID, -0.009000
2011-11-23 16:23:07,004 vel_x, Err, -40.000000, P, -0.040000, I, 0.000000, D, 0.032906, PID, -0.007094
2011-11-23 16:23:07,004 vel_y, Err, -5.000000, P, 0.000000, I, 0.000000, D, 0.000000, PID, 0.000000
2011-11-23 16:23:07,053 vel_x, Err, -28.000000, P, -0.028000, I, 0.000000, D, 0.048961, PID, 0.020961
2011-11-23 16:23:07,053 vel_y, Err, -1.000000, P, 0.000000, I, 0.000000, D, 0.000000, PID, 0.000000
2011-11-23 16:23:07,102 vel_x, Err, -19.000000, P, -0.019000, I, 0.000000, D, 0.036453, PID, 0.017453
2011-11-23 16:23:07,103 vel_y, Err, 0.000000, P, 0.000000, I, 0.000000, D, 0.000000, PID, 0.000000
2011-11-23 16:23:07,181 vel_x, Err, -15.000000, P, -0.015000, I, 0.000000, D, 0.010259, PID, -0.004741
2011-11-23 16:23:07,181 vel_y, Err, 0.000000, P, 0.000000, I, 0.000000, D, 0.000000, PID, 0.000000
2011-11-23 16:23:07,228 vel_x, Err, -15.000000, P, -0.015000, I, 0.000000, D, 0.000000, PID, -0.015000
2011-11-23 16:23:07,229 vel_y, Err, -2.000000, P, 0.000000, I, 0.000000, D, 0.000000, PID, 0.000000
2011-11-23 16:23:07,253 vel_x, Err, -17.000000, P, -0.017000, I, 0.000000, D, -0.016164, PID, -0.033164
2011-11-23 16:23:07,253 vel_y, Err, -3.000000, P, 0.000000, I, 0.000000, D, 0.000000, PID, 0.000000
2011-11-23 16:23:07,302 vel_x, Err, -20.000000, P, -0.020000, I, 0.000000, D, -0.012158, PID, -0.032158
2011-11-23 16:23:07,303 vel_y, Err, -2.000000, P, 0.000000, I, 0.000000, D, 0.000000, PID, 0.000000
2011-11-23 16:23:07,481 vel_x, Err, -31.000000, P, -0.031000, I, 0.000000, D, -0.012361, PID, -0.043361
2011-11-23 16:23:07,481 vel_y, Err, 2.000000, P, 0.000000, I, 0.000000, D, 0.000000, PID, 0.000000
2011-11-23 16:23:07,530 vel_x, Err, -32.000000, P, -0.032000, I, 0.000000, D, -0.004044, PID, -0.036044
2011-11-23 16:23:07,531 vel_y, Err, 3.000000, P, 0.000000, I, 0.000000, D, 0.000000, PID, 0.000000
2011-11-23 16:23:07,605 vel_x, Err, -33.000000, P, -0.033000, I, 0.000000, D, -0.002673, PID, -0.035673
2011-11-23 16:23:07,605 vel_y, Err, 4.000000, P, 0.000000, I, 0.000000, D, 0.000000, PID, 0.000000
2011-11-23 16:23:07,653 vel_x, Err, -34.000000, P, -0.034000, I, 0.000000, D, -0.004180, PID, -0.038180
2011-11-23 16:23:07,653 vel_y, Err, 5.000000, P, 0.000000, I, 0.000000, D, 0.000000, PID, 0.000000
2011-11-23 16:23:07,703 vel_x, Err, -34.000000, P, -0.034000, I, 0.000000, D, 0.000000, PID, -0.034000
2011-11-23 16:23:07,704 vel_y, Err, 7.000000, P, 0.000000, I, 0.000000, D, 0.000000, PID, 0.000000
2011-11-23 16:23:07,753 vel_x, Err, -33.000000, P, -0.033000, I, 0.000000, D, 0.004051, PID, -0.028949
2011-11-23 16:23:07,753 vel_y, Err, 8.000000, P, 0.008000, I, 0.000000, D, 0.004266, PID, 0.012266
2011-11-23 16:23:07,802 vel_x, Err, -31.000000, P, -0.031000, I, 0.000000, D, 0.008087, PID, -0.022913
2011-11-23 16:23:07,802 vel_y, Err, 10.000000, P, 0.010000, I, 0.000000, D, 0.008077, PID, 0.018077
2011-11-23 16:23:07,852 vel_x, Err, -30.000000, P, -0.030000, I, 0.000000, D, 0.003994, PID, -0.026006
2011-11-23 16:23:07,852 vel_y, Err, 11.000000, P, 0.011000, I, 0.000000, D, 0.003997, PID, 0.014997
2011-11-23 16:23:07,903 vel_x, Err, -28.000000, P, -0.028000, I, 0.000000, D, 0.007947, PID, -0.020053
2011-11-23 16:23:07,903 vel_y, Err, 13.000000, P, 0.013000, I, 0.000000, D, 0.007943, PID, 0.020943
2011-11-23 16:23:08,005 vel_x, Err, -23.000000, P, -0.023000, I, 0.000000, D, 0.009742, PID, -0.013258
2011-11-23 16:23:08,006 vel_y, Err, 17.000000, P, 0.017000, I, 0.000000, D, 0.007774, PID, 0.024774
2011-11-23 16:23:08,080 vel_x, Err, -19.000000, P, -0.019000, I, 0.000000, D, 0.010723, PID, -0.008277
2011-11-23 16:23:08,080 vel_y, Err, 19.000000, P, 0.019000, I, 0.000000, D, 0.005361, PID, 0.024361
2011-11-23 16:23:08,128 vel_x, Err, -16.000000, P, -0.016000, I, 0.000000, D, 0.012559, PID, -0.003441
2011-11-23 16:23:08,128 vel_y, Err, 20.000000, P, 0.020000, I, 0.000000, D, 0.004199, PID, 0.024199
2011-11-23 16:23:08,178 vel_x, Err, -12.000000, P, -0.012000, I, 0.000000, D, 0.015997, PID, 0.003997
2011-11-23 16:23:08,178 vel_y, Err, 21.000000, P, 0.021000, I, 0.000000, D, 0.003983, PID, 0.024983
2011-11-23 16:23:08,227 vel_x, Err, -8.000000, P, -0.008000, I, 0.000000, D, 0.016179, PID, 0.008179
2011-11-23 16:23:08,228 vel_y, Err, 22.000000, P, 0.022000, I, 0.000000, D, 0.004061, PID, 0.026061
2011-11-23 16:23:08,305 vel_x, Err, -3.000000, P, 0.000000, I, 0.000000, D, 0.000000, PID, 0.000000
2011-11-23 16:23:08,306 vel_y, Err, 23.000000, P, 0.023000, I, 0.000000, D, 0.002557, PID, 0.025557
2011-11-23 16:23:08,353 vel_x, Err, 2.000000, P, 0.000000, I, 0.000000, D, 0.000000, PID, 0.000000
2011-11-23 16:23:08,353 vel_y, Err, 23.000000, P, 0.023000, I, 0.000000, D, 0.000000, PID, 0.023000
2011-11-23 16:23:08,404 vel_x, Err, 6.000000, P, 0.000000, I, 0.000000, D, 0.000000, PID, 0.000000
2011-11-23 16:23:08,404 vel_y, Err, 24.000000, P, 0.024000, I, 0.000000, D, 0.003913, PID, 0.027913
2011-11-23 16:23:08,506 vel_x, Err, 15.000000, P, 0.015000, I, 0.000000, D, 0.016518, PID, 0.031518
2011-11-23 16:23:08,507 vel_y, Err, 25.000000, P, 0.025000, I, 0.000000, D, 0.001955, PID, 0.026955
2011-11-23 16:23:08,552 vel_x, Err, 18.000000, P, 0.018000, I, 0.000000, D, 0.012885, PID, 0.030885
2011-11-23 16:23:08,553 vel_y, Err, 26.000000, P, 0.026000, I, 0.000000, D, 0.004325, PID, 0.030325
2011-11-23 16:23:08,603 vel_x, Err, 22.000000, P, 0.022000, I, 0.000000, D, 0.015958, PID, 0.037958
2011-11-23 16:23:08,603 vel_y, Err, 26.000000, P, 0.026000, I, 0.000000, D, 0.000000, PID, 0.026000
2011-11-23 16:23:08,653 vel_x, Err, 26.000000, P, 0.026000, I, 0.000000, D, 0.015993, PID, 0.041993
2011-11-23 16:23:08,653 vel_y, Err, 27.000000, P, 0.027000, I, 0.000000, D, 0.003982, PID, 0.030982
2011-11-23 16:23:08,705 vel_x, Err, 32.000000, P, 0.032000, I, 0.000000, D, 0.022927, PID, 0.054927
2011-11-23 16:23:08,706 vel_y, Err, 27.000000, P, 0.027000, I, 0.000000, D, 0.000000, PID, 0.027000
2011-11-23 16:23:08,780 vel_x, Err, 38.000000, P, 0.038000, I, 0.000000, D, 0.016091, PID, 0.054091
2011-11-23 16:23:08,780 vel_y, Err, 27.000000, P, 0.027000, I, 0.000000, D, 0.000000, PID, 0.027000
2011-11-23 16:23:08,830 vel_x, Err, 42.000000, P, 0.042000, I, 0.000000, D, 0.015892, PID, 0.057892
2011-11-23 16:23:08,831 vel_y, Err, 27.000000, P, 0.027000, I, 0.000000, D, 0.000000, PID, 0.027000
2011-11-23 16:23:08,880 vel_x, Err, 47.000000, P, 0.047000, I, 0.000000, D, 0.020169, PID, 0.067169
2011-11-23 16:23:08,880 vel_y, Err, 26.000000, P, 0.026000, I, 0.000000, D, -0.004047, PID, 0.021953
2011-11-23 16:23:08,955 vel_x, Err, 52.000000, P, 0.052000, I, 0.000000, D, 0.013275, PID, 0.065275
2011-11-23 16:23:08,955 vel_y, Err, 24.000000, P, 0.024000, I, 0.000000, D, -0.005308, PID, 0.018692
2011-11-23 16:23:09,003 vel_x, Err, 55.000000, P, 0.055000, I, 0.000000, D, 0.012445, PID, 0.067445
2011-11-23 16:23:09,003 vel_y, Err, 22.000000, P, 0.022000, I, 0.000000, D, -0.008334, PID, 0.013666
2011-11-23 16:23:09,053 vel_x, Err, 55.000000, P, 0.055000, I, 0.000000, D, 0.000000, PID, 0.055000
2011-11-23 16:23:09,053 vel_y, Err, 22.000000, P, 0.022000, I, 0.000000, D, 0.000000, PID, 0.022000
2011-11-23 16:23:09,102 vel_x, Err, 55.000000, P, 0.055000, I, 0.000000, D, 0.000000, PID, 0.055000
2011-11-23 16:23:09,103 vel_y, Err, 22.000000, P, 0.022000, I, 0.000000, D, 0.000000, PID, 0.022000
2011-11-23 16:23:14,330 vel_x, Err, -13.000000, P, -0.013000, I, 0.000000, D, 0.000000, PID, -0.013000
2011-11-23 16:23:14,331 vel_y, Err, -26.000000, P, -0.026000, I, 0.000000, D, 0.000000, PID, -0.026000
2011-11-23 16:23:14,379 vel_x, Err, -15.000000, P, -0.015000, I, 0.000000, D, -0.008261, PID, -0.023261
2011-11-23 16:23:14,379 vel_y, Err, -26.000000, P, -0.026000, I, 0.000000, D, 0.000000, PID, -0.026000
2011-11-23 16:23:14,428 vel_x, Err, -14.000000, P, -0.014000, I, 0.000000, D, 0.004061, PID, -0.009939
2011-11-23 16:23:14,428 vel_y, Err, -26.000000, P, -0.026000, I, 0.000000, D, 0.000000, PID, -0.026000
2011-11-23 16:23:14,480 vel_x, Err, -12.000000, P, -0.012000, I, 0.000000, D, 0.007686, PID, -0.004314
2011-11-23 16:23:14,480 vel_y, Err, -27.000000, P, -0.027000, I, 0.000000, D, -0.003852, PID, -0.030852
2011-11-23 16:23:14,528 vel_x, Err, -11.000000, P, -0.011000, I, 0.000000, D, 0.004152, PID, -0.006848
2011-11-23 16:23:14,529 vel_y, Err, -28.000000, P, -0.028000, I, 0.000000, D, -0.004156, PID, -0.032156
2011-11-23 16:23:14,580 vel_x, Err, -9.000000, P, -0.009000, I, 0.000000, D, 0.007766, PID, -0.001234
2011-11-23 16:23:14,580 vel_y, Err, -30.000000, P, -0.030000, I, 0.000000, D, -0.007770, PID, -0.037770
2011-11-23 16:23:14,654 vel_x, Err, -7.000000, P, 0.000000, I, 0.000000, D, 0.000000, PID, 0.000000
2011-11-23 16:23:14,655 vel_y, Err, -32.000000, P, -0.032000, I, 0.000000, D, -0.005358, PID, -0.037358
2011-11-23 16:23:14,703 vel_x, Err, -5.000000, P, 0.000000, I, 0.000000, D, 0.000000, PID, 0.000000
2011-11-23 16:23:14,703 vel_y, Err, -33.000000, P, -0.033000, I, 0.000000, D, -0.004125, PID, -0.037125
2011-11-23 16:23:14,755 vel_x, Err, -3.000000, P, 0.000000, I, 0.000000, D, 0.000000, PID, 0.000000
2011-11-23 16:23:14,755 vel_y, Err, -32.000000, P, -0.032000, I, 0.000000, D, 0.003857, PID, -0.028143
2011-11-23 16:23:14,805 vel_x, Err, -1.000000, P, 0.000000, I, 0.000000, D, 0.000000, PID, 0.000000
2011-11-23 16:23:14,805 vel_y, Err, -31.000000, P, -0.031000, I, 0.000000, D, 0.003973, PID, -0.027027
2011-11-23 16:23:14,854 vel_x, Err, 0.000000, P, 0.000000, I, 0.000000, D, 0.000000, PID, 0.000000
2011-11-23 16:23:14,854 vel_y, Err, -30.000000, P, -0.030000, I, 0.000000, D, 0.004117, PID, -0.025883
2011-11-23 16:23:14,903 vel_x, Err, 1.000000, P, 0.000000, I, 0.000000, D, 0.000000, PID, 0.000000
2011-11-23 16:23:14,904 vel_y, Err, -28.000000, P, -0.028000, I, 0.000000, D, 0.008080, PID, -0.019920
2011-11-23 16:23:14,953 vel_x, Err, 2.000000, P, 0.000000, I, 0.000000, D, 0.000000, PID, 0.000000
2011-11-23 16:23:14,953 vel_y, Err, -26.000000, P, -0.026000, I, 0.000000, D, 0.008023, PID, -0.017977
2011-11-23 16:23:15,003 vel_x, Err, 2.000000, P, 0.000000, I, 0.000000, D, 0.000000, PID, 0.000000
2011-11-23 16:23:15,003 vel_y, Err, -23.000000, P, -0.023000, I, 0.000000, D, 0.012058, PID, -0.010942
2011-11-23 16:23:15,081 vel_x, Err, 3.000000, P, 0.000000, I, 0.000000, D, 0.000000, PID, 0.000000
2011-11-23 16:23:15,081 vel_y, Err, -20.000000, P, -0.020000, I, 0.000000, D, 0.007703, PID, -0.012297
2011-11-23 16:23:15,128 vel_x, Err, 4.000000, P, 0.000000, I, 0.000000, D, 0.000000, PID, 0.000000
2011-11-23 16:23:15,128 vel_y, Err, -18.000000, P, -0.018000, I, 0.000000, D, 0.008477, PID, -0.009523
2011-11-23 16:23:15,178 vel_x, Err, 4.000000, P, 0.000000, I, 0.000000, D, 0.000000, PID, 0.000000
2011-11-23 16:23:15,178 vel_y, Err, -16.000000, P, -0.016000, I, 0.000000, D, 0.008073, PID, -0.007927
2011-11-23 16:23:15,228 vel_x, Err, 4.000000, P, 0.000000, I, 0.000000, D, 0.000000, PID, 0.000000
2011-11-23 16:23:15,229 vel_y, Err, -14.000000, P, -0.014000, I, 0.000000, D, 0.007872, PID, -0.006128
2011-11-23 16:23:15,305 vel_x, Err, 4.000000, P, 0.000000, I, 0.000000, D, 0.000000, PID, 0.000000
2011-11-23 16:23:15,306 vel_y, Err, -13.000000, P, -0.013000, I, 0.000000, D, 0.002601, PID, -0.010399
2011-11-23 16:23:15,353 vel_x, Err, 3.000000, P, 0.000000, I, 0.000000, D, 0.000000, PID, 0.000000
2011-11-23 16:23:15,353 vel_y, Err, -12.000000, P, -0.012000, I, 0.000000, D, 0.004187, PID, -0.007813
2011-11-23 16:23:15,402 vel_x, Err, 2.000000, P, 0.000000, I, 0.000000, D, 0.000000, PID, 0.000000
2011-11-23 16:23:15,403 vel_y, Err, -11.000000, P, -0.011000, I, 0.000000, D, 0.004050, PID, -0.006950
2011-11-23 16:23:15,456 vel_x, Err, 2.000000, P, 0.000000, I, 0.000000, D, 0.000000, PID, 0.000000
2011-11-23 16:23:15,456 vel_y, Err, -10.000000, P, -0.010000, I, 0.000000, D, 0.003749, PID, -0.006251
2011-11-23 16:23:15,503 vel_x, Err, 2.000000, P, 0.000000, I, 0.000000, D, 0.000000, PID, 0.000000
2011-11-23 16:23:15,503 vel_y, Err, -10.000000, P, -0.010000, I, 0.000000, D, 0.000000, PID, -0.010000
2011-11-23 16:23:15,553 vel_x, Err, 1.000000, P, 0.000000, I, 0.000000, D, 0.000000, PID, 0.000000
2011-11-23 16:23:15,554 vel_y, Err, -9.000000, P, -0.009000, I, 0.000000, D, 0.003928, PID, -0.005072
2011-11-23 16:23:15,602 vel_x, Err, 1.000000, P, 0.000000, I, 0.000000, D, 0.000000, PID, 0.000000
2011-11-23 16:23:15,603 vel_y, Err, -9.000000, P, -0.009000, I, 0.000000, D, 0.000000, PID, -0.009000
2011-11-23 16:23:15,655 vel_x, Err, 2.000000, P, 0.000000, I, 0.000000, D, 0.000000, PID, 0.000000
2011-11-23 16:23:15,655 vel_y, Err, -9.000000, P, -0.009000, I, 0.000000, D, 0.000000, PID, -0.009000
2011-11-23 16:23:15,705 vel_x, Err, 3.000000, P, 0.000000, I, 0.000000, D, 0.000000, PID, 0.000000
2011-11-23 16:23:15,706 vel_y, Err, -10.000000, P, -0.010000, I, 0.000000, D, -0.003964, PID, -0.013964
2011-11-23 16:23:15,780 vel_x, Err, 4.000000, P, 0.000000, I, 0.000000, D, 0.000000, PID, 0.000000
2011-11-23 16:23:15,781 vel_y, Err, -11.000000, P, -0.011000, I, 0.000000, D, -0.002668, PID, -0.013668
2011-11-23 16:23:15,828 vel_x, Err, 5.000000, P, 0.000000, I, 0.000000, D, 0.000000, PID, 0.000000
2011-11-23 16:23:15,828 vel_y, Err, -12.000000, P, -0.012000, I, 0.000000, D, -0.004216, PID, -0.016216
2011-11-23 16:23:15,880 vel_x, Err, 5.000000, P, 0.000000, I, 0.000000, D, 0.000000, PID, 0.000000
2011-11-23 16:23:15,881 vel_y, Err, -12.000000, P, -0.012000, I, 0.000000, D, 0.000000, PID, -0.012000
2011-11-23 16:23:15,930 vel_x, Err, 6.000000, P, 0.000000, I, 0.000000, D, 0.000000, PID, 0.000000
2011-11-23 16:23:15,930 vel_y, Err, -11.000000, P, -0.011000, I, 0.000000, D, 0.004013, PID, -0.006987
2011-11-23 16:23:16,006 vel_x, Err, 8.000000, P, 0.008000, I, 0.000000, D, 0.007983, PID, 0.015983
2011-11-23 16:23:16,006 vel_y, Err, -10.000000, P, -0.010000, I, 0.000000, D, 0.002640, PID, -0.007360
2011-11-23 16:23:16,053 vel_x, Err, 10.000000, P, 0.010000, I, 0.000000, D, 0.008434, PID, 0.018434
2011-11-23 16:23:16,053 vel_y, Err, -9.000000, P, -0.009000, I, 0.000000, D, 0.004241, PID, -0.004759
2011-11-23 16:23:16,105 vel_x, Err, 11.000000, P, 0.011000, I, 0.000000, D, 0.003840, PID, 0.014840
2011-11-23 16:23:16,106 vel_y, Err, -8.000000, P, -0.008000, I, 0.000000, D, 0.003830, PID, -0.004170
2011-11-23 16:23:16,153 vel_x, Err, 12.000000, P, 0.012000, I, 0.000000, D, 0.004175, PID, 0.016175
2011-11-23 16:23:16,154 vel_y, Err, -7.000000, P, 0.000000, I, 0.000000, D, 0.000000, PID, 0.000000
2011-11-23 16:23:16,206 vel_x, Err, 14.000000, P, 0.014000, I, 0.000000, D, 0.007565, PID, 0.021565
2011-11-23 16:23:16,206 vel_y, Err, -6.000000, P, 0.000000, I, 0.000000, D, 0.000000, PID, 0.000000
2011-11-23 16:23:16,255 vel_x, Err, 16.000000, P, 0.016000, I, 0.000000, D, 0.008096, PID, 0.024096
2011-11-23 16:23:16,256 vel_y, Err, -6.000000, P, 0.000000, I, 0.000000, D, 0.000000, PID, 0.000000
2011-11-23 16:23:16,304 vel_x, Err, 18.000000, P, 0.018000, I, 0.000000, D, 0.008330, PID, 0.026330
2011-11-23 16:23:16,304 vel_y, Err, -6.000000, P, 0.000000, I, 0.000000, D, 0.000000, PID, 0.000000
2011-11-23 16:23:16,352 vel_x, Err, 19.000000, P, 0.019000, I, 0.000000, D, 0.004088, PID, 0.023088
2011-11-23 16:23:16,353 vel_y, Err, -7.000000, P, 0.000000, I, 0.000000, D, 0.000000, PID, 0.000000
2011-11-23 16:23:16,404 vel_x, Err, 21.000000, P, 0.021000, I, 0.000000, D, 0.007832, PID, 0.028832
2011-11-23 16:23:16,404 vel_y, Err, -8.000000, P, -0.008000, I, 0.000000, D, 0.000000, PID, -0.008000
2011-11-23 16:23:16,481 vel_x, Err, 23.000000, P, 0.023000, I, 0.000000, D, 0.005186, PID, 0.028186
2011-11-23 16:23:16,481 vel_y, Err, -10.000000, P, -0.010000, I, 0.000000, D, -0.005184, PID, -0.015184
2011-11-23 16:23:16,528 vel_x, Err, 25.000000, P, 0.025000, I, 0.000000, D, 0.008490, PID, 0.033490
2011-11-23 16:23:16,528 vel_y, Err, -12.000000, P, -0.012000, I, 0.000000, D, -0.008528, PID, -0.020528
2011-11-23 16:23:16,579 vel_x, Err, 27.000000, P, 0.027000, I, 0.000000, D, 0.007902, PID, 0.034902
2011-11-23 16:23:16,579 vel_y, Err, -16.000000, P, -0.016000, I, 0.000000, D, -0.015735, PID, -0.031735
2011-11-23 16:23:16,628 vel_x, Err, 29.000000, P, 0.029000, I, 0.000000, D, 0.008127, PID, 0.037127
2011-11-23 16:23:16,628 vel_y, Err, -19.000000, P, -0.019000, I, 0.000000, D, -0.012215, PID, -0.031215
2011-11-23 16:23:16,678 vel_x, Err, 31.000000, P, 0.031000, I, 0.000000, D, 0.007963, PID, 0.038963
2011-11-23 16:23:16,678 vel_y, Err, -24.000000, P, -0.024000, I, 0.000000, D, -0.019906, PID, -0.043906
2011-11-23 16:23:16,729 vel_x, Err, 33.000000, P, 0.033000, I, 0.000000, D, 0.007880, PID, 0.040880
2011-11-23 16:23:16,729 vel_y, Err, -27.000000, P, -0.027000, I, 0.000000, D, -0.011812, PID, -0.038812
2011-11-23 16:23:16,805 vel_x, Err, 35.000000, P, 0.035000, I, 0.000000, D, 0.005226, PID, 0.040226
2011-11-23 16:23:16,806 vel_y, Err, -30.000000, P, -0.030000, I, 0.000000, D, -0.007821, PID, -0.037821
2011-11-23 16:23:16,829 vel_x, Err, 37.000000, P, 0.037000, I, 0.000000, D, 0.017300, PID, 0.054300
2011-11-23 16:23:16,829 vel_y, Err, -32.000000, P, -0.032000, I, 0.000000, D, -0.017473, PID, -0.049473
2011-11-23 16:23:16,905 vel_x, Err, 39.000000, P, 0.039000, I, 0.000000, D, 0.005206, PID, 0.044206
2011-11-23 16:23:16,906 vel_y, Err, -34.000000, P, -0.034000, I, 0.000000, D, -0.005187, PID, -0.039187
2011-11-23 16:23:16,954 vel_x, Err, 39.000000, P, 0.039000, I, 0.000000, D, 0.000000, PID, 0.039000
2011-11-23 16:23:16,955 vel_y, Err, -33.000000, P, -0.033000, I, 0.000000, D, 0.004114, PID, -0.028886
2011-11-23 16:23:17,003 vel_x, Err, 40.000000, P, 0.040000, I, 0.000000, D, 0.004076, PID, 0.044076
2011-11-23 16:23:17,004 vel_y, Err, -33.000000, P, -0.033000, I, 0.000000, D, 0.000000, PID, -0.033000
2011-11-23 16:23:17,053 vel_x, Err, 40.000000, P, 0.040000, I, 0.000000, D, 0.000000, PID, 0.040000
2011-11-23 16:23:17,054 vel_y, Err, -32.000000, P, -0.032000, I, 0.000000, D, 0.004014, PID, -0.027986
2011-11-23 16:23:17,128 vel_x, Err, 40.000000, P, 0.040000, I, 0.000000, D, 0.000000, PID, 0.040000
2011-11-23 16:23:17,128 vel_y, Err, -30.000000, P, -0.030000, I, 0.000000, D, 0.005384, PID, -0.024616
2011-11-23 16:23:17,179 vel_x, Err, 40.000000, P, 0.040000, I, 0.000000, D, 0.000000, PID, 0.040000
2011-11-23 16:23:17,179 vel_y, Err, -28.000000, P, -0.028000, I, 0.000000, D, 0.007885, PID, -0.020115
2011-11-23 16:23:17,228 vel_x, Err, 40.000000, P, 0.040000, I, 0.000000, D, 0.000000, PID, 0.040000
2011-11-23 16:23:17,228 vel_y, Err, -26.000000, P, -0.026000, I, 0.000000, D, 0.008185, PID, -0.017815
2011-11-23 16:23:17,278 vel_x, Err, 39.000000, P, 0.039000, I, 0.000000, D, -0.003984, PID, 0.035016
2011-11-23 16:23:17,278 vel_y, Err, -24.000000, P, -0.024000, I, 0.000000, D, 0.007967, PID, -0.016033
2011-11-23 16:23:17,356 vel_x, Err, 39.000000, P, 0.039000, I, 0.000000, D, 0.000000, PID, 0.039000
2011-11-23 16:23:17,357 vel_y, Err, -21.000000, P, -0.021000, I, 0.000000, D, 0.007657, PID, -0.013343
2011-11-23 16:23:17,404 vel_x, Err, 39.000000, P, 0.039000, I, 0.000000, D, 0.000000, PID, 0.039000
2011-11-23 16:23:17,405 vel_y, Err, -19.000000, P, -0.019000, I, 0.000000, D, 0.008260, PID, -0.010740
2011-11-23 16:23:17,428 vel_x, Err, 39.000000, P, 0.039000, I, 0.000000, D, 0.000000, PID, 0.039000
2011-11-23 16:23:17,428 vel_y, Err, -16.000000, P, -0.016000, I, 0.000000, D, 0.026096, PID, 0.010096
2011-11-23 16:23:17,480 vel_x, Err, 39.000000, P, 0.039000, I, 0.000000, D, 0.000000, PID, 0.039000
2011-11-23 16:23:17,481 vel_y, Err, -14.000000, P, -0.014000, I, 0.000000, D, 0.007565, PID, -0.006435
2011-11-23 16:23:17,555 vel_x, Err, 39.000000, P, 0.039000, I, 0.000000, D, 0.000000, PID, 0.039000
2011-11-23 16:23:17,555 vel_y, Err, -12.000000, P, -0.012000, I, 0.000000, D, 0.005370, PID, -0.006630
2011-11-23 16:23:17,606 vel_x, Err, 39.000000, P, 0.039000, I, 0.000000, D, 0.000000, PID, 0.039000
2011-11-23 16:23:17,607 vel_y, Err, -10.000000, P, -0.010000, I, 0.000000, D, 0.007796, PID, -0.002204
2011-11-23 16:23:17,706 vel_x, Err, 40.000000, P, 0.040000, I, 0.000000, D, 0.002011, PID, 0.042011
2011-11-23 16:23:17,706 vel_y, Err, -7.000000, P, 0.000000, I, 0.000000, D, 0.000000, PID, 0.000000
2011-11-23 16:23:17,831 vel_x, Err, 40.000000, P, 0.040000, I, 0.000000, D, 0.000000, PID, 0.040000
2011-11-23 16:23:17,831 vel_y, Err, -6.000000, P, 0.000000, I, 0.000000, D, 0.000000, PID, 0.000000
2011-11-23 16:23:17,881 vel_x, Err, 40.000000, P, 0.040000, I, 0.000000, D, 0.000000, PID, 0.040000
2011-11-23 16:23:17,881 vel_y, Err, -6.000000, P, 0.000000, I, 0.000000, D, 0.000000, PID, 0.000000
2011-11-23 16:23:17,981 vel_x, Err, 40.000000, P, 0.040000, I, 0.000000, D, 0.000000, PID, 0.040000
2011-11-23 16:23:17,981 vel_y, Err, -5.000000, P, 0.000000, I, 0.000000, D, 0.000000, PID, 0.000000
2011-11-23 16:23:18,106 vel_x, Err, 39.000000, P, 0.039000, I, 0.000000, D, -0.001601, PID, 0.037399
2011-11-23 16:23:18,106 vel_y, Err, -6.000000, P, 0.000000, I, 0.000000, D, 0.000000, PID, 0.000000
2011-11-23 16:23:18,256 vel_x, Err, 39.000000, P, 0.039000, I, 0.000000, D, 0.000000, PID, 0.039000
2011-11-23 16:23:18,256 vel_y, Err, -10.000000, P, -0.010000, I, 0.000000, D, 0.000000, PID, -0.010000
2011-11-23 16:23:18,303 vel_x, Err, 38.000000, P, 0.038000, I, 0.000000, D, -0.004220, PID, 0.033780
2011-11-23 16:23:18,303 vel_y, Err, -12.000000, P, -0.012000, I, 0.000000, D, -0.008487, PID, -0.020487
2011-11-23 16:23:18,352 vel_x, Err, 37.000000, P, 0.037000, I, 0.000000, D, -0.004044, PID, 0.032956
2011-11-23 16:23:18,353 vel_y, Err, -12.000000, P, -0.012000, I, 0.000000, D, 0.000000, PID, -0.012000
2011-11-23 16:23:18,403 vel_x, Err, 37.000000, P, 0.037000, I, 0.000000, D, 0.000000, PID, 0.037000
2011-11-23 16:23:18,403 vel_y, Err, -13.000000, P, -0.013000, I, 0.000000, D, -0.003988, PID, -0.016988
2011-11-23 16:23:18,480 vel_x, Err, 36.000000, P, 0.036000, I, 0.000000, D, -0.002582, PID, 0.033418
2011-11-23 16:23:18,481 vel_y, Err, -13.000000, P, -0.013000, I, 0.000000, D, 0.000000, PID, -0.013000
2011-11-23 16:23:18,528 vel_x, Err, 36.000000, P, 0.036000, I, 0.000000, D, 0.000000, PID, 0.036000
2011-11-23 16:23:18,528 vel_y, Err, -14.000000, P, -0.014000, I, 0.000000, D, -0.004215, PID, -0.018215
2011-11-23 16:23:18,630 vel_x, Err, 35.000000, P, 0.035000, I, 0.000000, D, -0.001955, PID, 0.033045
2011-11-23 16:23:18,631 vel_y, Err, -15.000000, P, -0.015000, I, 0.000000, D, -0.001952, PID, -0.016952
2011-11-23 16:23:18,905 vel_x, Err, 27.000000, P, 0.027000, I, 0.000000, D, -0.005817, PID, 0.021183
2011-11-23 16:23:18,906 vel_y, Err, -12.000000, P, -0.012000, I, 0.000000, D, 0.002182, PID, -0.009818
2011-11-23 16:23:18,955 vel_x, Err, 25.000000, P, 0.025000, I, 0.000000, D, -0.007956, PID, 0.017044
2011-11-23 16:23:18,956 vel_y, Err, -10.000000, P, -0.010000, I, 0.000000, D, 0.007922, PID, -0.002078
2011-11-23 16:23:19,003 vel_x, Err, 24.000000, P, 0.024000, I, 0.000000, D, -0.004228, PID, 0.019772
2011-11-23 16:23:19,003 vel_y, Err, -8.000000, P, -0.008000, I, 0.000000, D, 0.008527, PID, 0.000527
2011-11-23 16:23:19,053 vel_x, Err, 23.000000, P, 0.023000, I, 0.000000, D, -0.003994, PID, 0.019006
2011-11-23 16:23:19,053 vel_y, Err, -6.000000, P, 0.000000, I, 0.000000, D, 0.000000, PID, 0.000000
2011-11-23 16:23:19,104 vel_x, Err, 21.000000, P, 0.021000, I, 0.000000, D, -0.007831, PID, 0.013169
2011-11-23 16:23:19,105 vel_y, Err, -2.000000, P, 0.000000, I, 0.000000, D, 0.000000, PID, 0.000000
2011-11-23 16:23:19,180 vel_x, Err, 18.000000, P, 0.018000, I, 0.000000, D, -0.007901, PID, 0.010099
2011-11-23 16:23:19,180 vel_y, Err, 4.000000, P, 0.000000, I, 0.000000, D, 0.000000, PID, 0.000000
2011-11-23 16:23:19,227 vel_x, Err, 16.000000, P, 0.016000, I, 0.000000, D, -0.008411, PID, 0.007589
2011-11-23 16:23:19,228 vel_y, Err, 8.000000, P, 0.008000, I, 0.000000, D, 0.014237, PID, 0.022237
2011-11-23 16:23:19,278 vel_x, Err, 14.000000, P, 0.014000, I, 0.000000, D, -0.007971, PID, 0.006029
2011-11-23 16:23:19,278 vel_y, Err, 13.000000, P, 0.013000, I, 0.000000, D, 0.019885, PID, 0.032885
2011-11-23 16:23:19,327 vel_x, Err, 12.000000, P, 0.012000, I, 0.000000, D, -0.008072, PID, 0.003928
2011-11-23 16:23:19,327 vel_y, Err, 17.000000, P, 0.017000, I, 0.000000, D, 0.016163, PID, 0.033163
2011-11-23 16:23:19,380 vel_x, Err, 10.000000, P, 0.010000, I, 0.000000, D, -0.007564, PID, 0.002436
2011-11-23 16:23:19,381 vel_y, Err, 24.000000, P, 0.024000, I, 0.000000, D, 0.026355, PID, 0.050355
2011-11-23 16:23:19,480 vel_x, Err, 5.000000, P, 0.005000, I, 0.000000, D, -0.009983, PID, -0.004983
2011-11-23 16:23:19,481 vel_y, Err, 35.000000, P, 0.035000, I, 0.000000, D, 0.021957, PID, 0.056957
2011-11-23 16:23:19,527 vel_x, Err, 3.000000, P, 0.003000, I, 0.000000, D, -0.008488, PID, -0.005488
2011-11-23 16:23:19,528 vel_y, Err, 40.000000, P, 0.040000, I, 0.000000, D, 0.021321, PID, 0.061321
2011-11-23 16:23:19,604 vel_x, Err, 1.000000, P, 0.001000, I, 0.000000, D, -0.005249, PID, -0.004249
2011-11-23 16:23:19,604 vel_y, Err, 47.000000, P, 0.047000, I, 0.000000, D, 0.018300, PID, 0.065300
2011-11-23 16:23:19,653 vel_x, Err, 0.000000, P, 0.000000, I, 0.000000, D, -0.004085, PID, -0.004085
2011-11-23 16:23:19,653 vel_y, Err, 51.000000, P, 0.051000, I, 0.000000, D, 0.016416, PID, 0.067416
2011-11-23 16:23:19,703 vel_x, Err, -1.000000, P, 0.000000, I, 0.000000, D, 0.000000, PID, 0.000000
2011-11-23 16:23:19,703 vel_y, Err, 52.000000, P, 0.052000, I, 0.000000, D, 0.003971, PID, 0.055971
2011-11-23 16:23:19,755 vel_x, Err, -2.000000, P, 0.000000, I, 0.000000, D, 0.000000, PID, 0.000000
2011-11-23 16:23:19,756 vel_y, Err, 53.000000, P, 0.053000, I, 0.000000, D, 0.003810, PID, 0.056810
2011-11-23 16:23:19,803 vel_x, Err, -2.000000, P, 0.000000, I, 0.000000, D, 0.000000, PID, 0.000000
2011-11-23 16:23:19,803 vel_y, Err, 51.000000, P, 0.051000, I, 0.000000, D, -0.008468, PID, 0.042532
2011-11-23 16:23:19,880 vel_x, Err, -3.000000, P, 0.000000, I, 0.000000, D, 0.000000, PID, 0.000000
2011-11-23 16:23:19,880 vel_y, Err, 47.000000, P, 0.047000, I, 0.000000, D, -0.010405, PID, 0.036595
2011-11-23 16:23:19,930 vel_x, Err, -3.000000, P, 0.000000, I, 0.000000, D, 0.000000, PID, 0.000000
2011-11-23 16:23:19,931 vel_y, Err, 43.000000, P, 0.043000, I, 0.000000, D, -0.015873, PID, 0.027127
2011-11-23 16:23:19,981 vel_x, Err, -4.000000, P, 0.000000, I, 0.000000, D, 0.000000, PID, 0.000000
2011-11-23 16:23:19,981 vel_y, Err, 37.000000, P, 0.037000, I, 0.000000, D, -0.023721, PID, 0.013279
2011-11-23 16:23:20,028 vel_x, Err, -5.000000, P, 0.000000, I, 0.000000, D, 0.000000, PID, 0.000000
2011-11-23 16:23:20,028 vel_y, Err, 32.000000, P, 0.032000, I, 0.000000, D, -0.021295, PID, 0.010705
2011-11-23 16:23:20,078 vel_x, Err, -6.000000, P, 0.000000, I, 0.000000, D, 0.000000, PID, 0.000000
2011-11-23 16:23:20,079 vel_y, Err, 25.000000, P, 0.025000, I, 0.000000, D, -0.027646, PID, -0.002646
2011-11-23 16:23:20,128 vel_x, Err, -8.000000, P, -0.008000, I, 0.000000, D, -0.003368, PID, -0.011368
2011-11-23 16:23:20,128 vel_y, Err, 20.000000, P, 0.020000, I, 0.000000, D, -0.020180, PID, -0.000180
2011-11-23 16:23:20,179 vel_x, Err, -9.000000, P, -0.009000, I, 0.000000, D, -0.003941, PID, -0.012941
2011-11-23 16:23:20,179 vel_y, Err, 14.000000, P, 0.014000, I, 0.000000, D, -0.023728, PID, -0.009728
2011-11-23 16:23:20,227 vel_x, Err, -10.000000, P, -0.010000, I, 0.000000, D, -0.004097, PID, -0.014097
2011-11-23 16:23:20,228 vel_y, Err, 8.000000, P, 0.008000, I, 0.000000, D, -0.024577, PID, -0.016577
2011-11-23 16:23:20,306 vel_x, Err, -13.000000, P, -0.013000, I, 0.000000, D, -0.007692, PID, -0.020692
2011-11-23 16:23:20,306 vel_y, Err, 1.000000, P, 0.001000, I, 0.000000, D, -0.017892, PID, -0.016892
2011-11-23 16:23:20,354 vel_x, Err, -15.000000, P, -0.015000, I, 0.000000, D, -0.008224, PID, -0.023224
2011-11-23 16:23:20,354 vel_y, Err, -5.000000, P, -0.005000, I, 0.000000, D, -0.024761, PID, -0.029761
2011-11-23 16:23:20,405 vel_x, Err, -18.000000, P, -0.018000, I, 0.000000, D, -0.011807, PID, -0.029807
2011-11-23 16:23:20,405 vel_y, Err, -10.000000, P, -0.010000, I, 0.000000, D, -0.019606, PID, -0.029606
2011-11-23 16:23:20,453 vel_x, Err, -21.000000, P, -0.021000, I, 0.000000, D, -0.012625, PID, -0.033625
2011-11-23 16:23:20,453 vel_y, Err, -16.000000, P, -0.016000, I, 0.000000, D, -0.025346, PID, -0.041346
2011-11-23 16:23:20,528 vel_x, Err, -25.000000, P, -0.025000, I, 0.000000, D, -0.010587, PID, -0.035587
2011-11-23 16:23:20,528 vel_y, Err, -22.000000, P, -0.022000, I, 0.000000, D, -0.015861, PID, -0.037861
2011-11-23 16:23:20,582 vel_x, Err, -27.000000, P, -0.027000, I, 0.000000, D, -0.007508, PID, -0.034508
2011-11-23 16:23:20,582 vel_y, Err, -27.000000, P, -0.027000, I, 0.000000, D, -0.018640, PID, -0.045640
2011-11-23 16:23:20,628 vel_x, Err, -30.000000, P, -0.030000, I, 0.000000, D, -0.013022, PID, -0.043022
2011-11-23 16:23:20,628 vel_y, Err, -33.000000, P, -0.033000, I, 0.000000, D, -0.026130, PID, -0.059130
2011-11-23 16:23:20,679 vel_x, Err, -32.000000, P, -0.032000, I, 0.000000, D, -0.007781, PID, -0.039781
2011-11-23 16:23:20,679 vel_y, Err, -39.000000, P, -0.039000, I, 0.000000, D, -0.023403, PID, -0.062403
2011-11-23 16:23:20,728 vel_x, Err, -34.000000, P, -0.034000, I, 0.000000, D, -0.008255, PID, -0.042255
2011-11-23 16:23:20,728 vel_y, Err, -47.000000, P, -0.047000, I, 0.000000, D, -0.033077, PID, -0.080077
2011-11-23 16:23:20,778 vel_x, Err, -36.000000, P, -0.036000, I, 0.000000, D, -0.007858, PID, -0.043858
2011-11-23 16:23:20,779 vel_y, Err, -53.000000, P, -0.053000, I, 0.000000, D, -0.023522, PID, -0.076522
2011-11-23 16:23:20,830 vel_x, Err, -37.000000, P, -0.037000, I, 0.000000, D, -0.003907, PID, -0.040907
2011-11-23 16:23:20,830 vel_y, Err, -60.000000, P, -0.060000, I, 0.000000, D, -0.027265, PID, -0.087265
2011-11-23 16:23:20,880 vel_x, Err, -38.000000, P, -0.038000, I, 0.000000, D, -0.003979, PID, -0.041979
2011-11-23 16:23:20,880 vel_y, Err, -67.000000, P, -0.067000, I, 0.000000, D, -0.027972, PID, -0.094972
2011-11-23 16:23:20,928 vel_x, Err, -38.000000, P, -0.038000, I, 0.000000, D, 0.000000, PID, -0.038000
2011-11-23 16:23:20,928 vel_y, Err, -67.000000, P, -0.067000, I, 0.000000, D, 0.000000, PID, -0.067000
2011-11-23 16:23:21,006 vel_x, Err, -38.000000, P, -0.038000, I, 0.000000, D, 0.000000, PID, -0.038000
2011-11-23 16:23:21,006 vel_y, Err, -67.000000, P, -0.067000, I, 0.000000, D, 0.000000, PID, -0.067000
2011-11-23 16:23:21,480 vel_x, Err, -23.000000, P, -0.023000, I, 0.000000, D, 0.000000, PID, -0.023000
2011-11-23 16:23:21,481 vel_y, Err, -70.000000, P, -0.070000, I, 0.000000, D, 0.000000, PID, -0.070000
2011-11-23 16:23:21,528 vel_x, Err, -20.000000, P, -0.020000, I, 0.000000, D, 0.012678, PID, -0.007322
2011-11-23 16:23:21,528 vel_y, Err, -65.000000, P, -0.065000, I, 0.000000, D, 0.021238, PID, -0.043762
2011-11-23 16:23:21,578 vel_x, Err, -17.000000, P, -0.017000, I, 0.000000, D, 0.011914, PID, -0.005086
2011-11-23 16:23:21,579 vel_y, Err, -62.000000, P, -0.062000, I, 0.000000, D, 0.011905, PID, -0.050095
2011-11-23 16:23:21,655 vel_x, Err, -17.000000, P, -0.017000, I, 0.000000, D, 0.000000, PID, -0.017000
2011-11-23 16:23:21,655 vel_y, Err, -61.000000, P, -0.061000, I, 0.000000, D, 0.002616, PID, -0.058384
2011-11-23 16:23:21,703 vel_x, Err, -18.000000, P, -0.018000, I, 0.000000, D, -0.004139, PID, -0.022139
2011-11-23 16:23:21,703 vel_y, Err, -63.000000, P, -0.063000, I, 0.000000, D, -0.008276, PID, -0.071276
2011-11-23 16:23:21,755 vel_x, Err, -19.000000, P, -0.019000, I, 0.000000, D, -0.003832, PID, -0.022832
2011-11-23 16:23:21,756 vel_y, Err, -66.000000, P, -0.066000, I, 0.000000, D, -0.011495, PID, -0.077495
2011-11-23 16:23:21,856 vel_x, Err, -19.000000, P, -0.019000, I, 0.000000, D, 0.000000, PID, -0.019000
2011-11-23 16:23:21,856 vel_y, Err, -73.000000, P, -0.073000, I, 0.000000, D, -0.013936, PID, -0.086936
2011-11-23 16:23:21,903 vel_x, Err, -19.000000, P, -0.019000, I, 0.000000, D, 0.000000, PID, -0.019000
2011-11-23 16:23:21,903 vel_y, Err, -73.000000, P, -0.073000, I, 0.000000, D, 0.000000, PID, -0.073000
2011-11-23 16:23:21,953 vel_x, Err, -19.000000, P, -0.019000, I, 0.000000, D, 0.000000, PID, -0.019000
2011-11-23 16:23:21,954 vel_y, Err, -73.000000, P, -0.073000, I, 0.000000, D, 0.000000, PID, -0.073000
2011-11-23 16:23:22,407 vel_x, Err, 9.000000, P, 0.009000, I, 0.000000, D, 0.000000, PID, 0.009000
2011-11-23 16:23:22,407 vel_y, Err, -72.000000, P, -0.072000, I, 0.000000, D, 0.000000, PID, -0.072000
2011-11-23 16:23:22,453 vel_x, Err, 12.000000, P, 0.012000, I, 0.000000, D, 0.012963, PID, 0.024963
2011-11-23 16:23:22,453 vel_y, Err, -69.000000, P, -0.069000, I, 0.000000, D, 0.013028, PID, -0.055972
2011-11-23 16:23:22,504 vel_x, Err, 15.000000, P, 0.015000, I, 0.000000, D, 0.011810, PID, 0.026810
2011-11-23 16:23:22,504 vel_y, Err, -69.000000, P, -0.069000, I, 0.000000, D, 0.000000, PID, -0.069000
2011-11-23 16:23:22,553 vel_x, Err, 18.000000, P, 0.018000, I, 0.000000, D, 0.012215, PID, 0.030215
2011-11-23 16:23:22,553 vel_y, Err, -72.000000, P, -0.072000, I, 0.000000, D, -0.012218, PID, -0.084218
2011-11-23 16:23:22,605 vel_x, Err, 18.000000, P, 0.018000, I, 0.000000, D, 0.000000, PID, 0.018000
2011-11-23 16:23:22,606 vel_y, Err, -72.000000, P, -0.072000, I, 0.000000, D, 0.000000, PID, -0.072000
2011-11-23 16:23:22,653 vel_x, Err, 18.000000, P, 0.018000, I, 0.000000, D, 0.000000, PID, 0.018000
2011-11-23 16:23:22,653 vel_y, Err, -72.000000, P, -0.072000, I, 0.000000, D, 0.000000, PID, -0.072000
