2011-11-23 16:06:12,461 Starting DroneDriver
2011-11-23 16:06:15,993 vel_x, Err, -1.000000, P, 0.000000, I, 0.000000, D, 0.000000, PID, 0.000000
2011-11-23 16:06:15,993 vel_y, Err, 2.000000, P, 0.000000, I, 0.000000, D, 0.000000, PID, 0.000000
2011-11-23 16:06:16,002 vel_x, Err, -1.000000, P, 0.000000, I, 0.000000, D, 0.000000, PID, 0.000000
2011-11-23 16:06:16,002 vel_y, Err, 2.000000, P, 0.000000, I, 0.000000, D, 0.000000, PID, 0.000000
2011-11-23 16:06:16,453 vel_x, Err, -1.000000, P, 0.000000, I, 0.000000, D, 0.000000, PID, 0.000000
2011-11-23 16:06:16,453 vel_y, Err, 2.000000, P, 0.000000, I, 0.000000, D, 0.000000, PID, 0.000000
2011-11-23 16:06:16,978 vel_x, Err, -13.000000, P, -0.013000, I, 0.000000, D, -0.010400, PID, -0.023400
2011-11-23 16:06:16,979 vel_y, Err, -3.000000, P, 0.000000, I, 0.000000, D, 0.000000, PID, 0.000000
2011-11-23 16:06:17,007 vel_x, Err, -31.000000, P, -0.031000, I, 0.000000, D, -0.014400, PID, -0.045400
2011-11-23 16:06:17,008 vel_y, Err, -28.000000, P, -0.028000, I, 0.000000, D, -0.022400, PID, -0.050400
2011-11-23 16:06:17,028 vel_x, Err, -40.000000, P, -0.040000, I, 0.000000, D, -0.007200, PID, -0.047200
2011-11-23 16:06:17,029 vel_y, Err, -75.000000, P, -0.075000, I, 0.000000, D, -0.037600, PID, -0.080000
2011-11-23 16:06:18,004 vel_x, Err, -36.000000, P, -0.036000, I, 0.000000, D, 0.003200, PID, -0.032800
2011-11-23 16:06:18,004 vel_y, Err, -4.000000, P, 0.000000, I, 0.000000, D, 0.000000, PID, 0.000000
2011-11-23 16:06:18,029 vel_x, Err, -50.000000, P, -0.050000, I, 0.000000, D, -0.011200, PID, -0.061200
2011-11-23 16:06:18,030 vel_y, Err, -65.000000, P, -0.065000, I, 0.000000, D, 0.008000, PID, -0.057000
2011-11-23 16:06:18,053 vel_x, Err, -50.000000, P, -0.050000, I, 0.000000, D, 0.000000, PID, -0.050000
2011-11-23 16:06:18,053 vel_y, Err, -65.000000, P, -0.065000, I, 0.000000, D, 0.000000, PID, -0.065000
2011-11-23 16:06:18,529 vel_x, Err, -50.000000, P, -0.050000, I, 0.000000, D, 0.000000, PID, -0.050000
2011-11-23 16:06:18,529 vel_y, Err, -65.000000, P, -0.065000, I, 0.000000, D, 0.000000, PID, -0.065000
2011-11-23 16:06:18,554 vel_x, Err, -18.000000, P, -0.018000, I, 0.000000, D, 0.025600, PID, 0.007600
2011-11-23 16:06:18,555 vel_y, Err, -12.000000, P, -0.012000, I, 0.000000, D, 0.042400, PID, 0.030400
2011-11-23 16:06:18,578 vel_x, Err, -34.000000, P, -0.034000, I, 0.000000, D, -0.012800, PID, -0.046800
2011-11-23 16:06:18,578 vel_y, Err, -65.000000, P, -0.065000, I, 0.000000, D, -0.042400, PID, -0.080000
2011-11-23 16:06:18,628 vel_x, Err, -36.000000, P, -0.036000, I, 0.000000, D, -0.001600, PID, -0.037600
2011-11-23 16:06:18,629 vel_y, Err, -71.000000, P, -0.071000, I, 0.000000, D, -0.004800, PID, -0.075800
2011-11-23 16:06:19,553 vel_x, Err, -36.000000, P, -0.036000, I, 0.000000, D, 0.000000, PID, -0.036000
2011-11-23 16:06:19,554 vel_y, Err, -71.000000, P, -0.071000, I, 0.000000, D, 0.000000, PID, -0.071000
2011-11-23 16:06:19,575 vel_x, Err, -18.000000, P, -0.018000, I, 0.000000, D, 0.014400, PID, -0.003600
2011-11-23 16:06:19,576 vel_y, Err, -45.000000, P, -0.045000, I, 0.000000, D, 0.020800, PID, -0.024200
2011-11-23 16:06:19,603 vel_x, Err, -18.000000, P, -0.018000, I, 0.000000, D, 0.000000, PID, -0.018000
2011-11-23 16:06:19,604 vel_y, Err, -45.000000, P, -0.045000, I, 0.000000, D, 0.000000, PID, -0.045000
2011-11-23 16:06:20,578 vel_x, Err, -18.000000, P, -0.018000, I, 0.000000, D, 0.000000, PID, -0.018000
2011-11-23 16:06:20,579 vel_y, Err, -45.000000, P, -0.045000, I, 0.000000, D, 0.000000, PID, -0.045000
2011-11-23 16:06:20,628 vel_x, Err, -28.000000, P, -0.028000, I, 0.000000, D, 0.000000, PID, -0.028000
2011-11-23 16:06:20,628 vel_y, Err, -67.000000, P, -0.067000, I, 0.000000, D, 0.000000, PID, -0.067000
2011-11-23 16:06:21,603 vel_x, Err, -28.000000, P, -0.028000, I, 0.000000, D, 0.000000, PID, -0.028000
2011-11-23 16:06:21,604 vel_y, Err, -67.000000, P, -0.067000, I, 0.000000, D, 0.000000, PID, -0.067000
2011-11-23 16:06:21,628 vel_x, Err, -31.000000, P, -0.031000, I, 0.000000, D, -0.002400, PID, -0.033400
2011-11-23 16:06:21,629 vel_y, Err, -66.000000, P, -0.066000, I, 0.000000, D, 0.000800, PID, -0.065200
2011-11-23 16:06:21,653 vel_x, Err, -31.000000, P, -0.031000, I, 0.000000, D, 0.000000, PID, -0.031000
2011-11-23 16:06:21,653 vel_y, Err, -66.000000, P, -0.066000, I, 0.000000, D, 0.000000, PID, -0.066000
2011-11-23 16:06:22,628 vel_x, Err, -31.000000, P, -0.031000, I, 0.000000, D, 0.000000, PID, -0.031000
2011-11-23 16:06:22,629 vel_y, Err, -66.000000, P, -0.066000, I, 0.000000, D, 0.000000, PID, -0.066000
2011-11-23 16:06:24,703 vel_x, Err, 1.000000, P, 0.000000, I, 0.000000, D, 0.000000, PID, 0.000000
2011-11-23 16:06:24,704 vel_y, Err, -25.000000, P, -0.025000, I, 0.000000, D, 0.000000, PID, -0.025000
2011-11-23 16:06:24,728 vel_x, Err, 1.000000, P, 0.000000, I, 0.000000, D, 0.000000, PID, 0.000000
2011-11-23 16:06:24,728 vel_y, Err, -24.000000, P, -0.024000, I, 0.000000, D, 0.000800, PID, -0.023200
2011-11-23 16:06:25,177 vel_x, Err, 0.000000, P, 0.000000, I, 0.000000, D, 0.000000, PID, 0.000000
2011-11-23 16:06:25,178 vel_y, Err, -24.000000, P, -0.024000, I, 0.000000, D, 0.000000, PID, -0.024000
2011-11-23 16:06:25,203 vel_x, Err, 0.000000, P, 0.000000, I, 0.000000, D, 0.000000, PID, 0.000000
2011-11-23 16:06:25,203 vel_y, Err, -24.000000, P, -0.024000, I, 0.000000, D, 0.000000, PID, -0.024000
2011-11-23 16:06:25,680 vel_x, Err, 1.000000, P, 0.000000, I, 0.000000, D, 0.000000, PID, 0.000000
2011-11-23 16:06:25,681 vel_y, Err, -22.000000, P, -0.022000, I, 0.000000, D, 0.001600, PID, -0.020400
2011-11-23 16:06:25,704 vel_x, Err, 1.000000, P, 0.000000, I, 0.000000, D, 0.000000, PID, 0.000000
2011-11-23 16:06:25,705 vel_y, Err, -23.000000, P, -0.023000, I, 0.000000, D, -0.000800, PID, -0.023800
2011-11-23 16:06:25,728 vel_x, Err, 3.000000, P, 0.000000, I, 0.000000, D, 0.000000, PID, 0.000000
2011-11-23 16:06:25,728 vel_y, Err, -24.000000, P, -0.024000, I, 0.000000, D, -0.000800, PID, -0.024800
2011-11-23 16:06:25,751 vel_x, Err, 3.000000, P, 0.000000, I, 0.000000, D, 0.000000, PID, 0.000000
2011-11-23 16:06:25,751 vel_y, Err, -24.000000, P, -0.024000, I, 0.000000, D, 0.000000, PID, -0.024000
2011-11-23 16:06:26,202 vel_x, Err, 3.000000, P, 0.000000, I, 0.000000, D, 0.000000, PID, 0.000000
2011-11-23 16:06:26,203 vel_y, Err, -23.000000, P, -0.023000, I, 0.000000, D, 0.000800, PID, -0.022200
2011-11-23 16:06:26,704 vel_x, Err, 9.000000, P, 0.009000, I, 0.000000, D, 0.007200, PID, 0.016200
2011-11-23 16:06:26,704 vel_y, Err, -26.000000, P, -0.026000, I, 0.000000, D, -0.002400, PID, -0.028400
2011-11-23 16:06:26,726 vel_x, Err, 11.000000, P, 0.011000, I, 0.000000, D, 0.001600, PID, 0.012600
2011-11-23 16:06:26,726 vel_y, Err, -27.000000, P, -0.027000, I, 0.000000, D, -0.000800, PID, -0.027800
2011-11-23 16:06:26,751 vel_x, Err, 11.000000, P, 0.011000, I, 0.000000, D, 0.000000, PID, 0.011000
2011-11-23 16:06:26,752 vel_y, Err, -28.000000, P, -0.028000, I, 0.000000, D, -0.000800, PID, -0.028800
2011-11-23 16:06:27,228 vel_x, Err, 13.000000, P, 0.013000, I, 0.000000, D, 0.001600, PID, 0.014600
2011-11-23 16:06:27,228 vel_y, Err, -31.000000, P, -0.031000, I, 0.000000, D, -0.002400, PID, -0.033400
2011-11-23 16:06:27,729 vel_x, Err, 10.000000, P, 0.010000, I, 0.000000, D, -0.002400, PID, 0.007600
2011-11-23 16:06:27,730 vel_y, Err, -29.000000, P, -0.029000, I, 0.000000, D, 0.001600, PID, -0.027400
2011-11-23 16:06:27,754 vel_x, Err, 9.000000, P, 0.009000, I, 0.000000, D, -0.000800, PID, 0.008200
2011-11-23 16:06:27,755 vel_y, Err, -32.000000, P, -0.032000, I, 0.000000, D, -0.002400, PID, -0.034400
2011-11-23 16:06:27,777 vel_x, Err, 7.000000, P, 0.007000, I, 0.000000, D, -0.001600, PID, 0.005400
2011-11-23 16:06:27,777 vel_y, Err, -33.000000, P, -0.033000, I, 0.000000, D, -0.000800, PID, -0.033800
2011-11-23 16:06:27,800 vel_x, Err, 7.000000, P, 0.007000, I, 0.000000, D, 0.000000, PID, 0.007000
2011-11-23 16:06:27,801 vel_y, Err, -34.000000, P, -0.034000, I, 0.000000, D, -0.000800, PID, -0.034800
2011-11-23 16:06:28,253 vel_x, Err, 5.000000, P, 0.005000, I, 0.000000, D, -0.001600, PID, 0.003400
2011-11-23 16:06:28,253 vel_y, Err, -35.000000, P, -0.035000, I, 0.000000, D, -0.000800, PID, -0.035800
2011-11-23 16:06:28,753 vel_x, Err, 4.000000, P, 0.004000, I, 0.000000, D, -0.000800, PID, 0.003200
2011-11-23 16:06:28,753 vel_y, Err, -32.000000, P, -0.032000, I, 0.000000, D, 0.002400, PID, -0.029600
2011-11-23 16:06:28,778 vel_x, Err, 5.000000, P, 0.005000, I, 0.000000, D, 0.000800, PID, 0.005800
2011-11-23 16:06:28,779 vel_y, Err, -32.000000, P, -0.032000, I, 0.000000, D, 0.000000, PID, -0.032000
2011-11-23 16:06:28,800 vel_x, Err, 2.000000, P, 0.002000, I, 0.000000, D, -0.002400, PID, -0.000400
2011-11-23 16:06:28,800 vel_y, Err, -30.000000, P, -0.030000, I, 0.000000, D, 0.001600, PID, -0.028400
2011-11-23 16:06:28,826 vel_x, Err, 2.000000, P, 0.002000, I, 0.000000, D, 0.000000, PID, 0.002000
2011-11-23 16:06:28,826 vel_y, Err, -30.000000, P, -0.030000, I, 0.000000, D, 0.000000, PID, -0.030000
2011-11-23 16:06:29,277 vel_x, Err, 2.000000, P, 0.002000, I, 0.000000, D, 0.000000, PID, 0.002000
2011-11-23 16:06:29,278 vel_y, Err, -31.000000, P, -0.031000, I, 0.000000, D, -0.000800, PID, -0.031800
2011-11-23 16:06:29,778 vel_x, Err, 3.000000, P, 0.003000, I, 0.000000, D, 0.000800, PID, 0.003800
2011-11-23 16:06:29,779 vel_y, Err, -29.000000, P, -0.029000, I, 0.000000, D, 0.001600, PID, -0.027400
2011-11-23 16:06:29,803 vel_x, Err, 4.000000, P, 0.004000, I, 0.000000, D, 0.000800, PID, 0.004800
2011-11-23 16:06:29,804 vel_y, Err, -29.000000, P, -0.029000, I, 0.000000, D, 0.000000, PID, -0.029000
2011-11-23 16:06:29,827 vel_x, Err, 4.000000, P, 0.004000, I, 0.000000, D, 0.000000, PID, 0.004000
2011-11-23 16:06:29,827 vel_y, Err, -29.000000, P, -0.029000, I, 0.000000, D, 0.000000, PID, -0.029000
2011-11-23 16:06:30,303 vel_x, Err, 4.000000, P, 0.004000, I, 0.000000, D, 0.000000, PID, 0.004000
2011-11-23 16:06:30,303 vel_y, Err, -29.000000, P, -0.029000, I, 0.000000, D, 0.000000, PID, -0.029000
2011-11-23 16:06:30,803 vel_x, Err, 5.000000, P, 0.005000, I, 0.000000, D, 0.000800, PID, 0.005800
2011-11-23 16:06:30,804 vel_y, Err, -29.000000, P, -0.029000, I, 0.000000, D, 0.000000, PID, -0.029000
2011-11-23 16:06:30,826 vel_x, Err, 6.000000, P, 0.006000, I, 0.000000, D, 0.000800, PID, 0.006800
2011-11-23 16:06:30,826 vel_y, Err, -29.000000, P, -0.029000, I, 0.000000, D, 0.000000, PID, -0.029000
2011-11-23 16:06:30,853 vel_x, Err, 5.000000, P, 0.005000, I, 0.000000, D, -0.000800, PID, 0.004200
2011-11-23 16:06:30,853 vel_y, Err, -29.000000, P, -0.029000, I, 0.000000, D, 0.000000, PID, -0.029000
2011-11-23 16:06:31,328 vel_x, Err, 5.000000, P, 0.005000, I, 0.000000, D, 0.000000, PID, 0.005000
2011-11-23 16:06:31,328 vel_y, Err, -28.000000, P, -0.028000, I, 0.000000, D, 0.000800, PID, -0.027200
2011-11-23 16:06:31,829 vel_x, Err, 5.000000, P, 0.005000, I, 0.000000, D, 0.000000, PID, 0.005000
2011-11-23 16:06:31,829 vel_y, Err, -28.000000, P, -0.028000, I, 0.000000, D, 0.000000, PID, -0.028000
2011-11-23 16:06:31,855 vel_x, Err, 5.000000, P, 0.005000, I, 0.000000, D, 0.000000, PID, 0.005000
2011-11-23 16:06:31,856 vel_y, Err, -28.000000, P, -0.028000, I, 0.000000, D, 0.000000, PID, -0.028000
2011-11-23 16:06:31,877 vel_x, Err, 5.000000, P, 0.005000, I, 0.000000, D, 0.000000, PID, 0.005000
2011-11-23 16:06:31,878 vel_y, Err, -28.000000, P, -0.028000, I, 0.000000, D, 0.000000, PID, -0.028000
2011-11-23 16:06:32,353 vel_x, Err, 5.000000, P, 0.005000, I, 0.000000, D, 0.000000, PID, 0.005000
2011-11-23 16:06:32,353 vel_y, Err, -27.000000, P, -0.027000, I, 0.000000, D, 0.000800, PID, -0.026200
2011-11-23 16:06:32,853 vel_x, Err, 4.000000, P, 0.004000, I, 0.000000, D, -0.000800, PID, 0.003200
2011-11-23 16:06:32,854 vel_y, Err, -27.000000, P, -0.027000, I, 0.000000, D, 0.000000, PID, -0.027000
2011-11-23 16:06:32,878 vel_x, Err, 4.000000, P, 0.004000, I, 0.000000, D, 0.000000, PID, 0.004000
2011-11-23 16:06:32,879 vel_y, Err, -28.000000, P, -0.028000, I, 0.000000, D, -0.000800, PID, -0.028800
2011-11-23 16:06:32,901 vel_x, Err, 3.000000, P, 0.003000, I, 0.000000, D, -0.000800, PID, 0.002200
2011-11-23 16:06:32,901 vel_y, Err, -28.000000, P, -0.028000, I, 0.000000, D, 0.000000, PID, -0.028000
2011-11-23 16:06:32,928 vel_x, Err, 4.000000, P, 0.004000, I, 0.000000, D, 0.000800, PID, 0.004800
2011-11-23 16:06:32,928 vel_y, Err, -28.000000, P, -0.028000, I, 0.000000, D, 0.000000, PID, -0.028000
2011-11-23 16:06:33,378 vel_x, Err, 4.000000, P, 0.004000, I, 0.000000, D, 0.000000, PID, 0.004000
2011-11-23 16:06:33,378 vel_y, Err, -29.000000, P, -0.029000, I, 0.000000, D, -0.000800, PID, -0.029800
2011-11-23 16:06:33,878 vel_x, Err, 5.000000, P, 0.005000, I, 0.000000, D, 0.000800, PID, 0.005800
2011-11-23 16:06:33,878 vel_y, Err, -28.000000, P, -0.028000, I, 0.000000, D, 0.000800, PID, -0.027200
2011-11-23 16:06:33,902 vel_x, Err, 5.000000, P, 0.005000, I, 0.000000, D, 0.000000, PID, 0.005000
2011-11-23 16:06:33,903 vel_y, Err, -27.000000, P, -0.027000, I, 0.000000, D, 0.000800, PID, -0.026200
2011-11-23 16:06:33,925 vel_x, Err, 5.000000, P, 0.005000, I, 0.000000, D, 0.000000, PID, 0.005000
2011-11-23 16:06:33,925 vel_y, Err, -28.000000, P, -0.028000, I, 0.000000, D, -0.000800, PID, -0.028800
2011-11-23 16:06:34,403 vel_x, Err, 6.000000, P, 0.006000, I, 0.000000, D, 0.000800, PID, 0.006800
2011-11-23 16:06:34,404 vel_y, Err, -28.000000, P, -0.028000, I, 0.000000, D, 0.000000, PID, -0.028000
2011-11-23 16:06:34,904 vel_x, Err, 4.000000, P, 0.004000, I, 0.000000, D, -0.001600, PID, 0.002400
2011-11-23 16:06:34,905 vel_y, Err, -28.000000, P, -0.028000, I, 0.000000, D, 0.000000, PID, -0.028000
2011-11-23 16:06:34,930 vel_x, Err, 5.000000, P, 0.005000, I, 0.000000, D, 0.000800, PID, 0.005800
2011-11-23 16:06:34,931 vel_y, Err, -28.000000, P, -0.028000, I, 0.000000, D, 0.000000, PID, -0.028000
2011-11-23 16:06:34,951 vel_x, Err, 5.000000, P, 0.005000, I, 0.000000, D, 0.000000, PID, 0.005000
2011-11-23 16:06:34,951 vel_y, Err, -27.000000, P, -0.027000, I, 0.000000, D, 0.000800, PID, -0.026200
2011-11-23 16:06:35,428 vel_x, Err, 7.000000, P, 0.007000, I, 0.000000, D, 0.001600, PID, 0.008600
2011-11-23 16:06:35,429 vel_y, Err, -26.000000, P, -0.026000, I, 0.000000, D, 0.000800, PID, -0.025200
2011-11-23 16:06:35,928 vel_x, Err, 7.000000, P, 0.007000, I, 0.000000, D, 0.000000, PID, 0.007000
2011-11-23 16:06:35,929 vel_y, Err, -25.000000, P, -0.025000, I, 0.000000, D, 0.000800, PID, -0.024200
2011-11-23 16:06:35,953 vel_x, Err, 8.000000, P, 0.008000, I, 0.000000, D, 0.000800, PID, 0.008800
2011-11-23 16:06:35,954 vel_y, Err, -26.000000, P, -0.026000, I, 0.000000, D, -0.000800, PID, -0.026800
2011-11-23 16:06:35,975 vel_x, Err, 9.000000, P, 0.009000, I, 0.000000, D, 0.000800, PID, 0.009800
2011-11-23 16:06:35,976 vel_y, Err, -26.000000, P, -0.026000, I, 0.000000, D, 0.000000, PID, -0.026000
2011-11-23 16:06:36,002 vel_x, Err, 9.000000, P, 0.009000, I, 0.000000, D, 0.000000, PID, 0.009000
2011-11-23 16:06:36,002 vel_y, Err, -27.000000, P, -0.027000, I, 0.000000, D, -0.000800, PID, -0.027800
2011-11-23 16:06:36,453 vel_x, Err, 9.000000, P, 0.009000, I, 0.000000, D, 0.000000, PID, 0.009000
2011-11-23 16:06:36,454 vel_y, Err, -27.000000, P, -0.027000, I, 0.000000, D, 0.000000, PID, -0.027000
2011-11-23 16:06:36,953 vel_x, Err, 10.000000, P, 0.010000, I, 0.000000, D, 0.000800, PID, 0.010800
2011-11-23 16:06:36,954 vel_y, Err, -24.000000, P, -0.024000, I, 0.000000, D, 0.002400, PID, -0.021600
2011-11-23 16:06:36,978 vel_x, Err, 9.000000, P, 0.009000, I, 0.000000, D, -0.000800, PID, 0.008200
2011-11-23 16:06:36,979 vel_y, Err, -23.000000, P, -0.023000, I, 0.000000, D, 0.000800, PID, -0.022200
2011-11-23 16:06:37,003 vel_x, Err, 8.000000, P, 0.008000, I, 0.000000, D, -0.000800, PID, 0.007200
2011-11-23 16:06:37,004 vel_y, Err, -25.000000, P, -0.025000, I, 0.000000, D, -0.001600, PID, -0.026600
2011-11-23 16:06:37,029 vel_x, Err, 8.000000, P, 0.008000, I, 0.000000, D, 0.000000, PID, 0.008000
2011-11-23 16:06:37,029 vel_y, Err, -25.000000, P, -0.025000, I, 0.000000, D, 0.000000, PID, -0.025000
2011-11-23 16:06:37,478 vel_x, Err, 8.000000, P, 0.008000, I, 0.000000, D, 0.000000, PID, 0.008000
2011-11-23 16:06:37,479 vel_y, Err, -25.000000, P, -0.025000, I, 0.000000, D, 0.000000, PID, -0.025000
2011-11-23 16:06:37,978 vel_x, Err, 7.000000, P, 0.007000, I, 0.000000, D, -0.000800, PID, 0.006200
2011-11-23 16:06:37,979 vel_y, Err, -23.000000, P, -0.023000, I, 0.000000, D, 0.001600, PID, -0.021400
2011-11-23 16:06:38,003 vel_x, Err, 8.000000, P, 0.008000, I, 0.000000, D, 0.000800, PID, 0.008800
2011-11-23 16:06:38,003 vel_y, Err, -21.000000, P, -0.021000, I, 0.000000, D, 0.001600, PID, -0.019400
2011-11-23 16:06:38,028 vel_x, Err, 8.000000, P, 0.008000, I, 0.000000, D, 0.000000, PID, 0.008000
2011-11-23 16:06:38,029 vel_y, Err, -20.000000, P, -0.020000, I, 0.000000, D, 0.000800, PID, -0.019200
2011-11-23 16:06:38,051 vel_x, Err, 8.000000, P, 0.008000, I, 0.000000, D, 0.000000, PID, 0.008000
2011-11-23 16:06:38,051 vel_y, Err, -20.000000, P, -0.020000, I, 0.000000, D, 0.000000, PID, -0.020000
2011-11-23 16:06:38,503 vel_x, Err, 8.000000, P, 0.008000, I, 0.000000, D, 0.000000, PID, 0.008000
2011-11-23 16:06:38,504 vel_y, Err, -21.000000, P, -0.021000, I, 0.000000, D, -0.000800, PID, -0.021800
2011-11-23 16:06:39,001 vel_x, Err, 6.000000, P, 0.006000, I, 0.000000, D, -0.001600, PID, 0.004400
2011-11-23 16:06:39,002 vel_y, Err, -24.000000, P, -0.024000, I, 0.000000, D, -0.002400, PID, -0.026400
2011-11-23 16:06:39,028 vel_x, Err, 6.000000, P, 0.006000, I, 0.000000, D, 0.000000, PID, 0.006000
2011-11-23 16:06:39,028 vel_y, Err, -24.000000, P, -0.024000, I, 0.000000, D, 0.000000, PID, -0.024000
2011-11-23 16:06:39,050 vel_x, Err, 6.000000, P, 0.006000, I, 0.000000, D, 0.000000, PID, 0.006000
2011-11-23 16:06:39,050 vel_y, Err, -22.000000, P, -0.022000, I, 0.000000, D, 0.001600, PID, -0.020400
2011-11-23 16:06:40,028 vel_x, Err, 7.000000, P, 0.007000, I, 0.000000, D, 0.000800, PID, 0.007800
2011-11-23 16:06:40,029 vel_y, Err, -21.000000, P, -0.021000, I, 0.000000, D, 0.000800, PID, -0.020200
2011-11-23 16:06:40,053 vel_x, Err, 6.000000, P, 0.006000, I, 0.000000, D, -0.000800, PID, 0.005200
2011-11-23 16:06:40,054 vel_y, Err, -26.000000, P, -0.026000, I, 0.000000, D, -0.004000, PID, -0.030000
2011-11-23 16:06:40,078 vel_x, Err, 4.000000, P, 0.004000, I, 0.000000, D, -0.001600, PID, 0.002400
2011-11-23 16:06:40,078 vel_y, Err, -32.000000, P, -0.032000, I, 0.000000, D, -0.004800, PID, -0.036800
2011-11-23 16:06:40,102 vel_x, Err, 4.000000, P, 0.004000, I, 0.000000, D, 0.000000, PID, 0.004000
2011-11-23 16:06:40,102 vel_y, Err, -33.000000, P, -0.033000, I, 0.000000, D, -0.000800, PID, -0.033800
2011-11-23 16:06:41,053 vel_x, Err, 1.000000, P, 0.001000, I, 0.000000, D, -0.002400, PID, -0.001400
2011-11-23 16:06:41,054 vel_y, Err, -39.000000, P, -0.039000, I, 0.000000, D, -0.004800, PID, -0.043800
2011-11-23 16:06:41,079 vel_x, Err, 1.000000, P, 0.001000, I, 0.000000, D, 0.000000, PID, 0.001000
2011-11-23 16:06:41,079 vel_y, Err, -41.000000, P, -0.041000, I, 0.000000, D, -0.001600, PID, -0.042600
2011-11-23 16:06:41,100 vel_x, Err, 0.000000, P, 0.000000, I, 0.000000, D, -0.000800, PID, -0.000800
2011-11-23 16:06:41,101 vel_y, Err, -44.000000, P, -0.044000, I, 0.000000, D, -0.002400, PID, -0.046400
2011-11-23 16:06:41,128 vel_x, Err, 0.000000, P, 0.000000, I, 0.000000, D, 0.000000, PID, 0.000000
2011-11-23 16:06:41,128 vel_y, Err, -45.000000, P, -0.045000, I, 0.000000, D, -0.000800, PID, -0.045800
2011-11-23 16:06:41,578 vel_x, Err, 0.000000, P, 0.000000, I, 0.000000, D, 0.000000, PID, 0.000000
2011-11-23 16:06:41,579 vel_y, Err, -47.000000, P, -0.047000, I, 0.000000, D, -0.001600, PID, -0.048600
2011-11-23 16:06:42,079 vel_x, Err, 0.000000, P, 0.000000, I, 0.000000, D, 0.000000, PID, 0.000000
2011-11-23 16:06:42,079 vel_y, Err, -47.000000, P, -0.047000, I, 0.000000, D, 0.000000, PID, -0.047000
2011-11-23 16:06:42,103 vel_x, Err, 0.000000, P, 0.000000, I, 0.000000, D, 0.000000, PID, 0.000000
2011-11-23 16:06:42,104 vel_y, Err, -54.000000, P, -0.054000, I, 0.000000, D, -0.005600, PID, -0.059600
2011-11-23 16:06:42,128 vel_x, Err, 0.000000, P, 0.000000, I, 0.000000, D, 0.000000, PID, 0.000000
2011-11-23 16:06:42,129 vel_y, Err, -56.000000, P, -0.056000, I, 0.000000, D, -0.001600, PID, -0.057600
2011-11-23 16:06:42,153 vel_x, Err, 0.000000, P, 0.000000, I, 0.000000, D, 0.000000, PID, 0.000000
2011-11-23 16:06:42,153 vel_y, Err, -56.000000, P, -0.056000, I, 0.000000, D, 0.000000, PID, -0.056000
2011-11-23 16:06:43,104 vel_x, Err, 0.000000, P, 0.000000, I, 0.000000, D, 0.000000, PID, 0.000000
2011-11-23 16:06:43,104 vel_y, Err, -56.000000, P, -0.056000, I, 0.000000, D, 0.000000, PID, -0.056000
2011-11-23 16:06:45,179 vel_x, Err, 8.000000, P, 0.008000, I, 0.000000, D, 0.000000, PID, 0.008000
2011-11-23 16:06:45,179 vel_y, Err, -43.000000, P, -0.043000, I, 0.000000, D, 0.000000, PID, -0.043000
2011-11-23 16:06:45,203 vel_x, Err, 13.000000, P, 0.013000, I, 0.000000, D, 0.004000, PID, 0.017000
2011-11-23 16:06:45,203 vel_y, Err, -39.000000, P, -0.039000, I, 0.000000, D, 0.003200, PID, -0.035800
2011-11-23 16:06:45,228 vel_x, Err, 13.000000, P, 0.013000, I, 0.000000, D, 0.000000, PID, 0.013000
2011-11-23 16:06:45,229 vel_y, Err, -39.000000, P, -0.039000, I, 0.000000, D, 0.000000, PID, -0.039000
2011-11-23 16:06:45,678 vel_x, Err, 13.000000, P, 0.013000, I, 0.000000, D, 0.000000, PID, 0.013000
2011-11-23 16:06:45,679 vel_y, Err, -37.000000, P, -0.037000, I, 0.000000, D, 0.001600, PID, -0.035400
2011-11-23 16:06:46,179 vel_x, Err, 15.000000, P, 0.015000, I, 0.000000, D, 0.001600, PID, 0.016600
2011-11-23 16:06:46,180 vel_y, Err, -28.000000, P, -0.028000, I, 0.000000, D, 0.007200, PID, -0.020800
2011-11-23 16:06:46,203 vel_x, Err, 16.000000, P, 0.016000, I, 0.000000, D, 0.000800, PID, 0.016800
2011-11-23 16:06:46,204 vel_y, Err, -23.000000, P, -0.023000, I, 0.000000, D, 0.004000, PID, -0.019000
2011-11-23 16:06:46,228 vel_x, Err, 16.000000, P, 0.016000, I, 0.000000, D, 0.000000, PID, 0.016000
2011-11-23 16:06:46,229 vel_y, Err, -22.000000, P, -0.022000, I, 0.000000, D, 0.000800, PID, -0.021200
2011-11-23 16:06:46,250 vel_x, Err, 16.000000, P, 0.016000, I, 0.000000, D, 0.000000, PID, 0.016000
2011-11-23 16:06:46,251 vel_y, Err, -22.000000, P, -0.022000, I, 0.000000, D, 0.000000, PID, -0.022000
2011-11-23 16:06:47,203 vel_x, Err, 10.000000, P, 0.010000, I, 0.000000, D, -0.004800, PID, 0.005200
2011-11-23 16:06:47,204 vel_y, Err, -62.000000, P, -0.062000, I, 0.000000, D, -0.032000, PID, -0.080000
2011-11-23 16:06:47,227 vel_x, Err, 10.000000, P, 0.010000, I, 0.000000, D, 0.000000, PID, 0.010000
2011-11-23 16:06:47,227 vel_y, Err, -62.000000, P, -0.062000, I, 0.000000, D, 0.000000, PID, -0.062000
2011-11-23 16:06:47,250 vel_x, Err, 10.000000, P, 0.010000, I, 0.000000, D, 0.000000, PID, 0.010000
2011-11-23 16:06:47,250 vel_y, Err, -62.000000, P, -0.062000, I, 0.000000, D, 0.000000, PID, -0.062000
2011-11-23 16:06:49,300 vel_x, Err, -3.000000, P, 0.000000, I, 0.000000, D, 0.000000, PID, 0.000000
2011-11-23 16:06:49,300 vel_y, Err, -42.000000, P, -0.042000, I, 0.000000, D, 0.000000, PID, -0.042000
2011-11-23 16:06:49,326 vel_x, Err, 1.000000, P, 0.000000, I, 0.000000, D, 0.000000, PID, 0.000000
2011-11-23 16:06:49,326 vel_y, Err, -45.000000, P, -0.045000, I, 0.000000, D, -0.002400, PID, -0.047400
2011-11-23 16:06:50,279 vel_x, Err, 1.000000, P, 0.000000, I, 0.000000, D, 0.000000, PID, 0.000000
2011-11-23 16:06:50,279 vel_y, Err, -45.000000, P, -0.045000, I, 0.000000, D, 0.000000, PID, -0.045000
2011-11-23 16:06:50,303 vel_x, Err, 1.000000, P, 0.000000, I, 0.000000, D, 0.000000, PID, 0.000000
2011-11-23 16:06:50,303 vel_y, Err, -45.000000, P, -0.045000, I, 0.000000, D, 0.000000, PID, -0.045000
2011-11-23 16:06:50,329 vel_x, Err, 8.000000, P, 0.008000, I, 0.000000, D, 0.006400, PID, 0.014400
2011-11-23 16:06:50,329 vel_y, Err, -39.000000, P, -0.039000, I, 0.000000, D, 0.004800, PID, -0.034200
2011-11-23 16:06:50,353 vel_x, Err, 7.000000, P, 0.007000, I, 0.000000, D, -0.000800, PID, 0.006200
2011-11-23 16:06:50,354 vel_y, Err, -35.000000, P, -0.035000, I, 0.000000, D, 0.003200, PID, -0.031800
2011-11-23 16:06:51,304 vel_x, Err, 11.000000, P, 0.011000, I, 0.000000, D, 0.003200, PID, 0.014200
2011-11-23 16:06:51,304 vel_y, Err, -26.000000, P, -0.026000, I, 0.000000, D, 0.007200, PID, -0.018800
2011-11-23 16:06:51,329 vel_x, Err, 10.000000, P, 0.010000, I, 0.000000, D, -0.000800, PID, 0.009200
2011-11-23 16:06:51,329 vel_y, Err, -25.000000, P, -0.025000, I, 0.000000, D, 0.000800, PID, -0.024200
2011-11-23 16:06:51,353 vel_x, Err, 10.000000, P, 0.010000, I, 0.000000, D, 0.000000, PID, 0.010000
2011-11-23 16:06:51,353 vel_y, Err, -26.000000, P, -0.026000, I, 0.000000, D, -0.000800, PID, -0.026800
2011-11-23 16:06:52,329 vel_x, Err, 6.000000, P, 0.006000, I, 0.000000, D, -0.003200, PID, 0.002800
2011-11-23 16:06:52,330 vel_y, Err, -29.000000, P, -0.029000, I, 0.000000, D, -0.002400, PID, -0.031400
2011-11-23 16:06:52,354 vel_x, Err, 5.000000, P, 0.005000, I, 0.000000, D, -0.000800, PID, 0.004200
2011-11-23 16:06:52,354 vel_y, Err, -28.000000, P, -0.028000, I, 0.000000, D, 0.000800, PID, -0.027200
2011-11-23 16:06:52,376 vel_x, Err, 5.000000, P, 0.005000, I, 0.000000, D, 0.000000, PID, 0.005000
2011-11-23 16:06:52,377 vel_y, Err, -27.000000, P, -0.027000, I, 0.000000, D, 0.000800, PID, -0.026200
2011-11-23 16:06:52,852 vel_x, Err, 5.000000, P, 0.005000, I, 0.000000, D, 0.000000, PID, 0.005000
2011-11-23 16:06:52,853 vel_y, Err, -27.000000, P, -0.027000, I, 0.000000, D, 0.000000, PID, -0.027000
2011-11-23 16:06:53,353 vel_x, Err, 6.000000, P, 0.006000, I, 0.000000, D, 0.000800, PID, 0.006800
2011-11-23 16:06:53,354 vel_y, Err, -26.000000, P, -0.026000, I, 0.000000, D, 0.000800, PID, -0.025200
2011-11-23 16:06:53,378 vel_x, Err, 5.000000, P, 0.005000, I, 0.000000, D, -0.000800, PID, 0.004200
2011-11-23 16:06:53,379 vel_y, Err, -25.000000, P, -0.025000, I, 0.000000, D, 0.000800, PID, -0.024200
2011-11-23 16:06:53,403 vel_x, Err, 4.000000, P, 0.004000, I, 0.000000, D, -0.000800, PID, 0.003200
2011-11-23 16:06:53,403 vel_y, Err, -25.000000, P, -0.025000, I, 0.000000, D, 0.000000, PID, -0.025000
2011-11-23 16:06:53,852 vel_x, Err, 5.000000, P, 0.005000, I, 0.000000, D, 0.000800, PID, 0.005800
2011-11-23 16:06:53,853 vel_y, Err, -25.000000, P, -0.025000, I, 0.000000, D, 0.000000, PID, -0.025000
2011-11-23 16:06:54,378 vel_x, Err, 5.000000, P, 0.005000, I, 0.000000, D, 0.000000, PID, 0.005000
2011-11-23 16:06:54,378 vel_y, Err, -29.000000, P, -0.029000, I, 0.000000, D, -0.003200, PID, -0.032200
2011-11-23 16:06:54,402 vel_x, Err, 7.000000, P, 0.007000, I, 0.000000, D, 0.001600, PID, 0.008600
2011-11-23 16:06:54,402 vel_y, Err, -26.000000, P, -0.026000, I, 0.000000, D, 0.002400, PID, -0.023600
2011-11-23 16:06:54,427 vel_x, Err, 8.000000, P, 0.008000, I, 0.000000, D, 0.000800, PID, 0.008800
2011-11-23 16:06:54,427 vel_y, Err, -24.000000, P, -0.024000, I, 0.000000, D, 0.001600, PID, -0.022400
2011-11-23 16:06:54,878 vel_x, Err, 8.000000, P, 0.008000, I, 0.000000, D, 0.000000, PID, 0.008000
2011-11-23 16:06:54,878 vel_y, Err, -22.000000, P, -0.022000, I, 0.000000, D, 0.001600, PID, -0.020400
2011-11-23 16:06:55,403 vel_x, Err, 11.000000, P, 0.011000, I, 0.000000, D, 0.002400, PID, 0.013400
2011-11-23 16:06:55,403 vel_y, Err, -15.000000, P, -0.015000, I, 0.000000, D, 0.005600, PID, -0.009400
2011-11-23 16:06:55,430 vel_x, Err, 11.000000, P, 0.011000, I, 0.000000, D, 0.000000, PID, 0.011000
2011-11-23 16:06:55,430 vel_y, Err, -12.000000, P, -0.012000, I, 0.000000, D, 0.002400, PID, -0.009600
2011-11-23 16:06:55,451 vel_x, Err, 11.000000, P, 0.011000, I, 0.000000, D, 0.000000, PID, 0.011000
2011-11-23 16:06:55,451 vel_y, Err, -12.000000, P, -0.012000, I, 0.000000, D, 0.000000, PID, -0.012000
2011-11-23 16:06:55,903 vel_x, Err, 10.000000, P, 0.010000, I, 0.000000, D, -0.000800, PID, 0.009200
2011-11-23 16:06:55,903 vel_y, Err, -13.000000, P, -0.013000, I, 0.000000, D, -0.000800, PID, -0.013800
2011-11-23 16:06:56,428 vel_x, Err, 9.000000, P, 0.009000, I, 0.000000, D, -0.000800, PID, 0.008200
2011-11-23 16:06:56,429 vel_y, Err, -25.000000, P, -0.025000, I, 0.000000, D, -0.009600, PID, -0.034600
2011-11-23 16:06:56,452 vel_x, Err, 7.000000, P, 0.007000, I, 0.000000, D, -0.001600, PID, 0.005400
2011-11-23 16:06:56,452 vel_y, Err, -30.000000, P, -0.030000, I, 0.000000, D, -0.004000, PID, -0.034000
2011-11-23 16:06:56,477 vel_x, Err, 6.000000, P, 0.006000, I, 0.000000, D, -0.000800, PID, 0.005200
2011-11-23 16:06:56,478 vel_y, Err, -31.000000, P, -0.031000, I, 0.000000, D, -0.000800, PID, -0.031800
2011-11-23 16:06:56,927 vel_x, Err, 6.000000, P, 0.006000, I, 0.000000, D, 0.000000, PID, 0.006000
2011-11-23 16:06:56,928 vel_y, Err, -34.000000, P, -0.034000, I, 0.000000, D, -0.002400, PID, -0.036400
2011-11-23 16:06:57,453 vel_x, Err, 9.000000, P, 0.009000, I, 0.000000, D, 0.002400, PID, 0.011400
2011-11-23 16:06:57,453 vel_y, Err, -39.000000, P, -0.039000, I, 0.000000, D, -0.004000, PID, -0.043000
2011-11-23 16:06:57,480 vel_x, Err, 10.000000, P, 0.010000, I, 0.000000, D, 0.000800, PID, 0.010800
2011-11-23 16:06:57,480 vel_y, Err, -37.000000, P, -0.037000, I, 0.000000, D, 0.001600, PID, -0.035400
2011-11-23 16:06:57,502 vel_x, Err, 10.000000, P, 0.010000, I, 0.000000, D, 0.000000, PID, 0.010000
2011-11-23 16:06:57,503 vel_y, Err, -34.000000, P, -0.034000, I, 0.000000, D, 0.002400, PID, -0.031600
2011-11-23 16:06:58,475 vel_x, Err, 16.000000, P, 0.016000, I, 0.000000, D, 0.004800, PID, 0.020800
2011-11-23 16:06:58,475 vel_y, Err, -18.000000, P, -0.018000, I, 0.000000, D, 0.012800, PID, -0.005200
2011-11-23 16:06:58,500 vel_x, Err, 17.000000, P, 0.017000, I, 0.000000, D, 0.000800, PID, 0.017800
2011-11-23 16:06:58,501 vel_y, Err, -16.000000, P, -0.016000, I, 0.000000, D, 0.001600, PID, -0.014400
2011-11-23 16:06:58,525 vel_x, Err, 18.000000, P, 0.018000, I, 0.000000, D, 0.000800, PID, 0.018800
2011-11-23 16:06:58,525 vel_y, Err, -15.000000, P, -0.015000, I, 0.000000, D, 0.000800, PID, -0.014200
2011-11-23 16:06:59,501 vel_x, Err, 18.000000, P, 0.018000, I, 0.000000, D, 0.000000, PID, 0.018000
2011-11-23 16:06:59,502 vel_y, Err, -20.000000, P, -0.020000, I, 0.000000, D, -0.004000, PID, -0.024000
2011-11-23 16:06:59,527 vel_x, Err, 15.000000, P, 0.015000, I, 0.000000, D, -0.002400, PID, 0.012600
2011-11-23 16:06:59,528 vel_y, Err, -24.000000, P, -0.024000, I, 0.000000, D, -0.003200, PID, -0.027200
2011-11-23 16:06:59,552 vel_x, Err, 14.000000, P, 0.014000, I, 0.000000, D, -0.000800, PID, 0.013200
2011-11-23 16:06:59,552 vel_y, Err, -26.000000, P, -0.026000, I, 0.000000, D, -0.001600, PID, -0.027600
2011-11-23 16:07:00,528 vel_x, Err, 10.000000, P, 0.010000, I, 0.000000, D, -0.003200, PID, 0.006800
2011-11-23 16:07:00,528 vel_y, Err, -39.000000, P, -0.039000, I, 0.000000, D, -0.010400, PID, -0.049400
2011-11-23 16:07:00,554 vel_x, Err, 9.000000, P, 0.009000, I, 0.000000, D, -0.000800, PID, 0.008200
2011-11-23 16:07:00,555 vel_y, Err, -45.000000, P, -0.045000, I, 0.000000, D, -0.004800, PID, -0.049800
2011-11-23 16:07:00,578 vel_x, Err, 9.000000, P, 0.009000, I, 0.000000, D, 0.000000, PID, 0.009000
2011-11-23 16:07:00,578 vel_y, Err, -49.000000, P, -0.049000, I, 0.000000, D, -0.003200, PID, -0.052200
2011-11-23 16:07:01,553 vel_x, Err, 11.000000, P, 0.011000, I, 0.000000, D, 0.001600, PID, 0.012600
2011-11-23 16:07:01,553 vel_y, Err, -53.000000, P, -0.053000, I, 0.000000, D, -0.003200, PID, -0.056200
2011-11-23 16:07:01,578 vel_x, Err, 11.000000, P, 0.011000, I, 0.000000, D, 0.000000, PID, 0.011000
2011-11-23 16:07:01,579 vel_y, Err, -53.000000, P, -0.053000, I, 0.000000, D, 0.000000, PID, -0.053000
2011-11-23 16:07:01,600 vel_x, Err, 11.000000, P, 0.011000, I, 0.000000, D, 0.000000, PID, 0.011000
2011-11-23 16:07:01,601 vel_y, Err, -53.000000, P, -0.053000, I, 0.000000, D, 0.000000, PID, -0.053000
2011-11-23 16:07:02,577 vel_x, Err, 13.000000, P, 0.013000, I, 0.000000, D, 0.001600, PID, 0.014600
2011-11-23 16:07:02,578 vel_y, Err, -43.000000, P, -0.043000, I, 0.000000, D, 0.008000, PID, -0.035000
2011-11-23 16:07:02,603 vel_x, Err, 14.000000, P, 0.014000, I, 0.000000, D, 0.000800, PID, 0.014800
2011-11-23 16:07:02,603 vel_y, Err, -39.000000, P, -0.039000, I, 0.000000, D, 0.003200, PID, -0.035800
2011-11-23 16:07:02,625 vel_x, Err, 15.000000, P, 0.015000, I, 0.000000, D, 0.000800, PID, 0.015800
2011-11-23 16:07:02,625 vel_y, Err, -36.000000, P, -0.036000, I, 0.000000, D, 0.002400, PID, -0.033600
2011-11-23 16:07:03,077 vel_x, Err, 15.000000, P, 0.015000, I, 0.000000, D, 0.000000, PID, 0.015000
2011-11-23 16:07:03,078 vel_y, Err, -33.000000, P, -0.033000, I, 0.000000, D, 0.002400, PID, -0.030600
2011-11-23 16:07:03,603 vel_x, Err, 12.000000, P, 0.012000, I, 0.000000, D, -0.002400, PID, 0.009600
2011-11-23 16:07:03,604 vel_y, Err, -31.000000, P, -0.031000, I, 0.000000, D, 0.001600, PID, -0.029400
2011-11-23 16:07:03,628 vel_x, Err, 10.000000, P, 0.010000, I, 0.000000, D, -0.001600, PID, 0.008400
2011-11-23 16:07:03,629 vel_y, Err, -34.000000, P, -0.034000, I, 0.000000, D, -0.002400, PID, -0.036400
2011-11-23 16:07:03,652 vel_x, Err, 9.000000, P, 0.009000, I, 0.000000, D, -0.000800, PID, 0.008200
2011-11-23 16:07:03,653 vel_y, Err, -36.000000, P, -0.036000, I, 0.000000, D, -0.001600, PID, -0.037600
2011-11-23 16:07:04,629 vel_x, Err, 4.000000, P, 0.004000, I, 0.000000, D, -0.004000, PID, 0.000000
2011-11-23 16:07:04,630 vel_y, Err, -53.000000, P, -0.053000, I, 0.000000, D, -0.013600, PID, -0.066600
2011-11-23 16:07:04,650 vel_x, Err, 4.000000, P, 0.004000, I, 0.000000, D, 0.000000, PID, 0.004000
2011-11-23 16:07:04,651 vel_y, Err, -53.000000, P, -0.053000, I, 0.000000, D, 0.000000, PID, -0.053000
2011-11-23 16:07:04,676 vel_x, Err, 4.000000, P, 0.004000, I, 0.000000, D, 0.000000, PID, 0.004000
2011-11-23 16:07:04,676 vel_y, Err, -53.000000, P, -0.053000, I, 0.000000, D, 0.000000, PID, -0.053000
2011-11-23 16:07:07,177 vel_x, Err, 7.000000, P, 0.000000, I, 0.000000, D, 0.000000, PID, 0.000000
2011-11-23 16:07:07,178 vel_y, Err, -43.000000, P, -0.043000, I, 0.000000, D, 0.000000, PID, -0.043000
2011-11-23 16:07:07,202 vel_x, Err, 9.000000, P, 0.009000, I, 0.000000, D, 0.007200, PID, 0.016200
2011-11-23 16:07:07,203 vel_y, Err, -41.000000, P, -0.041000, I, 0.000000, D, 0.001600, PID, -0.039400
2011-11-23 16:07:07,702 vel_x, Err, 8.000000, P, 0.008000, I, 0.000000, D, -0.000800, PID, 0.007200
2011-11-23 16:07:07,703 vel_y, Err, -33.000000, P, -0.033000, I, 0.000000, D, 0.006400, PID, -0.026600
2011-11-23 16:07:07,725 vel_x, Err, 10.000000, P, 0.010000, I, 0.000000, D, 0.001600, PID, 0.011600
2011-11-23 16:07:07,726 vel_y, Err, -30.000000, P, -0.030000, I, 0.000000, D, 0.002400, PID, -0.027600
2011-11-23 16:07:07,750 vel_x, Err, 10.000000, P, 0.010000, I, 0.000000, D, 0.000000, PID, 0.010000
2011-11-23 16:07:07,750 vel_y, Err, -30.000000, P, -0.030000, I, 0.000000, D, 0.000000, PID, -0.030000
2011-11-23 16:07:08,203 vel_x, Err, 9.000000, P, 0.009000, I, 0.000000, D, -0.000800, PID, 0.008200
2011-11-23 16:07:08,204 vel_y, Err, -30.000000, P, -0.030000, I, 0.000000, D, 0.000000, PID, -0.030000
2011-11-23 16:07:08,730 vel_x, Err, 3.000000, P, 0.003000, I, 0.000000, D, -0.004800, PID, -0.001800
2011-11-23 16:07:08,731 vel_y, Err, -44.000000, P, -0.044000, I, 0.000000, D, -0.011200, PID, -0.055200
2011-11-23 16:07:08,754 vel_x, Err, 2.000000, P, 0.002000, I, 0.000000, D, -0.000800, PID, 0.001200
2011-11-23 16:07:08,755 vel_y, Err, -50.000000, P, -0.050000, I, 0.000000, D, -0.004800, PID, -0.054800
2011-11-23 16:07:08,775 vel_x, Err, 2.000000, P, 0.002000, I, 0.000000, D, 0.000000, PID, 0.002000
2011-11-23 16:07:08,775 vel_y, Err, -56.000000, P, -0.056000, I, 0.000000, D, -0.004800, PID, -0.060800
2011-11-23 16:07:09,753 vel_x, Err, 2.000000, P, 0.002000, I, 0.000000, D, 0.000000, PID, 0.002000
2011-11-23 16:07:09,754 vel_y, Err, -56.000000, P, -0.056000, I, 0.000000, D, 0.000000, PID, -0.056000
2011-11-23 16:07:09,777 vel_x, Err, 5.000000, P, 0.005000, I, 0.000000, D, 0.002400, PID, 0.007400
2011-11-23 16:07:09,778 vel_y, Err, -45.000000, P, -0.045000, I, 0.000000, D, 0.008800, PID, -0.036200
2011-11-23 16:07:09,803 vel_x, Err, 7.000000, P, 0.007000, I, 0.000000, D, 0.001600, PID, 0.008600
2011-11-23 16:07:09,803 vel_y, Err, -35.000000, P, -0.035000, I, 0.000000, D, 0.008000, PID, -0.027000
2011-11-23 16:07:10,777 vel_x, Err, 6.000000, P, 0.006000, I, 0.000000, D, -0.000800, PID, 0.005200
2011-11-23 16:07:10,778 vel_y, Err, -16.000000, P, -0.016000, I, 0.000000, D, 0.015200, PID, -0.000800
2011-11-23 16:07:10,802 vel_x, Err, 7.000000, P, 0.007000, I, 0.000000, D, 0.000800, PID, 0.007800
2011-11-23 16:07:10,803 vel_y, Err, -16.000000, P, -0.016000, I, 0.000000, D, 0.000000, PID, -0.016000
2011-11-23 16:07:10,828 vel_x, Err, 8.000000, P, 0.008000, I, 0.000000, D, 0.000800, PID, 0.008800
2011-11-23 16:07:10,828 vel_y, Err, -19.000000, P, -0.019000, I, 0.000000, D, -0.002400, PID, -0.021400
2011-11-23 16:07:11,802 vel_x, Err, 10.000000, P, 0.010000, I, 0.000000, D, 0.001600, PID, 0.011600
2011-11-23 16:07:11,803 vel_y, Err, -21.000000, P, -0.021000, I, 0.000000, D, -0.001600, PID, -0.022600
2011-11-23 16:07:11,828 vel_x, Err, 9.000000, P, 0.009000, I, 0.000000, D, -0.000800, PID, 0.008200
2011-11-23 16:07:11,828 vel_y, Err, -21.000000, P, -0.021000, I, 0.000000, D, 0.000000, PID, -0.021000
2011-11-23 16:07:11,852 vel_x, Err, 9.000000, P, 0.009000, I, 0.000000, D, 0.000000, PID, 0.009000
2011-11-23 16:07:11,853 vel_y, Err, -21.000000, P, -0.021000, I, 0.000000, D, 0.000000, PID, -0.021000
2011-11-23 16:07:12,304 vel_x, Err, 7.000000, P, 0.007000, I, 0.000000, D, -0.001600, PID, 0.005400
2011-11-23 16:07:12,304 vel_y, Err, -21.000000, P, -0.021000, I, 0.000000, D, 0.000000, PID, -0.021000
2011-11-23 16:07:12,327 vel_x, Err, 7.000000, P, 0.007000, I, 0.000000, D, 0.000000, PID, 0.007000
2011-11-23 16:07:12,328 vel_y, Err, -21.000000, P, -0.021000, I, 0.000000, D, 0.000000, PID, -0.021000
2011-11-23 16:07:12,828 vel_x, Err, 5.000000, P, 0.005000, I, 0.000000, D, -0.001600, PID, 0.003400
2011-11-23 16:07:12,828 vel_y, Err, -22.000000, P, -0.022000, I, 0.000000, D, -0.000800, PID, -0.022800
2011-11-23 16:07:12,853 vel_x, Err, 5.000000, P, 0.005000, I, 0.000000, D, 0.000000, PID, 0.005000
2011-11-23 16:07:12,853 vel_y, Err, -23.000000, P, -0.023000, I, 0.000000, D, -0.000800, PID, -0.023800
2011-11-23 16:07:12,877 vel_x, Err, 6.000000, P, 0.006000, I, 0.000000, D, 0.000800, PID, 0.006800
2011-11-23 16:07:12,878 vel_y, Err, -23.000000, P, -0.023000, I, 0.000000, D, 0.000000, PID, -0.023000
2011-11-23 16:07:13,328 vel_x, Err, 6.000000, P, 0.006000, I, 0.000000, D, 0.000000, PID, 0.006000
2011-11-23 16:07:13,329 vel_y, Err, -22.000000, P, -0.022000, I, 0.000000, D, 0.000800, PID, -0.021200
2011-11-23 16:07:13,853 vel_x, Err, 7.000000, P, 0.007000, I, 0.000000, D, 0.000800, PID, 0.007800
2011-11-23 16:07:13,854 vel_y, Err, -22.000000, P, -0.022000, I, 0.000000, D, 0.000000, PID, -0.022000
2011-11-23 16:07:13,876 vel_x, Err, 6.000000, P, 0.006000, I, 0.000000, D, -0.000800, PID, 0.005200
2011-11-23 16:07:13,876 vel_y, Err, -22.000000, P, -0.022000, I, 0.000000, D, 0.000000, PID, -0.022000
2011-11-23 16:07:13,901 vel_x, Err, 6.000000, P, 0.006000, I, 0.000000, D, 0.000000, PID, 0.006000
2011-11-23 16:07:13,901 vel_y, Err, -22.000000, P, -0.022000, I, 0.000000, D, 0.000000, PID, -0.022000
2011-11-23 16:07:14,880 vel_x, Err, 6.000000, P, 0.006000, I, 0.000000, D, 0.000000, PID, 0.006000
2011-11-23 16:07:14,881 vel_y, Err, -23.000000, P, -0.023000, I, 0.000000, D, -0.000800, PID, -0.023800
2011-11-23 16:07:14,904 vel_x, Err, 8.000000, P, 0.008000, I, 0.000000, D, 0.001600, PID, 0.009600
2011-11-23 16:07:14,904 vel_y, Err, -23.000000, P, -0.023000, I, 0.000000, D, 0.000000, PID, -0.023000
2011-11-23 16:07:14,928 vel_x, Err, 7.000000, P, 0.007000, I, 0.000000, D, -0.000800, PID, 0.006200
2011-11-23 16:07:14,929 vel_y, Err, -22.000000, P, -0.022000, I, 0.000000, D, 0.000800, PID, -0.021200
2011-11-23 16:07:15,904 vel_x, Err, 8.000000, P, 0.008000, I, 0.000000, D, 0.000800, PID, 0.008800
2011-11-23 16:07:15,904 vel_y, Err, -22.000000, P, -0.022000, I, 0.000000, D, 0.000000, PID, -0.022000
2011-11-23 16:07:15,928 vel_x, Err, 8.000000, P, 0.008000, I, 0.000000, D, 0.000000, PID, 0.008000
2011-11-23 16:07:15,929 vel_y, Err, -21.000000, P, -0.021000, I, 0.000000, D, 0.000800, PID, -0.020200
2011-11-23 16:07:15,953 vel_x, Err, 8.000000, P, 0.008000, I, 0.000000, D, 0.000000, PID, 0.008000
2011-11-23 16:07:15,954 vel_y, Err, -22.000000, P, -0.022000, I, 0.000000, D, -0.000800, PID, -0.022800
2011-11-23 16:07:16,403 vel_x, Err, 8.000000, P, 0.008000, I, 0.000000, D, 0.000000, PID, 0.008000
2011-11-23 16:07:16,403 vel_y, Err, -21.000000, P, -0.021000, I, 0.000000, D, 0.000800, PID, -0.020200
2011-11-23 16:07:16,428 vel_x, Err, 8.000000, P, 0.008000, I, 0.000000, D, 0.000000, PID, 0.008000
2011-11-23 16:07:16,429 vel_y, Err, -21.000000, P, -0.021000, I, 0.000000, D, 0.000000, PID, -0.021000
2011-11-23 16:07:16,929 vel_x, Err, 10.000000, P, 0.010000, I, 0.000000, D, 0.001600, PID, 0.011600
2011-11-23 16:07:16,929 vel_y, Err, -21.000000, P, -0.021000, I, 0.000000, D, 0.000000, PID, -0.021000
2011-11-23 16:07:16,951 vel_x, Err, 12.000000, P, 0.012000, I, 0.000000, D, 0.001600, PID, 0.013600
2011-11-23 16:07:16,951 vel_y, Err, -21.000000, P, -0.021000, I, 0.000000, D, 0.000000, PID, -0.021000
2011-11-23 16:07:16,978 vel_x, Err, 12.000000, P, 0.012000, I, 0.000000, D, 0.000000, PID, 0.012000
2011-11-23 16:07:16,978 vel_y, Err, -21.000000, P, -0.021000, I, 0.000000, D, 0.000000, PID, -0.021000
2011-11-23 16:07:17,428 vel_x, Err, 15.000000, P, 0.015000, I, 0.000000, D, 0.002400, PID, 0.017400
2011-11-23 16:07:17,428 vel_y, Err, -21.000000, P, -0.021000, I, 0.000000, D, 0.000000, PID, -0.021000
2011-11-23 16:07:17,953 vel_x, Err, 16.000000, P, 0.016000, I, 0.000000, D, 0.000800, PID, 0.016800
2011-11-23 16:07:17,954 vel_y, Err, -20.000000, P, -0.020000, I, 0.000000, D, 0.000800, PID, -0.019200
2011-11-23 16:07:17,976 vel_x, Err, 16.000000, P, 0.016000, I, 0.000000, D, 0.000000, PID, 0.016000
2011-11-23 16:07:17,976 vel_y, Err, -20.000000, P, -0.020000, I, 0.000000, D, 0.000000, PID, -0.020000
2011-11-23 16:07:18,000 vel_x, Err, 16.000000, P, 0.016000, I, 0.000000, D, 0.000000, PID, 0.016000
2011-11-23 16:07:18,000 vel_y, Err, -21.000000, P, -0.021000, I, 0.000000, D, -0.000800, PID, -0.021800
2011-11-23 16:07:18,976 vel_x, Err, 16.000000, P, 0.016000, I, 0.000000, D, 0.000000, PID, 0.016000
2011-11-23 16:07:18,976 vel_y, Err, -21.000000, P, -0.021000, I, 0.000000, D, 0.000000, PID, -0.021000
2011-11-23 16:07:19,000 vel_x, Err, 16.000000, P, 0.016000, I, 0.000000, D, 0.000000, PID, 0.016000
2011-11-23 16:07:19,001 vel_y, Err, -22.000000, P, -0.022000, I, 0.000000, D, -0.000800, PID, -0.022800
2011-11-23 16:07:19,026 vel_x, Err, 17.000000, P, 0.017000, I, 0.000000, D, 0.000800, PID, 0.017800
2011-11-23 16:07:19,026 vel_y, Err, -22.000000, P, -0.022000, I, 0.000000, D, 0.000000, PID, -0.022000
2011-11-23 16:07:19,478 vel_x, Err, 16.000000, P, 0.016000, I, 0.000000, D, -0.000800, PID, 0.015200
2011-11-23 16:07:19,479 vel_y, Err, -22.000000, P, -0.022000, I, 0.000000, D, 0.000000, PID, -0.022000
2011-11-23 16:07:20,004 vel_x, Err, 15.000000, P, 0.015000, I, 0.000000, D, -0.000800, PID, 0.014200
2011-11-23 16:07:20,004 vel_y, Err, -22.000000, P, -0.022000, I, 0.000000, D, 0.000000, PID, -0.022000
2011-11-23 16:07:20,029 vel_x, Err, 16.000000, P, 0.016000, I, 0.000000, D, 0.000800, PID, 0.016800
2011-11-23 16:07:20,029 vel_y, Err, -22.000000, P, -0.022000, I, 0.000000, D, 0.000000, PID, -0.022000
2011-11-23 16:07:20,051 vel_x, Err, 16.000000, P, 0.016000, I, 0.000000, D, 0.000000, PID, 0.016000
2011-11-23 16:07:20,051 vel_y, Err, -22.000000, P, -0.022000, I, 0.000000, D, 0.000000, PID, -0.022000
2011-11-23 16:07:20,504 vel_x, Err, 16.000000, P, 0.016000, I, 0.000000, D, 0.000000, PID, 0.016000
2011-11-23 16:07:20,505 vel_y, Err, -22.000000, P, -0.022000, I, 0.000000, D, 0.000000, PID, -0.022000
2011-11-23 16:07:20,528 vel_x, Err, 15.000000, P, 0.015000, I, 0.000000, D, -0.000800, PID, 0.014200
2011-11-23 16:07:20,529 vel_y, Err, -23.000000, P, -0.023000, I, 0.000000, D, -0.000800, PID, -0.023800
2011-11-23 16:07:20,553 vel_x, Err, 16.000000, P, 0.016000, I, 0.000000, D, 0.000800, PID, 0.016800
2011-11-23 16:07:20,554 vel_y, Err, -23.000000, P, -0.023000, I, 0.000000, D, 0.000000, PID, -0.023000
2011-11-23 16:07:21,028 vel_x, Err, 17.000000, P, 0.017000, I, 0.000000, D, 0.000800, PID, 0.017800
2011-11-23 16:07:21,029 vel_y, Err, -23.000000, P, -0.023000, I, 0.000000, D, 0.000000, PID, -0.023000
2011-11-23 16:07:21,053 vel_x, Err, 17.000000, P, 0.017000, I, 0.000000, D, 0.000000, PID, 0.017000
2011-11-23 16:07:21,054 vel_y, Err, -23.000000, P, -0.023000, I, 0.000000, D, 0.000000, PID, -0.023000
2011-11-23 16:07:21,530 vel_x, Err, 17.000000, P, 0.017000, I, 0.000000, D, 0.000000, PID, 0.017000
2011-11-23 16:07:21,530 vel_y, Err, -23.000000, P, -0.023000, I, 0.000000, D, 0.000000, PID, -0.023000
2011-11-23 16:07:21,551 vel_x, Err, 17.000000, P, 0.017000, I, 0.000000, D, 0.000000, PID, 0.017000
2011-11-23 16:07:21,551 vel_y, Err, -22.000000, P, -0.022000, I, 0.000000, D, 0.000800, PID, -0.021200
2011-11-23 16:07:21,578 vel_x, Err, 15.000000, P, 0.015000, I, 0.000000, D, -0.001600, PID, 0.013400
2011-11-23 16:07:21,578 vel_y, Err, -25.000000, P, -0.025000, I, 0.000000, D, -0.002400, PID, -0.027400
2011-11-23 16:07:22,054 vel_x, Err, 16.000000, P, 0.016000, I, 0.000000, D, 0.000800, PID, 0.016800
2011-11-23 16:07:22,054 vel_y, Err, -29.000000, P, -0.029000, I, 0.000000, D, -0.003200, PID, -0.032200
2011-11-23 16:07:22,078 vel_x, Err, 15.000000, P, 0.015000, I, 0.000000, D, -0.000800, PID, 0.014200
2011-11-23 16:07:22,079 vel_y, Err, -32.000000, P, -0.032000, I, 0.000000, D, -0.002400, PID, -0.034400
2011-11-23 16:07:22,101 vel_x, Err, 15.000000, P, 0.015000, I, 0.000000, D, 0.000000, PID, 0.015000
2011-11-23 16:07:22,102 vel_y, Err, -33.000000, P, -0.033000, I, 0.000000, D, -0.000800, PID, -0.033800
2011-11-23 16:07:22,554 vel_x, Err, 16.000000, P, 0.016000, I, 0.000000, D, 0.000800, PID, 0.016800
2011-11-23 16:07:22,554 vel_y, Err, -35.000000, P, -0.035000, I, 0.000000, D, -0.001600, PID, -0.036600
2011-11-23 16:07:22,576 vel_x, Err, 17.000000, P, 0.017000, I, 0.000000, D, 0.000800, PID, 0.017800
2011-11-23 16:07:22,576 vel_y, Err, -43.000000, P, -0.043000, I, 0.000000, D, -0.006400, PID, -0.049400
2011-11-23 16:07:22,602 vel_x, Err, 19.000000, P, 0.019000, I, 0.000000, D, 0.001600, PID, 0.020600
2011-11-23 16:07:22,602 vel_y, Err, -48.000000, P, -0.048000, I, 0.000000, D, -0.004000, PID, -0.052000
2011-11-23 16:07:23,077 vel_x, Err, 19.000000, P, 0.019000, I, 0.000000, D, 0.000000, PID, 0.019000
2011-11-23 16:07:23,078 vel_y, Err, -43.000000, P, -0.043000, I, 0.000000, D, 0.004000, PID, -0.039000
2011-11-23 16:07:23,103 vel_x, Err, 19.000000, P, 0.019000, I, 0.000000, D, 0.000000, PID, 0.019000
2011-11-23 16:07:23,103 vel_y, Err, -36.000000, P, -0.036000, I, 0.000000, D, 0.005600, PID, -0.030400
2011-11-23 16:07:23,126 vel_x, Err, 19.000000, P, 0.019000, I, 0.000000, D, 0.000000, PID, 0.019000
2011-11-23 16:07:23,126 vel_y, Err, -33.000000, P, -0.033000, I, 0.000000, D, 0.002400, PID, -0.030600
2011-11-23 16:07:23,577 vel_x, Err, 19.000000, P, 0.019000, I, 0.000000, D, 0.000000, PID, 0.019000
2011-11-23 16:07:23,578 vel_y, Err, -27.000000, P, -0.027000, I, 0.000000, D, 0.004800, PID, -0.022200
2011-11-23 16:07:23,602 vel_x, Err, 19.000000, P, 0.019000, I, 0.000000, D, 0.000000, PID, 0.019000
2011-11-23 16:07:23,602 vel_y, Err, -15.000000, P, -0.015000, I, 0.000000, D, 0.009600, PID, -0.005400
2011-11-23 16:07:23,626 vel_x, Err, 20.000000, P, 0.020000, I, 0.000000, D, 0.000800, PID, 0.020800
2011-11-23 16:07:23,626 vel_y, Err, -9.000000, P, -0.009000, I, 0.000000, D, 0.004800, PID, -0.004200
2011-11-23 16:07:24,101 vel_x, Err, 21.000000, P, 0.021000, I, 0.000000, D, 0.000800, PID, 0.021800
2011-11-23 16:07:24,102 vel_y, Err, -8.000000, P, -0.008000, I, 0.000000, D, 0.000800, PID, -0.007200
2011-11-23 16:07:24,125 vel_x, Err, 19.000000, P, 0.019000, I, 0.000000, D, -0.001600, PID, 0.017400
2011-11-23 16:07:24,125 vel_y, Err, -13.000000, P, -0.013000, I, 0.000000, D, -0.004000, PID, -0.017000
2011-11-23 16:07:24,601 vel_x, Err, 16.000000, P, 0.016000, I, 0.000000, D, -0.002400, PID, 0.013600
2011-11-23 16:07:24,602 vel_y, Err, -19.000000, P, -0.019000, I, 0.000000, D, -0.004800, PID, -0.023800
2011-11-23 16:07:24,626 vel_x, Err, 10.000000, P, 0.010000, I, 0.000000, D, -0.004800, PID, 0.005200
2011-11-23 16:07:24,626 vel_y, Err, -28.000000, P, -0.028000, I, 0.000000, D, -0.007200, PID, -0.035200
2011-11-23 16:07:24,651 vel_x, Err, 9.000000, P, 0.009000, I, 0.000000, D, -0.000800, PID, 0.008200
2011-11-23 16:07:24,651 vel_y, Err, -35.000000, P, -0.035000, I, 0.000000, D, -0.005600, PID, -0.040600
2011-11-23 16:07:25,128 vel_x, Err, 9.000000, P, 0.009000, I, 0.000000, D, 0.000000, PID, 0.009000
2011-11-23 16:07:25,129 vel_y, Err, -43.000000, P, -0.043000, I, 0.000000, D, -0.006400, PID, -0.049400
2011-11-23 16:07:25,152 vel_x, Err, 9.000000, P, 0.009000, I, 0.000000, D, 0.000000, PID, 0.009000
2011-11-23 16:07:25,153 vel_y, Err, -42.000000, P, -0.042000, I, 0.000000, D, 0.000800, PID, -0.041200
2011-11-23 16:07:25,628 vel_x, Err, 9.000000, P, 0.009000, I, 0.000000, D, 0.000000, PID, 0.009000
2011-11-23 16:07:25,629 vel_y, Err, -39.000000, P, -0.039000, I, 0.000000, D, 0.002400, PID, -0.036600
2011-11-23 16:07:25,653 vel_x, Err, 12.000000, P, 0.012000, I, 0.000000, D, 0.002400, PID, 0.014400
2011-11-23 16:07:25,654 vel_y, Err, -34.000000, P, -0.034000, I, 0.000000, D, 0.004000, PID, -0.030000
2011-11-23 16:07:25,678 vel_x, Err, 15.000000, P, 0.015000, I, 0.000000, D, 0.002400, PID, 0.017400
2011-11-23 16:07:25,678 vel_y, Err, -28.000000, P, -0.028000, I, 0.000000, D, 0.004800, PID, -0.023200
2011-11-23 16:07:25,703 vel_x, Err, 16.000000, P, 0.016000, I, 0.000000, D, 0.000800, PID, 0.016800
2011-11-23 16:07:25,704 vel_y, Err, -26.000000, P, -0.026000, I, 0.000000, D, 0.001600, PID, -0.024400
2011-11-23 16:07:26,129 vel_x, Err, 17.000000, P, 0.017000, I, 0.000000, D, 0.000800, PID, 0.017800
2011-11-23 16:07:26,129 vel_y, Err, -22.000000, P, -0.022000, I, 0.000000, D, 0.003200, PID, -0.018800
2011-11-23 16:07:26,154 vel_x, Err, 19.000000, P, 0.019000, I, 0.000000, D, 0.001600, PID, 0.020600
2011-11-23 16:07:26,155 vel_y, Err, -16.000000, P, -0.016000, I, 0.000000, D, 0.004800, PID, -0.011200
2011-11-23 16:07:26,178 vel_x, Err, 21.000000, P, 0.021000, I, 0.000000, D, 0.001600, PID, 0.022600
2011-11-23 16:07:26,178 vel_y, Err, -12.000000, P, -0.012000, I, 0.000000, D, 0.003200, PID, -0.008800
2011-11-23 16:07:26,655 vel_x, Err, 23.000000, P, 0.023000, I, 0.000000, D, 0.001600, PID, 0.024600
2011-11-23 16:07:26,655 vel_y, Err, -13.000000, P, -0.013000, I, 0.000000, D, -0.000800, PID, -0.013800
2011-11-23 16:07:26,676 vel_x, Err, 24.000000, P, 0.024000, I, 0.000000, D, 0.000800, PID, 0.024800
2011-11-23 16:07:26,676 vel_y, Err, -16.000000, P, -0.016000, I, 0.000000, D, -0.002400, PID, -0.018400
2011-11-23 16:07:26,702 vel_x, Err, 22.000000, P, 0.022000, I, 0.000000, D, -0.001600, PID, 0.020400
2011-11-23 16:07:26,702 vel_y, Err, -18.000000, P, -0.018000, I, 0.000000, D, -0.001600, PID, -0.019600
2011-11-23 16:07:27,179 vel_x, Err, 21.000000, P, 0.021000, I, 0.000000, D, -0.000800, PID, 0.020200
2011-11-23 16:07:27,179 vel_y, Err, -19.000000, P, -0.019000, I, 0.000000, D, -0.000800, PID, -0.019800
2011-11-23 16:07:27,200 vel_x, Err, 17.000000, P, 0.017000, I, 0.000000, D, -0.003200, PID, 0.013800
2011-11-23 16:07:27,200 vel_y, Err, -19.000000, P, -0.019000, I, 0.000000, D, 0.000000, PID, -0.019000
2011-11-23 16:07:27,679 vel_x, Err, 18.000000, P, 0.018000, I, 0.000000, D, 0.000800, PID, 0.018800
2011-11-23 16:07:27,680 vel_y, Err, -21.000000, P, -0.021000, I, 0.000000, D, -0.001600, PID, -0.022600
2011-11-23 16:07:27,704 vel_x, Err, 16.000000, P, 0.016000, I, 0.000000, D, -0.001600, PID, 0.014400
2011-11-23 16:07:27,704 vel_y, Err, -24.000000, P, -0.024000, I, 0.000000, D, -0.002400, PID, -0.026400
2011-11-23 16:07:27,728 vel_x, Err, 13.000000, P, 0.013000, I, 0.000000, D, -0.002400, PID, 0.010600
2011-11-23 16:07:27,728 vel_y, Err, -31.000000, P, -0.031000, I, 0.000000, D, -0.005600, PID, -0.036600
2011-11-23 16:07:28,179 vel_x, Err, 12.000000, P, 0.012000, I, 0.000000, D, -0.000800, PID, 0.011200
2011-11-23 16:07:28,180 vel_y, Err, -36.000000, P, -0.036000, I, 0.000000, D, -0.004000, PID, -0.040000
2011-11-23 16:07:28,201 vel_x, Err, 12.000000, P, 0.012000, I, 0.000000, D, 0.000000, PID, 0.012000
2011-11-23 16:07:28,201 vel_y, Err, -38.000000, P, -0.038000, I, 0.000000, D, -0.001600, PID, -0.039600
2011-11-23 16:07:28,228 vel_x, Err, 16.000000, P, 0.016000, I, 0.000000, D, 0.003200, PID, 0.019200
2011-11-23 16:07:28,228 vel_y, Err, -39.000000, P, -0.039000, I, 0.000000, D, -0.000800, PID, -0.039800
2011-11-23 16:07:28,250 vel_x, Err, 17.000000, P, 0.017000, I, 0.000000, D, 0.000800, PID, 0.017800
2011-11-23 16:07:28,250 vel_y, Err, -37.000000, P, -0.037000, I, 0.000000, D, 0.001600, PID, -0.035400
2011-11-23 16:07:28,704 vel_x, Err, 21.000000, P, 0.021000, I, 0.000000, D, 0.003200, PID, 0.024200
2011-11-23 16:07:28,704 vel_y, Err, -34.000000, P, -0.034000, I, 0.000000, D, 0.002400, PID, -0.031600
2011-11-23 16:07:28,728 vel_x, Err, 22.000000, P, 0.022000, I, 0.000000, D, 0.000800, PID, 0.022800
2011-11-23 16:07:28,729 vel_y, Err, -37.000000, P, -0.037000, I, 0.000000, D, -0.002400, PID, -0.039400
2011-11-23 16:07:28,750 vel_x, Err, 25.000000, P, 0.025000, I, 0.000000, D, 0.002400, PID, 0.027400
2011-11-23 16:07:28,751 vel_y, Err, -38.000000, P, -0.038000, I, 0.000000, D, -0.000800, PID, -0.038800
2011-11-23 16:07:29,229 vel_x, Err, 30.000000, P, 0.030000, I, 0.000000, D, 0.004000, PID, 0.034000
2011-11-23 16:07:29,230 vel_y, Err, -22.000000, P, -0.022000, I, 0.000000, D, 0.012800, PID, -0.009200
2011-11-23 16:07:29,252 vel_x, Err, 27.000000, P, 0.027000, I, 0.000000, D, -0.002400, PID, 0.024600
2011-11-23 16:07:29,253 vel_y, Err, -21.000000, P, -0.021000, I, 0.000000, D, 0.000800, PID, -0.020200
2011-11-23 16:07:29,730 vel_x, Err, 23.000000, P, 0.023000, I, 0.000000, D, -0.003200, PID, 0.019800
2011-11-23 16:07:29,730 vel_y, Err, -26.000000, P, -0.026000, I, 0.000000, D, -0.004000, PID, -0.030000
2011-11-23 16:07:29,750 vel_x, Err, 18.000000, P, 0.018000, I, 0.000000, D, -0.004000, PID, 0.014000
2011-11-23 16:07:29,750 vel_y, Err, -32.000000, P, -0.032000, I, 0.000000, D, -0.004800, PID, -0.036800
2011-11-23 16:07:29,778 vel_x, Err, 15.000000, P, 0.015000, I, 0.000000, D, -0.002400, PID, 0.012600
2011-11-23 16:07:29,778 vel_y, Err, -38.000000, P, -0.038000, I, 0.000000, D, -0.004800, PID, -0.042800
2011-11-23 16:07:29,803 vel_x, Err, 15.000000, P, 0.015000, I, 0.000000, D, 0.000000, PID, 0.015000
2011-11-23 16:07:29,804 vel_y, Err, -38.000000, P, -0.038000, I, 0.000000, D, 0.000000, PID, -0.038000
2011-11-23 16:07:30,228 vel_x, Err, 14.000000, P, 0.014000, I, 0.000000, D, -0.000800, PID, 0.013200
2011-11-23 16:07:30,229 vel_y, Err, -40.000000, P, -0.040000, I, 0.000000, D, -0.001600, PID, -0.041600
2011-11-23 16:07:30,253 vel_x, Err, 12.000000, P, 0.012000, I, 0.000000, D, -0.001600, PID, 0.010400
2011-11-23 16:07:30,254 vel_y, Err, -44.000000, P, -0.044000, I, 0.000000, D, -0.003200, PID, -0.047200
2011-11-23 16:07:30,278 vel_x, Err, 13.000000, P, 0.013000, I, 0.000000, D, 0.000800, PID, 0.013800
2011-11-23 16:07:30,279 vel_y, Err, -43.000000, P, -0.043000, I, 0.000000, D, 0.000800, PID, -0.042200
2011-11-23 16:07:30,304 vel_x, Err, 12.000000, P, 0.012000, I, 0.000000, D, -0.000800, PID, 0.011200
2011-11-23 16:07:30,304 vel_y, Err, -40.000000, P, -0.040000, I, 0.000000, D, 0.002400, PID, -0.037600
2011-11-23 16:07:30,753 vel_x, Err, 12.000000, P, 0.012000, I, 0.000000, D, 0.000000, PID, 0.012000
2011-11-23 16:07:30,754 vel_y, Err, -35.000000, P, -0.035000, I, 0.000000, D, 0.004000, PID, -0.031000
2011-11-23 16:07:30,779 vel_x, Err, 12.000000, P, 0.012000, I, 0.000000, D, 0.000000, PID, 0.012000
2011-11-23 16:07:30,779 vel_y, Err, -24.000000, P, -0.024000, I, 0.000000, D, 0.008800, PID, -0.015200
2011-11-23 16:07:30,800 vel_x, Err, 12.000000, P, 0.012000, I, 0.000000, D, 0.000000, PID, 0.012000
2011-11-23 16:07:30,801 vel_y, Err, -17.000000, P, -0.017000, I, 0.000000, D, 0.005600, PID, -0.011400
2011-11-23 16:07:31,253 vel_x, Err, 12.000000, P, 0.012000, I, 0.000000, D, 0.000000, PID, 0.012000
2011-11-23 16:07:31,254 vel_y, Err, -13.000000, P, -0.013000, I, 0.000000, D, 0.003200, PID, -0.009800
2011-11-23 16:07:31,276 vel_x, Err, 12.000000, P, 0.012000, I, 0.000000, D, 0.000000, PID, 0.012000
2011-11-23 16:07:31,277 vel_y, Err, -8.000000, P, -0.008000, I, 0.000000, D, 0.004000, PID, -0.004000
2011-11-23 16:07:31,303 vel_x, Err, 12.000000, P, 0.012000, I, 0.000000, D, 0.000000, PID, 0.012000
2011-11-23 16:07:31,303 vel_y, Err, -7.000000, P, 0.000000, I, 0.000000, D, 0.000000, PID, 0.000000
2011-11-23 16:07:31,778 vel_x, Err, 12.000000, P, 0.012000, I, 0.000000, D, 0.000000, PID, 0.012000
2011-11-23 16:07:31,779 vel_y, Err, -9.000000, P, -0.009000, I, 0.000000, D, -0.000800, PID, -0.009800
2011-11-23 16:07:31,800 vel_x, Err, 11.000000, P, 0.011000, I, 0.000000, D, -0.000800, PID, 0.010200
2011-11-23 16:07:31,800 vel_y, Err, -16.000000, P, -0.016000, I, 0.000000, D, -0.005600, PID, -0.021600
2011-11-23 16:07:31,827 vel_x, Err, 11.000000, P, 0.011000, I, 0.000000, D, 0.000000, PID, 0.011000
2011-11-23 16:07:31,828 vel_y, Err, -24.000000, P, -0.024000, I, 0.000000, D, -0.006400, PID, -0.030400
2011-11-23 16:07:32,278 vel_x, Err, 10.000000, P, 0.010000, I, 0.000000, D, -0.000800, PID, 0.009200
2011-11-23 16:07:32,279 vel_y, Err, -28.000000, P, -0.028000, I, 0.000000, D, -0.003200, PID, -0.031200
2011-11-23 16:07:32,303 vel_x, Err, 8.000000, P, 0.008000, I, 0.000000, D, -0.001600, PID, 0.006400
2011-11-23 16:07:32,303 vel_y, Err, -33.000000, P, -0.033000, I, 0.000000, D, -0.004000, PID, -0.037000
2011-11-23 16:07:32,326 vel_x, Err, 6.000000, P, 0.006000, I, 0.000000, D, -0.001600, PID, 0.004400
2011-11-23 16:07:32,327 vel_y, Err, -44.000000, P, -0.044000, I, 0.000000, D, -0.008800, PID, -0.052800
2011-11-23 16:07:32,804 vel_x, Err, 5.000000, P, 0.005000, I, 0.000000, D, -0.000800, PID, 0.004200
2011-11-23 16:07:32,804 vel_y, Err, -46.000000, P, -0.046000, I, 0.000000, D, -0.001600, PID, -0.047600
2011-11-23 16:07:32,830 vel_x, Err, 4.000000, P, 0.004000, I, 0.000000, D, -0.000800, PID, 0.003200
2011-11-23 16:07:32,831 vel_y, Err, -44.000000, P, -0.044000, I, 0.000000, D, 0.001600, PID, -0.042400
2011-11-23 16:07:32,853 vel_x, Err, 7.000000, P, 0.007000, I, 0.000000, D, 0.002400, PID, 0.009400
2011-11-23 16:07:32,853 vel_y, Err, -36.000000, P, -0.036000, I, 0.000000, D, 0.006400, PID, -0.029600
2011-11-23 16:07:33,305 vel_x, Err, 9.000000, P, 0.009000, I, 0.000000, D, 0.001600, PID, 0.010600
2011-11-23 16:07:33,306 vel_y, Err, -33.000000, P, -0.033000, I, 0.000000, D, 0.002400, PID, -0.030600
2011-11-23 16:07:33,328 vel_x, Err, 11.000000, P, 0.011000, I, 0.000000, D, 0.001600, PID, 0.012600
2011-11-23 16:07:33,329 vel_y, Err, -28.000000, P, -0.028000, I, 0.000000, D, 0.004000, PID, -0.024000
2011-11-23 16:07:33,350 vel_x, Err, 12.000000, P, 0.012000, I, 0.000000, D, 0.000800, PID, 0.012800
2011-11-23 16:07:33,351 vel_y, Err, -20.000000, P, -0.020000, I, 0.000000, D, 0.006400, PID, -0.013600
2011-11-23 16:07:33,378 vel_x, Err, 12.000000, P, 0.012000, I, 0.000000, D, 0.000000, PID, 0.012000
2011-11-23 16:07:33,379 vel_y, Err, -19.000000, P, -0.019000, I, 0.000000, D, 0.000800, PID, -0.018200
2011-11-23 16:07:33,828 vel_x, Err, 12.000000, P, 0.012000, I, 0.000000, D, 0.000000, PID, 0.012000
2011-11-23 16:07:33,829 vel_y, Err, -16.000000, P, -0.016000, I, 0.000000, D, 0.002400, PID, -0.013600
2011-11-23 16:07:33,851 vel_x, Err, 12.000000, P, 0.012000, I, 0.000000, D, 0.000000, PID, 0.012000
2011-11-23 16:07:33,851 vel_y, Err, -12.000000, P, -0.012000, I, 0.000000, D, 0.003200, PID, -0.008800
2011-11-23 16:07:33,878 vel_x, Err, 11.000000, P, 0.011000, I, 0.000000, D, -0.000800, PID, 0.010200
2011-11-23 16:07:33,879 vel_y, Err, -14.000000, P, -0.014000, I, 0.000000, D, -0.001600, PID, -0.015600
2011-11-23 16:07:34,328 vel_x, Err, 11.000000, P, 0.011000, I, 0.000000, D, 0.000000, PID, 0.011000
2011-11-23 16:07:34,329 vel_y, Err, -16.000000, P, -0.016000, I, 0.000000, D, -0.001600, PID, -0.017600
2011-11-23 16:07:34,351 vel_x, Err, 10.000000, P, 0.010000, I, 0.000000, D, -0.000800, PID, 0.009200
2011-11-23 16:07:34,351 vel_y, Err, -20.000000, P, -0.020000, I, 0.000000, D, -0.003200, PID, -0.023200
2011-11-23 16:07:34,375 vel_x, Err, 8.000000, P, 0.008000, I, 0.000000, D, -0.001600, PID, 0.006400
2011-11-23 16:07:34,376 vel_y, Err, -27.000000, P, -0.027000, I, 0.000000, D, -0.005600, PID, -0.032600
2011-11-23 16:07:34,401 vel_x, Err, 7.000000, P, 0.007000, I, 0.000000, D, -0.000800, PID, 0.006200
2011-11-23 16:07:34,401 vel_y, Err, -29.000000, P, -0.029000, I, 0.000000, D, -0.001600, PID, -0.030600
2011-11-23 16:07:34,855 vel_x, Err, 6.000000, P, 0.006000, I, 0.000000, D, -0.000800, PID, 0.005200
2011-11-23 16:07:34,856 vel_y, Err, -37.000000, P, -0.037000, I, 0.000000, D, -0.006400, PID, -0.043400
2011-11-23 16:07:34,879 vel_x, Err, 5.000000, P, 0.005000, I, 0.000000, D, -0.000800, PID, 0.004200
2011-11-23 16:07:34,880 vel_y, Err, -43.000000, P, -0.043000, I, 0.000000, D, -0.004800, PID, -0.047800
2011-11-23 16:07:34,903 vel_x, Err, 5.000000, P, 0.005000, I, 0.000000, D, 0.000000, PID, 0.005000
2011-11-23 16:07:34,904 vel_y, Err, -46.000000, P, -0.046000, I, 0.000000, D, -0.002400, PID, -0.048400
2011-11-23 16:07:35,355 vel_x, Err, 4.000000, P, 0.004000, I, 0.000000, D, -0.000800, PID, 0.003200
2011-11-23 16:07:35,356 vel_y, Err, -46.000000, P, -0.046000, I, 0.000000, D, 0.000000, PID, -0.046000
2011-11-23 16:07:35,378 vel_x, Err, 5.000000, P, 0.005000, I, 0.000000, D, 0.000800, PID, 0.005800
2011-11-23 16:07:35,379 vel_y, Err, -43.000000, P, -0.043000, I, 0.000000, D, 0.002400, PID, -0.040600
2011-11-23 16:07:35,403 vel_x, Err, 8.000000, P, 0.008000, I, 0.000000, D, 0.002400, PID, 0.010400
2011-11-23 16:07:35,404 vel_y, Err, -35.000000, P, -0.035000, I, 0.000000, D, 0.006400, PID, -0.028600
2011-11-23 16:07:35,428 vel_x, Err, 9.000000, P, 0.009000, I, 0.000000, D, 0.000800, PID, 0.009800
2011-11-23 16:07:35,428 vel_y, Err, -30.000000, P, -0.030000, I, 0.000000, D, 0.004000, PID, -0.026000
2011-11-23 16:07:35,878 vel_x, Err, 13.000000, P, 0.013000, I, 0.000000, D, 0.003200, PID, 0.016200
2011-11-23 16:07:35,879 vel_y, Err, -26.000000, P, -0.026000, I, 0.000000, D, 0.003200, PID, -0.022800
2011-11-23 16:07:35,904 vel_x, Err, 17.000000, P, 0.017000, I, 0.000000, D, 0.003200, PID, 0.020200
2011-11-23 16:07:35,904 vel_y, Err, -21.000000, P, -0.021000, I, 0.000000, D, 0.004000, PID, -0.017000
2011-11-23 16:07:35,928 vel_x, Err, 18.000000, P, 0.018000, I, 0.000000, D, 0.000800, PID, 0.018800
2011-11-23 16:07:35,928 vel_y, Err, -15.000000, P, -0.015000, I, 0.000000, D, 0.004800, PID, -0.010200
2011-11-23 16:07:36,403 vel_x, Err, 21.000000, P, 0.021000, I, 0.000000, D, 0.002400, PID, 0.023400
2011-11-23 16:07:36,404 vel_y, Err, -17.000000, P, -0.017000, I, 0.000000, D, -0.001600, PID, -0.018600
2011-11-23 16:07:36,427 vel_x, Err, 18.000000, P, 0.018000, I, 0.000000, D, -0.002400, PID, 0.015600
2011-11-23 16:07:36,427 vel_y, Err, -24.000000, P, -0.024000, I, 0.000000, D, -0.005600, PID, -0.029600
2011-11-23 16:07:36,903 vel_x, Err, 16.000000, P, 0.016000, I, 0.000000, D, -0.001600, PID, 0.014400
2011-11-23 16:07:36,904 vel_y, Err, -29.000000, P, -0.029000, I, 0.000000, D, -0.004000, PID, -0.033000
2011-11-23 16:07:36,929 vel_x, Err, 11.000000, P, 0.011000, I, 0.000000, D, -0.004000, PID, 0.007000
2011-11-23 16:07:36,930 vel_y, Err, -38.000000, P, -0.038000, I, 0.000000, D, -0.007200, PID, -0.045200
2011-11-23 16:07:36,953 vel_x, Err, 10.000000, P, 0.010000, I, 0.000000, D, -0.000800, PID, 0.009200
2011-11-23 16:07:36,954 vel_y, Err, -44.000000, P, -0.044000, I, 0.000000, D, -0.004800, PID, -0.048800
2011-11-23 16:07:37,403 vel_x, Err, 10.000000, P, 0.010000, I, 0.000000, D, 0.000000, PID, 0.010000
2011-11-23 16:07:37,404 vel_y, Err, -46.000000, P, -0.046000, I, 0.000000, D, -0.001600, PID, -0.047600
2011-11-23 16:07:37,425 vel_x, Err, 10.000000, P, 0.010000, I, 0.000000, D, 0.000000, PID, 0.010000
2011-11-23 16:07:37,426 vel_y, Err, -43.000000, P, -0.043000, I, 0.000000, D, 0.002400, PID, -0.040600
2011-11-23 16:07:37,450 vel_x, Err, 11.000000, P, 0.011000, I, 0.000000, D, 0.000800, PID, 0.011800
2011-11-23 16:07:37,451 vel_y, Err, -35.000000, P, -0.035000, I, 0.000000, D, 0.006400, PID, -0.028600
2011-11-23 16:07:37,928 vel_x, Err, 11.000000, P, 0.011000, I, 0.000000, D, 0.000000, PID, 0.011000
2011-11-23 16:07:37,928 vel_y, Err, -27.000000, P, -0.027000, I, 0.000000, D, 0.006400, PID, -0.020600
2011-11-23 16:07:37,951 vel_x, Err, 12.000000, P, 0.012000, I, 0.000000, D, 0.000800, PID, 0.012800
2011-11-23 16:07:37,951 vel_y, Err, -24.000000, P, -0.024000, I, 0.000000, D, 0.002400, PID, -0.021600
2011-11-23 16:07:38,428 vel_x, Err, 14.000000, P, 0.014000, I, 0.000000, D, 0.001600, PID, 0.015600
2011-11-23 16:07:38,429 vel_y, Err, -9.000000, P, -0.009000, I, 0.000000, D, 0.012000, PID, 0.003000
2011-11-23 16:07:38,454 vel_x, Err, 15.000000, P, 0.015000, I, 0.000000, D, 0.000800, PID, 0.015800
2011-11-23 16:07:38,455 vel_y, Err, -4.000000, P, 0.000000, I, 0.000000, D, 0.000000, PID, 0.000000
2011-11-23 16:07:38,477 vel_x, Err, 14.000000, P, 0.014000, I, 0.000000, D, -0.000800, PID, 0.013200
2011-11-23 16:07:38,477 vel_y, Err, -7.000000, P, 0.000000, I, 0.000000, D, 0.000000, PID, 0.000000
2011-11-23 16:07:38,954 vel_x, Err, 12.000000, P, 0.012000, I, 0.000000, D, -0.001600, PID, 0.010400
2011-11-23 16:07:38,955 vel_y, Err, -12.000000, P, -0.012000, I, 0.000000, D, -0.002400, PID, -0.014400
2011-11-23 16:07:38,979 vel_x, Err, 9.000000, P, 0.009000, I, 0.000000, D, -0.002400, PID, 0.006600
2011-11-23 16:07:38,980 vel_y, Err, -21.000000, P, -0.021000, I, 0.000000, D, -0.007200, PID, -0.028200
2011-11-23 16:07:39,001 vel_x, Err, 6.000000, P, 0.006000, I, 0.000000, D, -0.002400, PID, 0.003600
2011-11-23 16:07:39,001 vel_y, Err, -26.000000, P, -0.026000, I, 0.000000, D, -0.004000, PID, -0.030000
2011-11-23 16:07:39,453 vel_x, Err, 5.000000, P, 0.005000, I, 0.000000, D, -0.000800, PID, 0.004200
2011-11-23 16:07:39,453 vel_y, Err, -29.000000, P, -0.029000, I, 0.000000, D, -0.002400, PID, -0.031400
2011-11-23 16:07:39,475 vel_x, Err, 3.000000, P, 0.003000, I, 0.000000, D, -0.001600, PID, 0.001400
2011-11-23 16:07:39,476 vel_y, Err, -39.000000, P, -0.039000, I, 0.000000, D, -0.008000, PID, -0.047000
2011-11-23 16:07:39,501 vel_x, Err, 3.000000, P, 0.003000, I, 0.000000, D, 0.000000, PID, 0.003000
2011-11-23 16:07:39,501 vel_y, Err, -40.000000, P, -0.040000, I, 0.000000, D, -0.000800, PID, -0.040800
2011-11-23 16:07:39,975 vel_x, Err, 4.000000, P, 0.004000, I, 0.000000, D, 0.000800, PID, 0.004800
2011-11-23 16:07:39,975 vel_y, Err, -37.000000, P, -0.037000, I, 0.000000, D, 0.002400, PID, -0.034600
2011-11-23 16:07:40,001 vel_x, Err, 6.000000, P, 0.006000, I, 0.000000, D, 0.001600, PID, 0.007600
2011-11-23 16:07:40,002 vel_y, Err, -26.000000, P, -0.026000, I, 0.000000, D, 0.008800, PID, -0.017200
2011-11-23 16:07:40,025 vel_x, Err, 8.000000, P, 0.008000, I, 0.000000, D, 0.001600, PID, 0.009600
2011-11-23 16:07:40,026 vel_y, Err, -21.000000, P, -0.021000, I, 0.000000, D, 0.004000, PID, -0.017000
2011-11-23 16:07:40,476 vel_x, Err, 10.000000, P, 0.010000, I, 0.000000, D, 0.001600, PID, 0.011600
2011-11-23 16:07:40,476 vel_y, Err, -15.000000, P, -0.015000, I, 0.000000, D, 0.004800, PID, -0.010200
2011-11-23 16:07:40,501 vel_x, Err, 12.000000, P, 0.012000, I, 0.000000, D, 0.001600, PID, 0.013600
2011-11-23 16:07:40,501 vel_y, Err, -4.000000, P, 0.000000, I, 0.000000, D, 0.000000, PID, 0.000000
2011-11-23 16:07:40,526 vel_x, Err, 14.000000, P, 0.014000, I, 0.000000, D, 0.001600, PID, 0.015600
2011-11-23 16:07:40,526 vel_y, Err, 0.000000, P, 0.000000, I, 0.000000, D, 0.000000, PID, 0.000000
2011-11-23 16:07:41,004 vel_x, Err, 14.000000, P, 0.014000, I, 0.000000, D, 0.000000, PID, 0.014000
2011-11-23 16:07:41,004 vel_y, Err, -2.000000, P, 0.000000, I, 0.000000, D, 0.000000, PID, 0.000000
2011-11-23 16:07:41,028 vel_x, Err, 11.000000, P, 0.011000, I, 0.000000, D, -0.002400, PID, 0.008600
2011-11-23 16:07:41,029 vel_y, Err, -10.000000, P, -0.010000, I, 0.000000, D, 0.004000, PID, -0.006000
2011-11-23 16:07:41,053 vel_x, Err, 10.000000, P, 0.010000, I, 0.000000, D, -0.000800, PID, 0.009200
2011-11-23 16:07:41,054 vel_y, Err, -16.000000, P, -0.016000, I, 0.000000, D, -0.004800, PID, -0.020800
2011-11-23 16:07:41,503 vel_x, Err, 8.000000, P, 0.008000, I, 0.000000, D, -0.001600, PID, 0.006400
2011-11-23 16:07:41,504 vel_y, Err, -20.000000, P, -0.020000, I, 0.000000, D, -0.003200, PID, -0.023200
2011-11-23 16:07:41,529 vel_x, Err, 4.000000, P, 0.004000, I, 0.000000, D, -0.003200, PID, 0.000800
2011-11-23 16:07:41,530 vel_y, Err, -30.000000, P, -0.030000, I, 0.000000, D, -0.008000, PID, -0.038000
2011-11-23 16:07:41,554 vel_x, Err, 4.000000, P, 0.004000, I, 0.000000, D, 0.000000, PID, 0.004000
2011-11-23 16:07:41,554 vel_y, Err, -40.000000, P, -0.040000, I, 0.000000, D, -0.008000, PID, -0.048000
2011-11-23 16:07:42,028 vel_x, Err, 3.000000, P, 0.003000, I, 0.000000, D, -0.000800, PID, 0.002200
2011-11-23 16:07:42,029 vel_y, Err, -41.000000, P, -0.041000, I, 0.000000, D, -0.000800, PID, -0.041800
2011-11-23 16:07:42,053 vel_x, Err, 4.000000, P, 0.004000, I, 0.000000, D, 0.000800, PID, 0.004800
2011-11-23 16:07:42,054 vel_y, Err, -36.000000, P, -0.036000, I, 0.000000, D, 0.004000, PID, -0.032000
2011-11-23 16:07:42,078 vel_x, Err, 7.000000, P, 0.007000, I, 0.000000, D, 0.002400, PID, 0.009400
2011-11-23 16:07:42,078 vel_y, Err, -25.000000, P, -0.025000, I, 0.000000, D, 0.008800, PID, -0.016200
2011-11-23 16:07:42,526 vel_x, Err, 8.000000, P, 0.008000, I, 0.000000, D, 0.000800, PID, 0.008800
2011-11-23 16:07:42,526 vel_y, Err, -18.000000, P, -0.018000, I, 0.000000, D, 0.005600, PID, -0.012400
2011-11-23 16:07:42,550 vel_x, Err, 10.000000, P, 0.010000, I, 0.000000, D, 0.001600, PID, 0.011600
2011-11-23 16:07:42,550 vel_y, Err, -5.000000, P, 0.000000, I, 0.000000, D, 0.000000, PID, 0.000000
2011-11-23 16:07:42,576 vel_x, Err, 12.000000, P, 0.012000, I, 0.000000, D, 0.001600, PID, 0.013600
2011-11-23 16:07:42,576 vel_y, Err, 2.000000, P, 0.000000, I, 0.000000, D, 0.000000, PID, 0.000000
2011-11-23 16:07:43,053 vel_x, Err, 14.000000, P, 0.014000, I, 0.000000, D, 0.001600, PID, 0.015600
2011-11-23 16:07:43,054 vel_y, Err, 6.000000, P, 0.000000, I, 0.000000, D, 0.000000, PID, 0.000000
2011-11-23 16:07:43,080 vel_x, Err, 15.000000, P, 0.015000, I, 0.000000, D, 0.000800, PID, 0.015800
2011-11-23 16:07:43,080 vel_y, Err, 3.000000, P, 0.000000, I, 0.000000, D, 0.000000, PID, 0.000000
2011-11-23 16:07:43,103 vel_x, Err, 15.000000, P, 0.015000, I, 0.000000, D, 0.000000, PID, 0.015000
2011-11-23 16:07:43,104 vel_y, Err, -1.000000, P, 0.000000, I, 0.000000, D, 0.000000, PID, 0.000000
2011-11-23 16:07:43,554 vel_x, Err, 12.000000, P, 0.012000, I, 0.000000, D, -0.002400, PID, 0.009600
2011-11-23 16:07:43,554 vel_y, Err, -8.000000, P, -0.008000, I, 0.000000, D, 0.008000, PID, 0.000000
2011-11-23 16:07:43,579 vel_x, Err, 7.000000, P, 0.007000, I, 0.000000, D, -0.004000, PID, 0.003000
2011-11-23 16:07:43,580 vel_y, Err, -22.000000, P, -0.022000, I, 0.000000, D, -0.011200, PID, -0.033200
2011-11-23 16:07:43,600 vel_x, Err, 3.000000, P, 0.003000, I, 0.000000, D, -0.003200, PID, -0.000200
2011-11-23 16:07:43,600 vel_y, Err, -34.000000, P, -0.034000, I, 0.000000, D, -0.009600, PID, -0.043600
2011-11-23 16:07:44,075 vel_x, Err, 1.000000, P, 0.001000, I, 0.000000, D, -0.001600, PID, -0.000600
2011-11-23 16:07:44,076 vel_y, Err, -46.000000, P, -0.046000, I, 0.000000, D, -0.009600, PID, -0.055600
2011-11-23 16:07:44,101 vel_x, Err, 1.000000, P, 0.001000, I, 0.000000, D, 0.000000, PID, 0.001000
2011-11-23 16:07:44,102 vel_y, Err, -46.000000, P, -0.046000, I, 0.000000, D, 0.000000, PID, -0.046000
2011-11-23 16:07:44,126 vel_x, Err, 8.000000, P, 0.008000, I, 0.000000, D, 0.005600, PID, 0.013600
2011-11-23 16:07:44,127 vel_y, Err, -39.000000, P, -0.039000, I, 0.000000, D, 0.005600, PID, -0.033400
2011-11-23 16:07:44,579 vel_x, Err, 10.000000, P, 0.010000, I, 0.000000, D, 0.001600, PID, 0.011600
2011-11-23 16:07:44,580 vel_y, Err, -31.000000, P, -0.031000, I, 0.000000, D, 0.006400, PID, -0.024600
2011-11-23 16:07:44,603 vel_x, Err, 12.000000, P, 0.012000, I, 0.000000, D, 0.001600, PID, 0.013600
2011-11-23 16:07:44,603 vel_y, Err, -20.000000, P, -0.020000, I, 0.000000, D, 0.008800, PID, -0.011200
2011-11-23 16:07:44,625 vel_x, Err, 15.000000, P, 0.015000, I, 0.000000, D, 0.002400, PID, 0.017400
2011-11-23 16:07:44,625 vel_y, Err, -7.000000, P, 0.000000, I, 0.000000, D, 0.000000, PID, 0.000000
2011-11-23 16:07:45,103 vel_x, Err, 16.000000, P, 0.016000, I, 0.000000, D, 0.000800, PID, 0.016800
2011-11-23 16:07:45,104 vel_y, Err, -3.000000, P, 0.000000, I, 0.000000, D, 0.000000, PID, 0.000000
2011-11-23 16:07:45,128 vel_x, Err, 17.000000, P, 0.017000, I, 0.000000, D, 0.000800, PID, 0.017800
2011-11-23 16:07:45,128 vel_y, Err, 0.000000, P, 0.000000, I, 0.000000, D, 0.000000, PID, 0.000000
2011-11-23 16:07:45,151 vel_x, Err, 16.000000, P, 0.016000, I, 0.000000, D, -0.000800, PID, 0.015200
2011-11-23 16:07:45,152 vel_y, Err, -4.000000, P, 0.000000, I, 0.000000, D, 0.000000, PID, 0.000000
2011-11-23 16:07:45,603 vel_x, Err, 16.000000, P, 0.016000, I, 0.000000, D, 0.000000, PID, 0.016000
2011-11-23 16:07:45,603 vel_y, Err, -5.000000, P, 0.000000, I, 0.000000, D, 0.000000, PID, 0.000000
2011-11-23 16:07:45,628 vel_x, Err, 15.000000, P, 0.015000, I, 0.000000, D, -0.000800, PID, 0.014200
2011-11-23 16:07:45,628 vel_y, Err, -7.000000, P, 0.000000, I, 0.000000, D, 0.000000, PID, 0.000000
2011-11-23 16:07:45,928 vel_x, Err, 9.000000, P, 0.009000, I, 0.000000, D, -0.004800, PID, 0.004200
2011-11-23 16:07:45,928 vel_y, Err, -19.000000, P, -0.019000, I, 0.000000, D, 0.000800, PID, -0.018200
2011-11-23 16:07:46,130 vel_x, Err, 5.000000, P, 0.005000, I, 0.000000, D, -0.003200, PID, 0.001800
2011-11-23 16:07:46,130 vel_y, Err, -20.000000, P, -0.020000, I, 0.000000, D, -0.000800, PID, -0.020800
2011-11-23 16:07:46,153 vel_x, Err, 12.000000, P, 0.012000, I, 0.000000, D, 0.005600, PID, 0.017600
2011-11-23 16:07:46,154 vel_y, Err, -14.000000, P, -0.014000, I, 0.000000, D, 0.004800, PID, -0.009200
2011-11-23 16:07:46,428 vel_x, Err, 5.000000, P, 0.005000, I, 0.000000, D, -0.005600, PID, -0.000600
2011-11-23 16:07:46,429 vel_y, Err, -17.000000, P, -0.017000, I, 0.000000, D, -0.002400, PID, -0.019400
2011-11-23 16:07:46,628 vel_x, Err, 6.000000, P, 0.006000, I, 0.000000, D, 0.000800, PID, 0.006800
2011-11-23 16:07:46,629 vel_y, Err, -19.000000, P, -0.019000, I, 0.000000, D, -0.001600, PID, -0.020600
2011-11-23 16:07:46,655 vel_x, Err, 7.000000, P, 0.007000, I, 0.000000, D, 0.000800, PID, 0.007800
2011-11-23 16:07:46,655 vel_y, Err, -18.000000, P, -0.018000, I, 0.000000, D, 0.000800, PID, -0.017200
2011-11-23 16:07:46,953 vel_x, Err, 10.000000, P, 0.010000, I, 0.000000, D, 0.002400, PID, 0.012400
2011-11-23 16:07:46,953 vel_y, Err, -18.000000, P, -0.018000, I, 0.000000, D, 0.000000, PID, -0.018000
2011-11-23 16:07:47,153 vel_x, Err, 10.000000, P, 0.010000, I, 0.000000, D, 0.000000, PID, 0.010000
2011-11-23 16:07:47,153 vel_y, Err, -17.000000, P, -0.017000, I, 0.000000, D, 0.000800, PID, -0.016200
2011-11-23 16:07:47,175 vel_x, Err, 10.000000, P, 0.010000, I, 0.000000, D, 0.000000, PID, 0.010000
2011-11-23 16:07:47,175 vel_y, Err, -18.000000, P, -0.018000, I, 0.000000, D, -0.000800, PID, -0.018800
2011-11-23 16:07:47,653 vel_x, Err, 12.000000, P, 0.012000, I, 0.000000, D, 0.001600, PID, 0.013600
2011-11-23 16:07:47,653 vel_y, Err, -16.000000, P, -0.016000, I, 0.000000, D, 0.001600, PID, -0.014400
2011-11-23 16:07:47,978 vel_x, Err, -22.000000, P, -0.022000, I, 0.000000, D, -0.027200, PID, -0.049200
2011-11-23 16:07:47,978 vel_y, Err, -35.000000, P, -0.035000, I, 0.000000, D, -0.015200, PID, -0.050200
2011-11-23 16:07:48,178 vel_x, Err, -12.000000, P, -0.012000, I, 0.000000, D, 0.008000, PID, -0.004000
2011-11-23 16:07:48,178 vel_y, Err, -32.000000, P, -0.032000, I, 0.000000, D, 0.002400, PID, -0.029600
2011-11-23 16:07:48,478 vel_x, Err, -29.000000, P, -0.029000, I, 0.000000, D, -0.013600, PID, -0.042600
2011-11-23 16:07:48,479 vel_y, Err, -31.000000, P, -0.031000, I, 0.000000, D, 0.000800, PID, -0.030200
2011-11-23 16:07:48,578 vel_x, Err, -26.000000, P, -0.026000, I, 0.000000, D, 0.002400, PID, -0.023600
2011-11-23 16:07:48,579 vel_y, Err, -31.000000, P, -0.031000, I, 0.000000, D, 0.000000, PID, -0.031000
2011-11-23 16:07:48,679 vel_x, Err, -30.000000, P, -0.030000, I, 0.000000, D, -0.003200, PID, -0.033200
2011-11-23 16:07:48,680 vel_y, Err, -32.000000, P, -0.032000, I, 0.000000, D, -0.000800, PID, -0.032800
2011-11-23 16:07:48,703 vel_x, Err, -21.000000, P, -0.021000, I, 0.000000, D, 0.007200, PID, -0.013800
2011-11-23 16:07:48,703 vel_y, Err, -28.000000, P, -0.028000, I, 0.000000, D, 0.003200, PID, -0.024800
2011-11-23 16:07:49,204 vel_x, Err, -17.000000, P, -0.017000, I, 0.000000, D, 0.003200, PID, -0.013800
2011-11-23 16:07:49,204 vel_y, Err, -28.000000, P, -0.028000, I, 0.000000, D, 0.000000, PID, -0.028000
2011-11-23 16:07:49,702 vel_x, Err, -13.000000, P, -0.013000, I, 0.000000, D, 0.003200, PID, -0.009800
2011-11-23 16:07:49,702 vel_y, Err, -22.000000, P, -0.022000, I, 0.000000, D, 0.004800, PID, -0.017200
2011-11-23 16:07:49,725 vel_x, Err, -12.000000, P, -0.012000, I, 0.000000, D, 0.000800, PID, -0.011200
2011-11-23 16:07:49,725 vel_y, Err, -19.000000, P, -0.019000, I, 0.000000, D, 0.002400, PID, -0.016600
2011-11-23 16:07:49,750 vel_x, Err, -14.000000, P, -0.014000, I, 0.000000, D, -0.001600, PID, -0.015600
2011-11-23 16:07:49,750 vel_y, Err, -21.000000, P, -0.021000, I, 0.000000, D, -0.001600, PID, -0.022600
2011-11-23 16:07:50,228 vel_x, Err, -13.000000, P, -0.013000, I, 0.000000, D, 0.000800, PID, -0.012200
2011-11-23 16:07:50,229 vel_y, Err, -22.000000, P, -0.022000, I, 0.000000, D, -0.000800, PID, -0.022800
2011-11-23 16:07:50,730 vel_x, Err, -12.000000, P, -0.012000, I, 0.000000, D, 0.000800, PID, -0.011200
2011-11-23 16:07:50,730 vel_y, Err, -24.000000, P, -0.024000, I, 0.000000, D, -0.001600, PID, -0.025600
2011-11-23 16:07:50,751 vel_x, Err, -22.000000, P, -0.022000, I, 0.000000, D, -0.008000, PID, -0.030000
2011-11-23 16:07:50,751 vel_y, Err, -34.000000, P, -0.034000, I, 0.000000, D, -0.008000, PID, -0.042000
2011-11-23 16:07:50,776 vel_x, Err, -22.000000, P, -0.022000, I, 0.000000, D, 0.000000, PID, -0.022000
2011-11-23 16:07:50,776 vel_y, Err, -34.000000, P, -0.034000, I, 0.000000, D, 0.000000, PID, -0.034000
2011-11-23 16:07:51,253 vel_x, Err, -19.000000, P, -0.019000, I, 0.000000, D, 0.002400, PID, -0.016600
2011-11-23 16:07:51,254 vel_y, Err, -21.000000, P, -0.021000, I, 0.000000, D, 0.010400, PID, -0.010600
2011-11-23 16:07:51,753 vel_x, Err, -22.000000, P, -0.022000, I, 0.000000, D, -0.002400, PID, -0.024400
2011-11-23 16:07:51,754 vel_y, Err, -10.000000, P, -0.010000, I, 0.000000, D, 0.008800, PID, -0.001200
2011-11-23 16:07:51,776 vel_x, Err, -2.000000, P, 0.000000, I, 0.000000, D, 0.000000, PID, 0.000000
2011-11-23 16:07:51,776 vel_y, Err, -14.000000, P, -0.014000, I, 0.000000, D, -0.003200, PID, -0.017200
2011-11-23 16:07:51,803 vel_x, Err, -2.000000, P, 0.000000, I, 0.000000, D, 0.000000, PID, 0.000000
2011-11-23 16:07:51,803 vel_y, Err, -11.000000, P, -0.011000, I, 0.000000, D, 0.002400, PID, -0.008600
2011-11-23 16:07:52,278 vel_x, Err, -6.000000, P, 0.000000, I, 0.000000, D, 0.000000, PID, 0.000000
2011-11-23 16:07:52,278 vel_y, Err, -14.000000, P, -0.014000, I, 0.000000, D, -0.002400, PID, -0.016400
2011-11-23 16:07:52,778 vel_x, Err, -22.000000, P, -0.022000, I, 0.000000, D, 0.000000, PID, -0.022000
2011-11-23 16:07:52,778 vel_y, Err, -7.000000, P, 0.000000, I, 0.000000, D, 0.000000, PID, 0.000000
2011-11-23 16:07:52,800 vel_x, Err, -19.000000, P, -0.019000, I, 0.000000, D, 0.002400, PID, -0.016600
2011-11-23 16:07:52,800 vel_y, Err, -8.000000, P, -0.008000, I, 0.000000, D, 0.004800, PID, -0.003200
2011-11-23 16:07:52,827 vel_x, Err, -25.000000, P, -0.025000, I, 0.000000, D, -0.004800, PID, -0.029800
2011-11-23 16:07:52,828 vel_y, Err, -17.000000, P, -0.017000, I, 0.000000, D, -0.007200, PID, -0.024200
2011-11-23 16:07:53,280 vel_x, Err, -20.000000, P, -0.020000, I, 0.000000, D, 0.004000, PID, -0.016000
2011-11-23 16:07:53,280 vel_y, Err, -14.000000, P, -0.014000, I, 0.000000, D, 0.002400, PID, -0.011600
2011-11-23 16:07:53,308 vel_x, Err, -14.000000, P, -0.014000, I, 0.000000, D, 0.004800, PID, -0.009200
2011-11-23 16:07:53,308 vel_y, Err, -9.000000, P, -0.009000, I, 0.000000, D, 0.004000, PID, -0.005000
2011-11-23 16:07:53,806 vel_x, Err, -14.000000, P, -0.014000, I, 0.000000, D, 0.000000, PID, -0.014000
2011-11-23 16:07:53,806 vel_y, Err, -9.000000, P, -0.009000, I, 0.000000, D, 0.000000, PID, -0.009000
2011-11-23 16:07:53,829 vel_x, Err, -14.000000, P, -0.014000, I, 0.000000, D, 0.000000, PID, -0.014000
2011-11-23 16:07:53,829 vel_y, Err, -9.000000, P, -0.009000, I, 0.000000, D, 0.000000, PID, -0.009000
