2011-11-23 16:08:57,561 Starting DroneDriver
2011-11-23 16:10:39,376 ToggleCam 0
2011-11-23 16:10:39,376 vel_x, Err, -27.000000, P, -0.027000, I, 0.000000, D, 0.000000, PID, -0.027000
2011-11-23 16:10:39,377 vel_y, Err, -49.000000, P, -0.049000, I, 0.000000, D, 0.000000, PID, -0.049000
2011-11-23 16:10:39,385 vel_x, Err, -27.000000, P, -0.027000, I, 0.000000, D, 0.000000, PID, -0.027000
2011-11-23 16:10:39,386 vel_y, Err, -49.000000, P, -0.049000, I, 0.000000, D, 0.000000, PID, -0.049000
2011-11-23 16:10:39,430 vel_x, Err, -27.000000, P, -0.027000, I, 0.000000, D, 0.000000, PID, -0.027000
2011-11-23 16:10:39,430 vel_y, Err, -49.000000, P, -0.049000, I, 0.000000, D, 0.000000, PID, -0.049000
2011-11-23 16:10:39,454 vel_x, Err, -27.000000, P, -0.027000, I, 0.000000, D, 0.000000, PID, -0.027000
2011-11-23 16:10:39,455 vel_y, Err, -49.000000, P, -0.049000, I, 0.000000, D, 0.000000, PID, -0.049000
2011-11-23 16:10:39,535 vel_x, Err, -27.000000, P, -0.027000, I, 0.000000, D, 0.000000, PID, -0.027000
2011-11-23 16:10:39,536 vel_y, Err, -49.000000, P, -0.049000, I, 0.000000, D, 0.000000, PID, -0.049000
2011-11-23 16:11:05,031 vel_x, Err, -36.000000, P, -0.036000, I, 0.000000, D, 0.000000, PID, -0.036000
2011-11-23 16:11:05,031 vel_y, Err, 14.000000, P, 0.014000, I, 0.000000, D, 0.000000, PID, 0.014000
2011-11-23 16:11:05,106 vel_x, Err, -23.000000, P, -0.023000, I, 0.000000, D, 0.000000, PID, -0.023000
2011-11-23 16:11:05,107 vel_y, Err, 5.000000, P, 0.005000, I, 0.000000, D, -1.000000, PID, -0.080000
2011-11-23 16:11:05,153 vel_x, Err, -15.000000, P, -0.015000, I, 0.000000, D, 0.000000, PID, -0.015000
2011-11-23 16:11:05,154 vel_y, Err, 0.000000, P, 0.000000, I, 0.000000, D, -1.000000, PID, -0.080000
2011-11-23 16:11:05,205 vel_x, Err, -15.000000, P, -0.015000, I, 0.000000, D, 0.000000, PID, -0.015000
2011-11-23 16:11:05,206 vel_y, Err, -3.000000, P, 0.000000, I, 0.000000, D, 0.000000, PID, 0.000000
2011-11-23 16:11:05,253 vel_x, Err, -18.000000, P, -0.018000, I, 0.000000, D, -1.000000, PID, -0.080000
2011-11-23 16:11:05,254 vel_y, Err, -5.000000, P, 0.000000, I, 0.000000, D, 0.000000, PID, 0.000000
2011-11-23 16:11:05,305 vel_x, Err, -19.000000, P, -0.019000, I, 0.000000, D, -1.000000, PID, -0.080000
2011-11-23 16:11:05,306 vel_y, Err, -9.000000, P, -0.009000, I, 0.000000, D, -1.000000, PID, -0.080000
2011-11-23 16:11:05,431 vel_x, Err, -18.000000, P, -0.018000, I, 0.000000, D, 0.000000, PID, -0.018000
2011-11-23 16:11:05,431 vel_y, Err, -14.000000, P, -0.014000, I, 0.000000, D, -1.000000, PID, -0.080000
2011-11-23 16:11:05,456 vel_x, Err, -19.000000, P, -0.019000, I, 0.000000, D, -1.000000, PID, -0.080000
2011-11-23 16:11:05,456 vel_y, Err, -15.000000, P, -0.015000, I, 0.000000, D, -1.000000, PID, -0.080000
2011-11-23 16:11:05,505 vel_x, Err, -20.000000, P, -0.020000, I, 0.000000, D, -1.000000, PID, -0.080000
2011-11-23 16:11:05,506 vel_y, Err, -17.000000, P, -0.017000, I, 0.000000, D, -1.000000, PID, -0.080000
2011-11-23 16:11:05,580 vel_x, Err, -17.000000, P, -0.017000, I, 0.000000, D, 0.000000, PID, -0.017000
2011-11-23 16:11:05,581 vel_y, Err, -18.000000, P, -0.018000, I, 0.000000, D, -1.000000, PID, -0.080000
2011-11-23 16:11:05,631 vel_x, Err, -15.000000, P, -0.015000, I, 0.000000, D, 0.000000, PID, -0.015000
2011-11-23 16:11:05,631 vel_y, Err, -17.000000, P, -0.017000, I, 0.000000, D, 0.000000, PID, -0.017000
2011-11-23 16:11:05,681 vel_x, Err, -13.000000, P, -0.013000, I, 0.000000, D, 0.000000, PID, -0.013000
2011-11-23 16:11:05,682 vel_y, Err, -16.000000, P, -0.016000, I, 0.000000, D, 0.000000, PID, -0.016000
2011-11-23 16:11:05,856 vel_x, Err, 4.000000, P, 0.000000, I, 0.000000, D, 0.000000, PID, 0.000000
2011-11-23 16:11:05,856 vel_y, Err, -4.000000, P, 0.000000, I, 0.000000, D, 0.000000, PID, 0.000000
2011-11-23 16:11:05,905 vel_x, Err, 9.000000, P, 0.009000, I, 0.000000, D, 0.000000, PID, 0.009000
2011-11-23 16:11:05,906 vel_y, Err, 1.000000, P, 0.000000, I, 0.000000, D, 0.000000, PID, 0.000000
2011-11-23 16:11:05,956 vel_x, Err, 15.000000, P, 0.015000, I, 0.000000, D, 0.000000, PID, 0.015000
2011-11-23 16:11:05,956 vel_y, Err, 4.000000, P, 0.000000, I, 0.000000, D, 0.000000, PID, 0.000000
2011-11-23 16:11:06,031 vel_x, Err, 22.000000, P, 0.022000, I, 0.000000, D, 0.000000, PID, 0.022000
2011-11-23 16:11:06,031 vel_y, Err, 8.000000, P, 0.008000, I, 0.000000, D, 0.000000, PID, 0.008000
2011-11-23 16:11:06,081 vel_x, Err, 28.000000, P, 0.028000, I, 0.000000, D, 0.000000, PID, 0.028000
2011-11-23 16:11:06,081 vel_y, Err, 12.000000, P, 0.012000, I, 0.000000, D, 0.000000, PID, 0.012000
2011-11-23 16:11:06,131 vel_x, Err, 34.000000, P, 0.034000, I, 0.000000, D, 0.000000, PID, 0.034000
2011-11-23 16:11:06,131 vel_y, Err, 15.000000, P, 0.015000, I, 0.000000, D, 0.000000, PID, 0.015000
2011-11-23 16:11:06,181 vel_x, Err, 39.000000, P, 0.039000, I, 0.000000, D, 0.000000, PID, 0.039000
2011-11-23 16:11:06,181 vel_y, Err, 19.000000, P, 0.019000, I, 0.000000, D, 0.000000, PID, 0.019000
2011-11-23 16:11:06,231 vel_x, Err, 45.000000, P, 0.045000, I, 0.000000, D, 0.000000, PID, 0.045000
2011-11-23 16:11:06,231 vel_y, Err, 22.000000, P, 0.022000, I, 0.000000, D, 0.000000, PID, 0.022000
2011-11-23 16:11:06,281 vel_x, Err, 52.000000, P, 0.052000, I, 0.000000, D, 0.000000, PID, 0.052000
2011-11-23 16:11:06,281 vel_y, Err, 26.000000, P, 0.026000, I, 0.000000, D, 0.000000, PID, 0.026000
2011-11-23 16:11:06,328 vel_x, Err, 57.000000, P, 0.057000, I, 0.000000, D, 0.000000, PID, 0.057000
2011-11-23 16:11:06,328 vel_y, Err, 28.000000, P, 0.028000, I, 0.000000, D, 0.000000, PID, 0.028000
2011-11-23 16:11:06,380 vel_x, Err, 57.000000, P, 0.057000, I, 0.000000, D, 0.000000, PID, 0.057000
2011-11-23 16:11:06,381 vel_y, Err, 28.000000, P, 0.028000, I, 0.000000, D, 0.000000, PID, 0.028000
2011-11-23 16:11:06,430 vel_x, Err, 57.000000, P, 0.057000, I, 0.000000, D, 0.000000, PID, 0.057000
2011-11-23 16:11:06,431 vel_y, Err, 28.000000, P, 0.028000, I, 0.000000, D, 0.000000, PID, 0.028000
2011-11-23 16:11:07,081 vel_x, Err, 59.000000, P, 0.059000, I, 0.000000, D, 0.000000, PID, 0.059000
2011-11-23 16:11:07,081 vel_y, Err, 57.000000, P, 0.057000, I, 0.000000, D, 0.000000, PID, 0.057000
2011-11-23 16:11:07,155 vel_x, Err, 56.000000, P, 0.056000, I, 0.000000, D, -1.000000, PID, -0.080000
2011-11-23 16:11:07,156 vel_y, Err, 57.000000, P, 0.057000, I, 0.000000, D, 0.000000, PID, 0.057000
2011-11-23 16:11:07,206 vel_x, Err, 54.000000, P, 0.054000, I, 0.000000, D, -1.000000, PID, -0.080000
2011-11-23 16:11:07,206 vel_y, Err, 58.000000, P, 0.058000, I, 0.000000, D, 0.000000, PID, 0.058000
2011-11-23 16:11:07,255 vel_x, Err, 53.000000, P, 0.053000, I, 0.000000, D, -1.000000, PID, -0.080000
2011-11-23 16:11:07,256 vel_y, Err, 59.000000, P, 0.059000, I, 0.000000, D, 0.000000, PID, 0.059000
2011-11-23 16:11:07,305 vel_x, Err, 53.000000, P, 0.053000, I, 0.000000, D, 0.000000, PID, 0.053000
2011-11-23 16:11:07,306 vel_y, Err, 60.000000, P, 0.060000, I, 0.000000, D, 0.000000, PID, 0.060000
2011-11-23 16:11:07,355 vel_x, Err, 48.000000, P, 0.048000, I, 0.000000, D, -1.000000, PID, -0.080000
2011-11-23 16:11:07,356 vel_y, Err, 62.000000, P, 0.062000, I, 0.000000, D, 0.000000, PID, 0.062000
2011-11-23 16:11:07,405 vel_x, Err, 44.000000, P, 0.044000, I, 0.000000, D, -1.000000, PID, -0.080000
2011-11-23 16:11:07,406 vel_y, Err, 63.000000, P, 0.063000, I, 0.000000, D, 0.000000, PID, 0.063000
2011-11-23 16:11:07,480 vel_x, Err, 43.000000, P, 0.043000, I, 0.000000, D, -1.000000, PID, -0.080000
2011-11-23 16:11:07,481 vel_y, Err, 64.000000, P, 0.064000, I, 0.000000, D, 0.000000, PID, 0.064000
2011-11-23 16:11:07,505 vel_x, Err, 45.000000, P, 0.045000, I, 0.000000, D, 0.000000, PID, 0.045000
2011-11-23 16:11:07,506 vel_y, Err, 64.000000, P, 0.064000, I, 0.000000, D, 0.000000, PID, 0.064000
2011-11-23 16:11:07,555 vel_x, Err, 44.000000, P, 0.044000, I, 0.000000, D, -1.000000, PID, -0.080000
2011-11-23 16:11:07,556 vel_y, Err, 64.000000, P, 0.064000, I, 0.000000, D, 0.000000, PID, 0.064000
2011-11-23 16:11:07,630 vel_x, Err, 43.000000, P, 0.043000, I, 0.000000, D, -1.000000, PID, -0.080000
2011-11-23 16:11:07,631 vel_y, Err, 63.000000, P, 0.063000, I, 0.000000, D, -1.000000, PID, -0.080000
2011-11-23 16:11:07,680 vel_x, Err, 46.000000, P, 0.046000, I, 0.000000, D, 0.000000, PID, 0.046000
2011-11-23 16:11:07,681 vel_y, Err, 61.000000, P, 0.061000, I, 0.000000, D, -1.000000, PID, -0.080000
2011-11-23 16:11:07,730 vel_x, Err, 49.000000, P, 0.049000, I, 0.000000, D, 0.000000, PID, 0.049000
2011-11-23 16:11:07,731 vel_y, Err, 60.000000, P, 0.060000, I, 0.000000, D, -1.000000, PID, -0.080000
2011-11-23 16:11:07,781 vel_x, Err, 49.000000, P, 0.049000, I, 0.000000, D, 0.000000, PID, 0.049000
2011-11-23 16:11:07,782 vel_y, Err, 57.000000, P, 0.057000, I, 0.000000, D, -1.000000, PID, -0.080000
2011-11-23 16:11:07,855 vel_x, Err, 53.000000, P, 0.053000, I, 0.000000, D, 0.000000, PID, 0.053000
2011-11-23 16:11:07,856 vel_y, Err, 48.000000, P, 0.048000, I, 0.000000, D, -1.000000, PID, -0.080000
2011-11-23 16:11:07,878 vel_x, Err, 59.000000, P, 0.059000, I, 0.000000, D, 0.000000, PID, 0.059000
2011-11-23 16:11:07,878 vel_y, Err, 42.000000, P, 0.042000, I, 0.000000, D, -1.000000, PID, -0.080000
2011-11-23 16:11:07,955 vel_x, Err, 59.000000, P, 0.059000, I, 0.000000, D, 0.000000, PID, 0.059000
2011-11-23 16:11:07,956 vel_y, Err, 42.000000, P, 0.042000, I, 0.000000, D, 0.000000, PID, 0.042000
2011-11-23 16:11:08,005 vel_x, Err, 59.000000, P, 0.059000, I, 0.000000, D, 0.000000, PID, 0.059000
2011-11-23 16:11:08,006 vel_y, Err, 42.000000, P, 0.042000, I, 0.000000, D, 0.000000, PID, 0.042000
2011-11-23 16:11:19,503 vel_x, Err, 29.000000, P, 0.029000, I, 0.000000, D, 0.000000, PID, 0.029000
2011-11-23 16:11:19,503 vel_y, Err, 28.000000, P, 0.028000, I, 0.000000, D, 0.000000, PID, 0.028000
2011-11-23 16:11:19,578 vel_x, Err, 5.000000, P, 0.005000, I, 0.000000, D, -1.000000, PID, -0.080000
2011-11-23 16:11:19,578 vel_y, Err, 11.000000, P, 0.011000, I, 0.000000, D, -1.000000, PID, -0.080000
2011-11-23 16:11:19,630 vel_x, Err, -6.000000, P, -0.006000, I, 0.000000, D, -1.000000, PID, -0.080000
2011-11-23 16:11:19,631 vel_y, Err, 3.000000, P, 0.003000, I, 0.000000, D, -1.000000, PID, -0.080000
2011-11-23 16:11:19,681 vel_x, Err, -7.000000, P, 0.000000, I, 0.000000, D, 0.000000, PID, 0.000000
2011-11-23 16:11:19,681 vel_y, Err, 2.000000, P, 0.002000, I, 0.000000, D, -1.000000, PID, -0.080000
2011-11-23 16:11:19,732 vel_x, Err, -7.000000, P, 0.000000, I, 0.000000, D, 0.000000, PID, 0.000000
2011-11-23 16:11:19,732 vel_y, Err, 2.000000, P, 0.002000, I, 0.000000, D, 0.000000, PID, 0.002000
2011-11-23 16:11:19,780 vel_x, Err, -9.000000, P, -0.009000, I, 0.000000, D, -1.000000, PID, -0.080000
2011-11-23 16:11:19,780 vel_y, Err, 0.000000, P, 0.000000, I, 0.000000, D, -1.000000, PID, -0.080000
2011-11-23 16:11:19,857 vel_x, Err, -10.000000, P, -0.010000, I, 0.000000, D, -1.000000, PID, -0.080000
2011-11-23 16:11:19,857 vel_y, Err, -5.000000, P, 0.000000, I, 0.000000, D, 0.000000, PID, 0.000000
2011-11-23 16:11:19,904 vel_x, Err, -9.000000, P, -0.009000, I, 0.000000, D, 0.000000, PID, -0.009000
2011-11-23 16:11:19,904 vel_y, Err, -5.000000, P, 0.000000, I, 0.000000, D, 0.000000, PID, 0.000000
2011-11-23 16:11:19,953 vel_x, Err, -9.000000, P, -0.009000, I, 0.000000, D, 0.000000, PID, -0.009000
2011-11-23 16:11:19,954 vel_y, Err, -6.000000, P, 0.000000, I, 0.000000, D, 0.000000, PID, 0.000000
2011-11-23 16:11:20,004 vel_x, Err, -10.000000, P, -0.010000, I, 0.000000, D, -1.000000, PID, -0.080000
2011-11-23 16:11:20,004 vel_y, Err, -6.000000, P, 0.000000, I, 0.000000, D, 0.000000, PID, 0.000000
2011-11-23 16:11:20,053 vel_x, Err, -9.000000, P, -0.009000, I, 0.000000, D, 0.000000, PID, -0.009000
2011-11-23 16:11:20,054 vel_y, Err, -6.000000, P, 0.000000, I, 0.000000, D, 0.000000, PID, 0.000000
2011-11-23 16:11:20,104 vel_x, Err, -6.000000, P, 0.000000, I, 0.000000, D, 0.000000, PID, 0.000000
2011-11-23 16:11:20,104 vel_y, Err, -4.000000, P, 0.000000, I, 0.000000, D, 0.000000, PID, 0.000000
2011-11-23 16:11:20,155 vel_x, Err, -4.000000, P, 0.000000, I, 0.000000, D, 0.000000, PID, 0.000000
2011-11-23 16:11:20,155 vel_y, Err, -3.000000, P, 0.000000, I, 0.000000, D, 0.000000, PID, 0.000000
2011-11-23 16:11:20,205 vel_x, Err, -1.000000, P, 0.000000, I, 0.000000, D, 0.000000, PID, 0.000000
2011-11-23 16:11:20,205 vel_y, Err, -2.000000, P, 0.000000, I, 0.000000, D, 0.000000, PID, 0.000000
2011-11-23 16:11:20,281 vel_x, Err, 4.000000, P, 0.000000, I, 0.000000, D, 0.000000, PID, 0.000000
2011-11-23 16:11:20,281 vel_y, Err, 0.000000, P, 0.000000, I, 0.000000, D, 0.000000, PID, 0.000000
2011-11-23 16:11:20,332 vel_x, Err, 9.000000, P, 0.009000, I, 0.000000, D, 0.000000, PID, 0.009000
2011-11-23 16:11:20,332 vel_y, Err, 1.000000, P, 0.000000, I, 0.000000, D, 0.000000, PID, 0.000000
2011-11-23 16:11:20,378 vel_x, Err, 14.000000, P, 0.014000, I, 0.000000, D, 0.000000, PID, 0.014000
2011-11-23 16:11:20,378 vel_y, Err, 2.000000, P, 0.000000, I, 0.000000, D, 0.000000, PID, 0.000000
2011-11-23 16:11:20,431 vel_x, Err, 19.000000, P, 0.019000, I, 0.000000, D, 0.000000, PID, 0.019000
2011-11-23 16:11:20,431 vel_y, Err, 3.000000, P, 0.000000, I, 0.000000, D, 0.000000, PID, 0.000000
2011-11-23 16:11:20,506 vel_x, Err, 25.000000, P, 0.025000, I, 0.000000, D, 0.000000, PID, 0.025000
2011-11-23 16:11:20,506 vel_y, Err, 4.000000, P, 0.000000, I, 0.000000, D, 0.000000, PID, 0.000000
2011-11-23 16:11:20,553 vel_x, Err, 30.000000, P, 0.030000, I, 0.000000, D, 0.000000, PID, 0.030000
2011-11-23 16:11:20,553 vel_y, Err, 6.000000, P, 0.000000, I, 0.000000, D, 0.000000, PID, 0.000000
2011-11-23 16:11:20,604 vel_x, Err, 35.000000, P, 0.035000, I, 0.000000, D, 0.000000, PID, 0.035000
2011-11-23 16:11:20,605 vel_y, Err, 7.000000, P, 0.000000, I, 0.000000, D, 0.000000, PID, 0.000000
2011-11-23 16:11:20,655 vel_x, Err, 39.000000, P, 0.039000, I, 0.000000, D, 0.000000, PID, 0.039000
2011-11-23 16:11:20,656 vel_y, Err, 9.000000, P, 0.009000, I, 0.000000, D, 0.000000, PID, 0.009000
2011-11-23 16:11:20,705 vel_x, Err, 43.000000, P, 0.043000, I, 0.000000, D, 0.000000, PID, 0.043000
2011-11-23 16:11:20,706 vel_y, Err, 11.000000, P, 0.011000, I, 0.000000, D, 0.000000, PID, 0.011000
2011-11-23 16:11:20,754 vel_x, Err, 47.000000, P, 0.047000, I, 0.000000, D, 0.000000, PID, 0.047000
2011-11-23 16:11:20,755 vel_y, Err, 14.000000, P, 0.014000, I, 0.000000, D, 0.000000, PID, 0.014000
2011-11-23 16:11:20,804 vel_x, Err, 49.000000, P, 0.049000, I, 0.000000, D, 0.000000, PID, 0.049000
2011-11-23 16:11:20,805 vel_y, Err, 16.000000, P, 0.016000, I, 0.000000, D, 0.000000, PID, 0.016000
2011-11-23 16:11:20,855 vel_x, Err, 51.000000, P, 0.051000, I, 0.000000, D, 0.000000, PID, 0.051000
2011-11-23 16:11:20,856 vel_y, Err, 18.000000, P, 0.018000, I, 0.000000, D, 0.000000, PID, 0.018000
2011-11-23 16:11:20,904 vel_x, Err, 51.000000, P, 0.051000, I, 0.000000, D, 0.000000, PID, 0.051000
2011-11-23 16:11:20,905 vel_y, Err, 20.000000, P, 0.020000, I, 0.000000, D, 0.000000, PID, 0.020000
2011-11-23 16:11:20,980 vel_x, Err, 51.000000, P, 0.051000, I, 0.000000, D, 0.000000, PID, 0.051000
2011-11-23 16:11:20,981 vel_y, Err, 22.000000, P, 0.022000, I, 0.000000, D, 0.000000, PID, 0.022000
2011-11-23 16:11:21,030 vel_x, Err, 49.000000, P, 0.049000, I, 0.000000, D, -1.000000, PID, -0.080000
2011-11-23 16:11:21,031 vel_y, Err, 24.000000, P, 0.024000, I, 0.000000, D, 0.000000, PID, 0.024000
2011-11-23 16:11:21,180 vel_x, Err, 40.000000, P, 0.040000, I, 0.000000, D, -1.000000, PID, -0.080000
2011-11-23 16:11:21,181 vel_y, Err, 27.000000, P, 0.027000, I, 0.000000, D, 0.000000, PID, 0.027000
2011-11-23 16:11:21,228 vel_x, Err, 33.000000, P, 0.033000, I, 0.000000, D, -1.000000, PID, -0.080000
2011-11-23 16:11:21,229 vel_y, Err, 29.000000, P, 0.029000, I, 0.000000, D, 0.000000, PID, 0.029000
2011-11-23 16:11:21,331 vel_x, Err, 21.000000, P, 0.021000, I, 0.000000, D, -1.000000, PID, -0.080000
2011-11-23 16:11:21,332 vel_y, Err, 31.000000, P, 0.031000, I, 0.000000, D, 0.000000, PID, 0.031000
2011-11-23 16:11:21,406 vel_x, Err, 18.000000, P, 0.018000, I, 0.000000, D, -1.000000, PID, -0.080000
2011-11-23 16:11:21,406 vel_y, Err, 33.000000, P, 0.033000, I, 0.000000, D, 0.000000, PID, 0.033000
2011-11-23 16:11:21,456 vel_x, Err, 19.000000, P, 0.019000, I, 0.000000, D, 0.000000, PID, 0.019000
2011-11-23 16:11:21,456 vel_y, Err, 34.000000, P, 0.034000, I, 0.000000, D, 0.000000, PID, 0.034000
2011-11-23 16:11:21,505 vel_x, Err, 21.000000, P, 0.021000, I, 0.000000, D, 0.000000, PID, 0.021000
2011-11-23 16:11:21,506 vel_y, Err, 35.000000, P, 0.035000, I, 0.000000, D, 0.000000, PID, 0.035000
2011-11-23 16:11:21,555 vel_x, Err, 25.000000, P, 0.025000, I, 0.000000, D, 0.000000, PID, 0.025000
2011-11-23 16:11:21,556 vel_y, Err, 37.000000, P, 0.037000, I, 0.000000, D, 0.000000, PID, 0.037000
2011-11-23 16:11:21,631 vel_x, Err, 34.000000, P, 0.034000, I, 0.000000, D, 0.000000, PID, 0.034000
2011-11-23 16:11:21,631 vel_y, Err, 38.000000, P, 0.038000, I, 0.000000, D, 0.000000, PID, 0.038000
2011-11-23 16:11:21,679 vel_x, Err, 43.000000, P, 0.043000, I, 0.000000, D, 0.000000, PID, 0.043000
2011-11-23 16:11:21,680 vel_y, Err, 39.000000, P, 0.039000, I, 0.000000, D, 0.000000, PID, 0.039000
2011-11-23 16:11:21,731 vel_x, Err, 52.000000, P, 0.052000, I, 0.000000, D, 0.000000, PID, 0.052000
2011-11-23 16:11:21,731 vel_y, Err, 41.000000, P, 0.041000, I, 0.000000, D, 0.000000, PID, 0.041000
2011-11-23 16:11:21,778 vel_x, Err, 52.000000, P, 0.052000, I, 0.000000, D, 0.000000, PID, 0.052000
2011-11-23 16:11:21,778 vel_y, Err, 41.000000, P, 0.041000, I, 0.000000, D, 0.000000, PID, 0.041000
2011-11-23 16:11:21,829 vel_x, Err, 52.000000, P, 0.052000, I, 0.000000, D, 0.000000, PID, 0.052000
2011-11-23 16:11:21,829 vel_y, Err, 41.000000, P, 0.041000, I, 0.000000, D, 0.000000, PID, 0.041000
2011-11-23 16:11:49,280 vel_x, Err, 23.000000, P, 0.023000, I, 0.000000, D, 0.000000, PID, 0.023000
2011-11-23 16:11:49,281 vel_y, Err, -65.000000, P, -0.065000, I, 0.000000, D, 0.000000, PID, -0.065000
2011-11-23 16:11:49,331 vel_x, Err, 22.000000, P, 0.022000, I, 0.000000, D, -1.000000, PID, -0.080000
2011-11-23 16:11:49,332 vel_y, Err, -64.000000, P, -0.064000, I, 0.000000, D, 0.000000, PID, -0.064000
2011-11-23 16:11:49,381 vel_x, Err, 22.000000, P, 0.022000, I, 0.000000, D, 0.000000, PID, 0.022000
2011-11-23 16:11:49,381 vel_y, Err, -65.000000, P, -0.065000, I, 0.000000, D, -1.000000, PID, -0.080000
2011-11-23 16:11:49,431 vel_x, Err, 23.000000, P, 0.023000, I, 0.000000, D, 0.000000, PID, 0.023000
2011-11-23 16:11:49,432 vel_y, Err, -70.000000, P, -0.070000, I, 0.000000, D, -1.000000, PID, -0.080000
2011-11-23 16:11:49,506 vel_x, Err, 23.000000, P, 0.023000, I, 0.000000, D, 0.000000, PID, 0.023000
2011-11-23 16:11:49,506 vel_y, Err, -70.000000, P, -0.070000, I, 0.000000, D, 0.000000, PID, -0.070000
2011-11-23 16:11:49,553 vel_x, Err, 23.000000, P, 0.023000, I, 0.000000, D, 0.000000, PID, 0.023000
2011-11-23 16:11:49,553 vel_y, Err, -70.000000, P, -0.070000, I, 0.000000, D, 0.000000, PID, -0.070000
2011-11-23 16:11:50,857 vel_x, Err, -1.000000, P, 0.000000, I, 0.000000, D, 0.000000, PID, 0.000000
2011-11-23 16:11:50,858 vel_y, Err, 25.000000, P, 0.025000, I, 0.000000, D, 0.000000, PID, 0.025000
2011-11-23 16:11:50,905 vel_x, Err, -1.000000, P, 0.000000, I, 0.000000, D, 0.000000, PID, 0.000000
2011-11-23 16:11:50,905 vel_y, Err, 42.000000, P, 0.042000, I, 0.000000, D, 0.000000, PID, 0.042000
2011-11-23 16:11:50,953 vel_x, Err, -1.000000, P, 0.000000, I, 0.000000, D, 0.000000, PID, 0.000000
2011-11-23 16:11:50,954 vel_y, Err, 42.000000, P, 0.042000, I, 0.000000, D, 0.000000, PID, 0.042000
2011-11-23 16:11:51,003 vel_x, Err, 0.000000, P, 0.000000, I, 0.000000, D, 0.000000, PID, 0.000000
2011-11-23 16:11:51,003 vel_y, Err, 25.000000, P, 0.025000, I, 0.000000, D, -1.000000, PID, -0.080000
2011-11-23 16:11:51,053 vel_x, Err, 2.000000, P, 0.000000, I, 0.000000, D, 0.000000, PID, 0.000000
2011-11-23 16:11:51,053 vel_y, Err, -7.000000, P, -0.007000, I, 0.000000, D, -1.000000, PID, -0.080000
2011-11-23 16:11:51,105 vel_x, Err, 4.000000, P, 0.000000, I, 0.000000, D, 0.000000, PID, 0.000000
2011-11-23 16:11:51,106 vel_y, Err, -31.000000, P, -0.031000, I, 0.000000, D, -1.000000, PID, -0.080000
2011-11-23 16:11:51,181 vel_x, Err, 6.000000, P, 0.000000, I, 0.000000, D, 0.000000, PID, 0.000000
2011-11-23 16:11:51,181 vel_y, Err, -55.000000, P, -0.055000, I, 0.000000, D, -1.000000, PID, -0.080000
2011-11-23 16:11:51,206 vel_x, Err, 6.000000, P, 0.000000, I, 0.000000, D, 0.000000, PID, 0.000000
2011-11-23 16:11:51,206 vel_y, Err, -55.000000, P, -0.055000, I, 0.000000, D, 0.000000, PID, -0.055000
2011-11-23 16:11:51,280 vel_x, Err, 6.000000, P, 0.000000, I, 0.000000, D, 0.000000, PID, 0.000000
2011-11-23 16:11:51,281 vel_y, Err, -55.000000, P, -0.055000, I, 0.000000, D, 0.000000, PID, -0.055000
2011-11-23 16:12:01,781 vel_x, Err, -40.000000, P, -0.040000, I, 0.000000, D, 0.000000, PID, -0.040000
2011-11-23 16:12:01,781 vel_y, Err, -72.000000, P, -0.072000, I, 0.000000, D, 0.000000, PID, -0.072000
2011-11-23 16:12:01,806 vel_x, Err, -42.000000, P, -0.042000, I, 0.000000, D, -1.000000, PID, -0.080000
2011-11-23 16:12:01,806 vel_y, Err, -67.000000, P, -0.067000, I, 0.000000, D, 0.000000, PID, -0.067000
2011-11-23 16:12:01,856 vel_x, Err, -46.000000, P, -0.046000, I, 0.000000, D, -1.000000, PID, -0.080000
2011-11-23 16:12:01,857 vel_y, Err, -59.000000, P, -0.059000, I, 0.000000, D, 0.000000, PID, -0.059000
2011-11-23 16:12:01,931 vel_x, Err, -51.000000, P, -0.051000, I, 0.000000, D, -1.000000, PID, -0.080000
2011-11-23 16:12:01,931 vel_y, Err, -44.000000, P, -0.044000, I, 0.000000, D, 0.000000, PID, -0.044000
2011-11-23 16:12:01,978 vel_x, Err, -51.000000, P, -0.051000, I, 0.000000, D, 0.000000, PID, -0.051000
2011-11-23 16:12:01,978 vel_y, Err, -44.000000, P, -0.044000, I, 0.000000, D, 0.000000, PID, -0.044000
2011-11-23 16:12:02,028 vel_x, Err, -51.000000, P, -0.051000, I, 0.000000, D, 0.000000, PID, -0.051000
2011-11-23 16:12:02,028 vel_y, Err, -44.000000, P, -0.044000, I, 0.000000, D, 0.000000, PID, -0.044000
